<?xml version="1.0" encoding="utf-8"?>
<TestRun id="0a561a5b-e666-4ddc-9018-63753492d606" name="@pkrvm7jw40e0xgp 2025-09-08 16:30:37" xmlns="http://microsoft.com/schemas/VisualStudio/TeamTest/2010">
  <Times creation="2025-09-08T16:30:37.9383032+00:00" queuing="2025-09-08T16:30:37.9383033+00:00" start="2025-09-08T16:30:30.7708874+00:00" finish="2025-09-08T16:30:47.9869388+00:00" />
  <TestSettings name="default" id="6e1ccd89-677b-4e13-bef8-4cb4ef6f0877">
    <Deployment runDeploymentRoot="_pkrvm7jw40e0xgp_2025-09-08_16_30_37" />
  </TestSettings>
  <Results>
    <UnitTestResult executionId="a42fa759-faf9-4c6a-8c7d-c7f0078955c0" testId="83b8c96b-3fa1-572a-7746-d3bf54dbac19" testName="ErrorMessages.TailCall Attribute.Don't warn for rec call of async func that evaluates an async parameter in a match!" computerName="pkrvm7jw40e0xgp" duration="00:00:00.5500783" startTime="2025-09-08T16:30:43.3183416+00:00" endTime="2025-09-08T16:30:43.3183417+00:00" testType="13cdc9d9-ddb5-4fa4-a97d-d965ccfc6d4b" outcome="Passed" testListId="8c84fa94-04c1-424b-9868-57a2d4851a1d" relativeResultsDirectory="a42fa759-faf9-4c6a-8c7d-c7f0078955c0" />
    <UnitTestResult executionId="a658b576-112e-4359-a46d-57d77897ec7c" testId="9c4d88f2-5398-cea6-edd8-c6ab4ab7f4d8" testName="ErrorMessages.TailCall Attribute.Warn successfully for invalid tailcalls in type methods" computerName="pkrvm7jw40e0xgp" duration="00:00:00.4618634" startTime="2025-09-08T16:30:45.7582908+00:00" endTime="2025-09-08T16:30:45.7582909+00:00" testType="13cdc9d9-ddb5-4fa4-a97d-d965ccfc6d4b" outcome="Passed" testListId="8c84fa94-04c1-424b-9868-57a2d4851a1d" relativeResultsDirectory="a658b576-112e-4359-a46d-57d77897ec7c" />
    <UnitTestResult executionId="a0c889b7-1a0c-47c0-aafc-fb3935b5e975" testId="a488c302-a557-f198-7708-f35c9fbf743a" testName="ErrorMessages.TailCall Attribute.Don't warn for Continuation Passing Style func using [&lt;TailCall&gt;] func in list of continuations" computerName="pkrvm7jw40e0xgp" duration="00:00:00.6737761" startTime="2025-09-08T16:30:40.8586712+00:00" endTime="2025-09-08T16:30:40.8586714+00:00" testType="13cdc9d9-ddb5-4fa4-a97d-d965ccfc6d4b" outcome="Passed" testListId="8c84fa94-04c1-424b-9868-57a2d4851a1d" relativeResultsDirectory="a0c889b7-1a0c-47c0-aafc-fb3935b5e975" />
    <UnitTestResult executionId="da3593c2-8712-450c-a762-488c17dfd1bd" testId="ba20cc8f-924c-0e38-9b24-6bc7603451d8" testName="ErrorMessages.TailCall Attribute.Warn successfully for mutually recursive functions" computerName="pkrvm7jw40e0xgp" duration="00:00:05.5067532" startTime="2025-09-08T16:30:37.8982385+00:00" endTime="2025-09-08T16:30:37.8982386+00:00" testType="13cdc9d9-ddb5-4fa4-a97d-d965ccfc6d4b" outcome="Passed" testListId="8c84fa94-04c1-424b-9868-57a2d4851a1d" relativeResultsDirectory="da3593c2-8712-450c-a762-488c17dfd1bd" />
    <UnitTestResult executionId="f37feafb-8564-450d-babe-44bc2d5bdc21" testId="a8c7e659-e0da-7101-783b-78f4ac1e7030" testName="EmittedIL.SeqExpressionTailCalls.SeqExpressionTailCalls01_fs(compilation: File: SeqExpressionTailCalls01.fs)" computerName="pkrvm7jw40e0xgp" duration="00:00:00.4829118" startTime="2025-09-08T16:30:46.4942069+00:00" endTime="2025-09-08T16:30:46.4942070+00:00" testType="13cdc9d9-ddb5-4fa4-a97d-d965ccfc6d4b" outcome="Passed" testListId="8c84fa94-04c1-424b-9868-57a2d4851a1d" relativeResultsDirectory="f37feafb-8564-450d-babe-44bc2d5bdc21" />
    <UnitTestResult executionId="cefa0bd1-bfee-4628-b85b-abe1337cfc35" testId="df31f642-eca7-7748-8275-a5785161f781" testName="ErrorMessages.TailCall Attribute.Warn for invalid tailcalls in async expression" computerName="pkrvm7jw40e0xgp" duration="00:00:05.5067459" startTime="2025-09-08T16:30:37.8942632+00:00" endTime="2025-09-08T16:30:37.8942828+00:00" testType="13cdc9d9-ddb5-4fa4-a97d-d965ccfc6d4b" outcome="Passed" testListId="8c84fa94-04c1-424b-9868-57a2d4851a1d" relativeResultsDirectory="cefa0bd1-bfee-4628-b85b-abe1337cfc35" />
    <UnitTestResult executionId="a17829f7-e8b5-45d2-9a34-2d09206bef68" testId="1c03aa5d-6495-51df-b2f0-66c0b6926ee7" testName="ErrorMessages.TailCall Attribute.Don't warn for valid tailcall and bind from toplevel" computerName="pkrvm7jw40e0xgp" duration="00:00:00.4781301" startTime="2025-09-08T16:30:41.3347650+00:00" endTime="2025-09-08T16:30:41.3347652+00:00" testType="13cdc9d9-ddb5-4fa4-a97d-d965ccfc6d4b" outcome="Passed" testListId="8c84fa94-04c1-424b-9868-57a2d4851a1d" relativeResultsDirectory="a17829f7-e8b5-45d2-9a34-2d09206bef68" />
    <UnitTestResult executionId="2c4ac2eb-c7d8-49ef-b1c3-3c2949982bb5" testId="3a7fde04-42f0-fa25-7865-508c94836168" testName="ErrorMessages.TailCall Attribute.Don't warn for valid tailcall in type method" computerName="pkrvm7jw40e0xgp" duration="00:00:00.5102057" startTime="2025-09-08T16:30:42.0133581+00:00" endTime="2025-09-08T16:30:42.0133582+00:00" testType="13cdc9d9-ddb5-4fa4-a97d-d965ccfc6d4b" outcome="Passed" testListId="8c84fa94-04c1-424b-9868-57a2d4851a1d" relativeResultsDirectory="2c4ac2eb-c7d8-49ef-b1c3-3c2949982bb5" />
    <UnitTestResult executionId="328077d7-46eb-47c9-81d8-9ea13233d47f" testId="863996a8-6010-4f52-eca3-9f3c18ff4144" testName="ErrorMessages.TailCall Attribute.Error about attribute on non-recursive let-bound value" computerName="pkrvm7jw40e0xgp" duration="00:00:00.5477370" startTime="2025-09-08T16:30:43.5647743+00:00" endTime="2025-09-08T16:30:43.5647744+00:00" testType="13cdc9d9-ddb5-4fa4-a97d-d965ccfc6d4b" outcome="Passed" testListId="8c84fa94-04c1-424b-9868-57a2d4851a1d" relativeResultsDirectory="328077d7-46eb-47c9-81d8-9ea13233d47f" />
    <UnitTestResult executionId="a6e6f027-c0db-4f5a-b950-5e906a1d0abe" testId="77564a1d-c2b6-3f9e-f2da-e91f0ad63472" testName="ErrorMessages.TailCall Attribute.Warn for yield! call of rec func in list comprehension" computerName="pkrvm7jw40e0xgp" duration="00:00:00.6620671" startTime="2025-09-08T16:30:41.9729458+00:00" endTime="2025-09-08T16:30:41.9729460+00:00" testType="13cdc9d9-ddb5-4fa4-a97d-d965ccfc6d4b" outcome="Passed" testListId="8c84fa94-04c1-424b-9868-57a2d4851a1d" relativeResultsDirectory="a6e6f027-c0db-4f5a-b950-5e906a1d0abe" />
    <UnitTestResult executionId="21f7eae2-e27b-4d2b-9944-5719f1dfd161" testId="c8943d3d-3c07-5abb-0588-a975d682c4ef" testName="ErrorMessages.TailCall Attribute.Don't warn for Continuation Passing Style func not using [&lt;TailCall&gt;] func in continuation lambda" computerName="pkrvm7jw40e0xgp" duration="00:00:00.6060151" startTime="2025-09-08T16:30:47.6448634+00:00" endTime="2025-09-08T16:30:47.6448635+00:00" testType="13cdc9d9-ddb5-4fa4-a97d-d965ccfc6d4b" outcome="Passed" testListId="8c84fa94-04c1-424b-9868-57a2d4851a1d" relativeResultsDirectory="21f7eae2-e27b-4d2b-9944-5719f1dfd161" />
    <UnitTestResult executionId="ce08ad09-f0d4-435f-8dcc-84ef9de3f631" testId="9d1080cb-5c7a-e027-4f9e-1097da80a7ca" testName="ErrorMessages.TailCall Attribute.Don't warn for Continuation Passing Style func using [&lt;TailCall&gt;] func in continuation lambda" computerName="pkrvm7jw40e0xgp" duration="00:00:01.2863566" startTime="2025-09-08T16:30:39.9500764+00:00" endTime="2025-09-08T16:30:39.9500765+00:00" testType="13cdc9d9-ddb5-4fa4-a97d-d965ccfc6d4b" outcome="Passed" testListId="8c84fa94-04c1-424b-9868-57a2d4851a1d" relativeResultsDirectory="ce08ad09-f0d4-435f-8dcc-84ef9de3f631" />
    <UnitTestResult executionId="5f9aa631-3474-4cde-9ece-33188a2b04ec" testId="96af492f-10db-9ba2-a1e1-2d4d8581da64" testName="ErrorMessages.TailCall Attribute.Warn for invalid calls in inner bindings of conditional" computerName="pkrvm7jw40e0xgp" duration="00:00:00.4790826" startTime="2025-09-08T16:30:46.8524410+00:00" endTime="2025-09-08T16:30:46.8524411+00:00" testType="13cdc9d9-ddb5-4fa4-a97d-d965ccfc6d4b" outcome="Passed" testListId="8c84fa94-04c1-424b-9868-57a2d4851a1d" relativeResultsDirectory="5f9aa631-3474-4cde-9ece-33188a2b04ec" />
    <UnitTestResult executionId="a249a273-7490-4a9e-8942-8f07dde585c5" testId="8b5474b1-f126-820a-423d-0e1d55afea17" testName="ErrorMessages.TailCall Attribute.Warn for simple rec call in try-with" computerName="pkrvm7jw40e0xgp" duration="00:00:00.4940154" startTime="2025-09-08T16:30:39.1208300+00:00" endTime="2025-09-08T16:30:39.1208302+00:00" testType="13cdc9d9-ddb5-4fa4-a97d-d965ccfc6d4b" outcome="Passed" testListId="8c84fa94-04c1-424b-9868-57a2d4851a1d" relativeResultsDirectory="a249a273-7490-4a9e-8942-8f07dde585c5" />
    <UnitTestResult executionId="cc97b3d8-c78d-4934-9b85-72b6e40bcee2" testId="63797907-9f3e-f622-0188-9330ac7cf14f" testName="ErrorMessages.TailCall Attribute.Error about attribute on recursive let-bound value" computerName="pkrvm7jw40e0xgp" duration="00:00:00.4443551" startTime="2025-09-08T16:30:45.9182629+00:00" endTime="2025-09-08T16:30:45.9182631+00:00" testType="13cdc9d9-ddb5-4fa4-a97d-d965ccfc6d4b" outcome="Passed" testListId="8c84fa94-04c1-424b-9868-57a2d4851a1d" relativeResultsDirectory="cc97b3d8-c78d-4934-9b85-72b6e40bcee2" />
    <UnitTestResult executionId="0f200f13-4c40-4e75-ab5c-5807737ee014" testId="f3e9eb6b-d97d-32da-6246-96a7297071be" testName="ErrorMessages.TailCall Attribute.Warn for rec call in with" computerName="pkrvm7jw40e0xgp" duration="00:00:00.5744597" startTime="2025-09-08T16:30:42.5481058+00:00" endTime="2025-09-08T16:30:42.5481059+00:00" testType="13cdc9d9-ddb5-4fa4-a97d-d965ccfc6d4b" outcome="Passed" testListId="8c84fa94-04c1-424b-9868-57a2d4851a1d" relativeResultsDirectory="0f200f13-4c40-4e75-ab5c-5807737ee014" />
    <UnitTestResult executionId="bf462b8c-cfaa-4539-b471-f3c27ea65d20" testId="312b4f15-fc23-4b9f-8fb4-eb93bace8504" testName="ErrorMessages.TailCall Attribute.Warn about self-defined attribute" computerName="pkrvm7jw40e0xgp" duration="00:00:00.6458374" startTime="2025-09-08T16:30:41.5027925+00:00" endTime="2025-09-08T16:30:41.5027927+00:00" testType="13cdc9d9-ddb5-4fa4-a97d-d965ccfc6d4b" outcome="Passed" testListId="8c84fa94-04c1-424b-9868-57a2d4851a1d" relativeResultsDirectory="bf462b8c-cfaa-4539-b471-f3c27ea65d20" />
    <UnitTestResult executionId="e6a77209-414f-4990-94c2-bf8f24d56e62" testId="c3df20c6-2c01-2dd8-477d-f2c60f4716bc" testName="ErrorMessages.TailCall Attribute.Don't warn for Continuation Passing Style func using [&lt;TailCall&gt;] func in continuation lambda 2" computerName="pkrvm7jw40e0xgp" duration="00:00:02.1652336" startTime="2025-09-08T16:30:45.7416973+00:00" endTime="2025-09-08T16:30:45.7416975+00:00" testType="13cdc9d9-ddb5-4fa4-a97d-d965ccfc6d4b" outcome="Passed" testListId="8c84fa94-04c1-424b-9868-57a2d4851a1d" relativeResultsDirectory="e6a77209-414f-4990-94c2-bf8f24d56e62" />
    <UnitTestResult executionId="1b043538-afe1-47b5-b53c-b275f50a481f" testId="ca884314-c7ec-f91d-ecd3-f6f004bc4c30" testName="Miscellaneous.FsharpSuiteMigrated_CoreTests+CoreControl.control --tailcalls" computerName="pkrvm7jw40e0xgp" duration="00:00:00.0001078" startTime="2025-09-08T16:30:47.8368629+00:00" endTime="2025-09-08T16:30:47.8368629+00:00" testType="13cdc9d9-ddb5-4fa4-a97d-d965ccfc6d4b" outcome="Passed" testListId="8c84fa94-04c1-424b-9868-57a2d4851a1d" relativeResultsDirectory="1b043538-afe1-47b5-b53c-b275f50a481f" />
    <UnitTestResult executionId="99aa32c5-8ce8-4aac-8b20-75b572498dfb" testId="b6083789-3c93-7617-8b00-37951134e792" testName="ErrorMessages.TailCall Attribute.Don't warn for yield! in tail position" computerName="pkrvm7jw40e0xgp" duration="00:00:01.5019433" startTime="2025-09-08T16:30:39.3998610+00:00" endTime="2025-09-08T16:30:39.3998611+00:00" testType="13cdc9d9-ddb5-4fa4-a97d-d965ccfc6d4b" outcome="Passed" testListId="8c84fa94-04c1-424b-9868-57a2d4851a1d" relativeResultsDirectory="99aa32c5-8ce8-4aac-8b20-75b572498dfb" />
    <UnitTestResult executionId="46e9d979-6aa7-46ba-879b-94cbd1beabbe" testId="0e2a5abe-6aec-4037-9e3b-a9de60680a89" testName="ErrorMessages.TailCall Attribute.Warn successfully in match clause" computerName="pkrvm7jw40e0xgp" duration="00:00:00.4241854" startTime="2025-09-08T16:30:39.6547130+00:00" endTime="2025-09-08T16:30:39.6547132+00:00" testType="13cdc9d9-ddb5-4fa4-a97d-d965ccfc6d4b" outcome="Passed" testListId="8c84fa94-04c1-424b-9868-57a2d4851a1d" relativeResultsDirectory="46e9d979-6aa7-46ba-879b-94cbd1beabbe" />
    <UnitTestResult executionId="56688837-8291-4c8b-b9fe-c73b3a29a90f" testId="35032a10-18e8-39e8-8d7c-c0c038f43667" testName="ErrorMessages.TailCall Attribute.Warn successfully in Seq-mapped recursive call" computerName="pkrvm7jw40e0xgp" duration="00:00:00.5932218" startTime="2025-09-08T16:30:45.2960844+00:00" endTime="2025-09-08T16:30:45.2960846+00:00" testType="13cdc9d9-ddb5-4fa4-a97d-d965ccfc6d4b" outcome="Passed" testListId="8c84fa94-04c1-424b-9868-57a2d4851a1d" relativeResultsDirectory="56688837-8291-4c8b-b9fe-c73b3a29a90f" />
    <UnitTestResult executionId="2fa3eb49-f517-4127-8cf8-0df99ada9ef9" testId="2c09e37a-927d-d7c5-9e44-47378c58f2ad" testName="ErrorMessages.TailCall Attribute.Don't warn for tail rec call returning unit" computerName="pkrvm7jw40e0xgp" duration="00:00:00.4121121" startTime="2025-09-08T16:30:42.7674671+00:00" endTime="2025-09-08T16:30:42.7674674+00:00" testType="13cdc9d9-ddb5-4fa4-a97d-d965ccfc6d4b" outcome="Passed" testListId="8c84fa94-04c1-424b-9868-57a2d4851a1d" relativeResultsDirectory="2fa3eb49-f517-4127-8cf8-0df99ada9ef9" />
    <UnitTestResult executionId="12420995-973a-4c67-b629-d5ecd02339d4" testId="d6bfc42f-b1fc-0fa4-7b50-843b01ffab09" testName="EmittedIL.Tail Calls.TailCall 02" computerName="pkrvm7jw40e0xgp" duration="00:00:05.5655321" startTime="2025-09-08T16:30:37.9493733+00:00" endTime="2025-09-08T16:30:37.9493734+00:00" testType="13cdc9d9-ddb5-4fa4-a97d-d965ccfc6d4b" outcome="Passed" testListId="8c84fa94-04c1-424b-9868-57a2d4851a1d" relativeResultsDirectory="12420995-973a-4c67-b629-d5ecd02339d4">
      <Output>
        <StdOut>Determining projects to restore...
  Restored /home/runner/work/fsharp/fsharp/artifacts/Temp/d1f29c8c-1181-4fbc-b611-b8f893cb95dc.tmp/ProjectFile.fsproj (in 80 ms).
/usr/share/dotnet/sdk/10.0.100-rc.1.25411.109/Sdks/Microsoft.NET.Sdk/targets/Microsoft.NET.RuntimeIdentifierInference.targets(345,5): message NETSDK1057: You are using a preview version of .NET. See: https://aka.ms/dotnet-support-policy [/home/runner/work/fsharp/fsharp/artifacts/Temp/d1f29c8c-1181-4fbc-b611-b8f893cb95dc.tmp/ProjectFile.fsproj]
  ProjectFile -&gt; /home/runner/work/fsharp/fsharp/artifacts/Temp/d1f29c8c-1181-4fbc-b611-b8f893cb95dc.tmp/bin/Debug/net10.0/ProjectFile.dll

Build succeeded.
    0 Warning(s)
    0 Error(s)

Time Elapsed 00:00:02.51</StdOut>
      </Output>
    </UnitTestResult>
    <UnitTestResult executionId="ea18f868-b66a-4666-b69d-f41ce6c7044d" testId="9ceac089-94de-347f-4eaa-3a55ad47cc03" testName="EmittedIL.Tail Calls.TailCall 05" computerName="pkrvm7jw40e0xgp" duration="00:00:00.4218766" startTime="2025-09-08T16:30:45.4048562+00:00" endTime="2025-09-08T16:30:45.4048563+00:00" testType="13cdc9d9-ddb5-4fa4-a97d-d965ccfc6d4b" outcome="Passed" testListId="8c84fa94-04c1-424b-9868-57a2d4851a1d" relativeResultsDirectory="ea18f868-b66a-4666-b69d-f41ce6c7044d" />
    <UnitTestResult executionId="1103e06a-7abd-41ec-98ab-d21619013ca7" testId="28b0353f-c18c-2199-83de-907e465b3f48" testName="ErrorMessages.TailCall Attribute.Warn for rec call in use scope" computerName="pkrvm7jw40e0xgp" duration="00:00:00.4522471" startTime="2025-09-08T16:30:39.2273993+00:00" endTime="2025-09-08T16:30:39.2273996+00:00" testType="13cdc9d9-ddb5-4fa4-a97d-d965ccfc6d4b" outcome="Passed" testListId="8c84fa94-04c1-424b-9868-57a2d4851a1d" relativeResultsDirectory="1103e06a-7abd-41ec-98ab-d21619013ca7" />
    <UnitTestResult executionId="3447531f-23b8-49ea-9201-179a19e2869f" testId="490839eb-f81d-260a-e018-5a4e5b86ec44" testName="EmittedIL.Tail Calls.TailCall 03" computerName="pkrvm7jw40e0xgp" duration="00:00:00.5370991" startTime="2025-09-08T16:30:43.5735597+00:00" endTime="2025-09-08T16:30:43.5735598+00:00" testType="13cdc9d9-ddb5-4fa4-a97d-d965ccfc6d4b" outcome="Passed" testListId="8c84fa94-04c1-424b-9868-57a2d4851a1d" relativeResultsDirectory="3447531f-23b8-49ea-9201-179a19e2869f" />
    <UnitTestResult executionId="2d017ab7-bcc1-4711-bfd5-5756ee1a17cc" testId="3ed65555-60a4-25bd-233c-bd791c859438" testName="ErrorMessages.TailCall Attribute.Warn for return! rec call in task" computerName="pkrvm7jw40e0xgp" duration="00:00:00.6582731" startTime="2025-09-08T16:30:41.3103074+00:00" endTime="2025-09-08T16:30:41.3103076+00:00" testType="13cdc9d9-ddb5-4fa4-a97d-d965ccfc6d4b" outcome="Passed" testListId="8c84fa94-04c1-424b-9868-57a2d4851a1d" relativeResultsDirectory="2d017ab7-bcc1-4711-bfd5-5756ee1a17cc" />
    <UnitTestResult executionId="dfc5eba4-6014-4a90-93f8-750c4c363126" testId="74787e1c-a6dc-f8e0-95c0-dc04ac0ba63b" testName="ErrorMessages.TailCall Attribute.Don't warn for piped arg in tailrec call" computerName="pkrvm7jw40e0xgp" duration="00:00:00.5129473" startTime="2025-09-08T16:30:42.3516745+00:00" endTime="2025-09-08T16:30:42.3516748+00:00" testType="13cdc9d9-ddb5-4fa4-a97d-d965ccfc6d4b" outcome="Passed" testListId="8c84fa94-04c1-424b-9868-57a2d4851a1d" relativeResultsDirectory="dfc5eba4-6014-4a90-93f8-750c4c363126" />
    <UnitTestResult executionId="837e4c81-200a-46da-aa6c-0b02ca17eceb" testId="e199018e-8b93-1d1b-3b7f-c78e1434cdfe" testName="Diagnostics.General.General - W_Keyword_tailcall01_fs - --test:ErrorRanges(compilation: W_Keyword_tailcall01.fs)" computerName="pkrvm7jw40e0xgp" duration="00:00:00.4516185" startTime="2025-09-08T16:30:47.8362486+00:00" endTime="2025-09-08T16:30:47.8362489+00:00" testType="13cdc9d9-ddb5-4fa4-a97d-d965ccfc6d4b" outcome="Passed" testListId="8c84fa94-04c1-424b-9868-57a2d4851a1d" relativeResultsDirectory="837e4c81-200a-46da-aa6c-0b02ca17eceb" />
    <UnitTestResult executionId="d22f7edf-5186-4d00-85cc-980b4f80c64a" testId="66a9b9d6-913f-de04-1d95-0e4e249b1d4b" testName="ErrorMessages.TailCall Attribute.Warn for rec call inside of match lambda with closure over local function using pipe" computerName="pkrvm7jw40e0xgp" duration="00:00:00.7654198" startTime="2025-09-08T16:30:38.6633933+00:00" endTime="2025-09-08T16:30:38.6633936+00:00" testType="13cdc9d9-ddb5-4fa4-a97d-d965ccfc6d4b" outcome="Passed" testListId="8c84fa94-04c1-424b-9868-57a2d4851a1d" relativeResultsDirectory="d22f7edf-5186-4d00-85cc-980b4f80c64a" />
    <UnitTestResult executionId="0b0a3fa6-ec24-48c3-9d35-f36bdbe098e1" testId="f5841a4f-a406-8d2b-29a5-2ee549a0e3a4" testName="ErrorMessages.TailCall Attribute.Warn for byref parameters" computerName="pkrvm7jw40e0xgp" duration="00:00:00.5437522" startTime="2025-09-08T16:30:47.0382904+00:00" endTime="2025-09-08T16:30:47.0382905+00:00" testType="13cdc9d9-ddb5-4fa4-a97d-d965ccfc6d4b" outcome="Passed" testListId="8c84fa94-04c1-424b-9868-57a2d4851a1d" relativeResultsDirectory="0b0a3fa6-ec24-48c3-9d35-f36bdbe098e1" />
    <UnitTestResult executionId="03eccb52-02c8-4428-a4ff-23d6cb93bb78" testId="14b20b06-8647-c2cb-2119-7f1cee370edd" testName="ErrorMessages.TailCall Attribute.Don't warn for ColonColon as arg of valid tail call" computerName="pkrvm7jw40e0xgp" duration="00:00:00.4439949" startTime="2025-09-08T16:30:44.0093913+00:00" endTime="2025-09-08T16:30:44.0093914+00:00" testType="13cdc9d9-ddb5-4fa4-a97d-d965ccfc6d4b" outcome="Passed" testListId="8c84fa94-04c1-424b-9868-57a2d4851a1d" relativeResultsDirectory="03eccb52-02c8-4428-a4ff-23d6cb93bb78" />
    <UnitTestResult executionId="2b219ac6-e8bf-4c9f-a7ee-0c2f16a363e2" testId="87cab25a-feea-c1f9-6da4-c355df8b11b3" testName="ErrorMessages.TailCall Attribute.Warn for rec call inside of match lambda with closure over local function" computerName="pkrvm7jw40e0xgp" duration="00:00:00.5087092" startTime="2025-09-08T16:30:43.0569681+00:00" endTime="2025-09-08T16:30:43.0569683+00:00" testType="13cdc9d9-ddb5-4fa4-a97d-d965ccfc6d4b" outcome="Passed" testListId="8c84fa94-04c1-424b-9868-57a2d4851a1d" relativeResultsDirectory="2b219ac6-e8bf-4c9f-a7ee-0c2f16a363e2" />
    <UnitTestResult executionId="4f913fba-f94a-4255-a333-0ea120064c7d" testId="3c7ec6d4-5327-f710-0cf7-ad9e5d66c0b5" testName="EmittedIL.Tail Calls.TailCall 04" computerName="pkrvm7jw40e0xgp" duration="00:00:00.4430816" startTime="2025-09-08T16:30:40.8090690+00:00" endTime="2025-09-08T16:30:40.8090691+00:00" testType="13cdc9d9-ddb5-4fa4-a97d-d965ccfc6d4b" outcome="Passed" testListId="8c84fa94-04c1-424b-9868-57a2d4851a1d" relativeResultsDirectory="4f913fba-f94a-4255-a333-0ea120064c7d" />
    <UnitTestResult executionId="efd67bf4-371a-48a4-ae5b-c282c968253b" testId="46cf0cb0-ade9-d851-e055-58017491a678" testName="ErrorMessages.TailCall Attribute.Warn for non tail-rec traversal with List.collect" computerName="pkrvm7jw40e0xgp" duration="00:00:00.6590914" startTime="2025-09-08T16:30:41.9943666+00:00" endTime="2025-09-08T16:30:41.9943668+00:00" testType="13cdc9d9-ddb5-4fa4-a97d-d965ccfc6d4b" outcome="Passed" testListId="8c84fa94-04c1-424b-9868-57a2d4851a1d" relativeResultsDirectory="efd67bf4-371a-48a4-ae5b-c282c968253b" />
    <UnitTestResult executionId="07c9666a-3f35-47da-b807-f501900f6105" testId="6aa64bf0-69e4-57ea-313d-22ee1fb4a813" testName="ErrorMessages.TailCall Attribute.Don't warn for valid tailcalls in rec module" computerName="pkrvm7jw40e0xgp" duration="00:00:00.5355677" startTime="2025-09-08T16:30:47.4366597+00:00" endTime="2025-09-08T16:30:47.4366598+00:00" testType="13cdc9d9-ddb5-4fa4-a97d-d965ccfc6d4b" outcome="Passed" testListId="8c84fa94-04c1-424b-9868-57a2d4851a1d" relativeResultsDirectory="07c9666a-3f35-47da-b807-f501900f6105" />
    <UnitTestResult executionId="4cc09cd1-727e-41eb-a44c-a20b8b7f4451" testId="0185c0df-c520-b94b-6c8c-b3513a2df4d5" testName="ErrorMessages.TailCall Attribute.Don't warn for rec call of async func that evaluates an async parameter in a let!" computerName="pkrvm7jw40e0xgp" duration="00:00:00.4543889" startTime="2025-09-08T16:30:46.3730356+00:00" endTime="2025-09-08T16:30:46.3730357+00:00" testType="13cdc9d9-ddb5-4fa4-a97d-d965ccfc6d4b" outcome="Passed" testListId="8c84fa94-04c1-424b-9868-57a2d4851a1d" relativeResultsDirectory="4cc09cd1-727e-41eb-a44c-a20b8b7f4451" />
    <UnitTestResult executionId="3a270ac3-439a-42ab-bc28-58628fcfa3e2" testId="97ba0c19-25d4-24f5-b9b9-0084d1150343" testName="Miscellaneous.FsharpSuiteMigrated_CoreTests.controlMailbox --tailcalls" computerName="pkrvm7jw40e0xgp" duration="00:00:00.0683579" startTime="2025-09-08T16:30:45.4735089+00:00" endTime="2025-09-08T16:30:45.4735091+00:00" testType="13cdc9d9-ddb5-4fa4-a97d-d965ccfc6d4b" outcome="Passed" testListId="8c84fa94-04c1-424b-9868-57a2d4851a1d" relativeResultsDirectory="3a270ac3-439a-42ab-bc28-58628fcfa3e2" />
    <UnitTestResult executionId="e9c2f435-5e1d-465e-b4e6-728eb21d1836" testId="563d248c-94d0-7002-73a0-96fa515831a3" testName="EmittedIL.Tail Calls.TailCall 06 - No tail call with pinned locals" computerName="pkrvm7jw40e0xgp" duration="00:00:00.4554844" startTime="2025-09-08T16:30:40.6894330+00:00" endTime="2025-09-08T16:30:40.6894332+00:00" testType="13cdc9d9-ddb5-4fa4-a97d-d965ccfc6d4b" outcome="Failed" testListId="8c84fa94-04c1-424b-9868-57a2d4851a1d" relativeResultsDirectory="e9c2f435-5e1d-465e-b4e6-728eb21d1836">
      <Output>
        <ErrorInfo>
          <Message>
==
Name: '.method public static void  run() cil managed'

Expected:	 IL_0040:  ldc.i4.s   42
Actual:		 IL_0000:  ldc.i4.3
==

==
Name: '.method public static void  run() cil managed'

Expected:	 IL_0042:  ldc.i4.5
Actual:		 IL_0001:  newarr     [runtime]System.Int32
==

==
Name: '.method public static void  run() cil managed'

Expected:	 IL_0043:  call       void TailCall06::foo&lt;int32&gt;(int32,
Actual:		 IL_0006:  dup
==

==
Name: '.method public static void  run() cil managed'

Expected:	 !!0)
Actual:		 IL_0007:  ldc.i4.0
==

\Expected:
.method public static void  run() cil managed
  {

    .maxstack  6
    .locals init (native int V_0,
             int32[] V_1,
             int32&amp; pinned V_2)
    IL_0040:  ldc.i4.s   42
    IL_0042:  ldc.i4.5
    IL_0043:  call       void TailCall06::foo&lt;int32&gt;(int32,
                                                     !!0)



Actual:
.method public static void  run() cil managed
  {
    
    .maxstack  6
    .locals init (native int V_0,
             int32[] V_1,
             int32&amp; pinned V_2)
    IL_0000:  ldc.i4.3
    IL_0001:  newarr     [runtime]System.Int32
    IL_0006:  dup
    IL_0007:  ldc.i4.0


Entire actual:





.assembly extern runtime { }
.assembly extern FSharp.Core { }
.assembly 'assembly'
{
  .custom instance void [FSharp.Core]Microsoft.FSharp.Core.FSharpInterfaceDataVersionAttribute::.ctor(int32,
                                                                                                      int32,
                                                                                                      int32) = ( 01 00 02 00 00 00 00 00 00 00 00 00 00 00 00 00 ) 

  
  

  .hash algorithm 0x00008004
  .ver 0:0:0:0
}
.module 'assembly.dll'

.imagebase {value}
.file alignment 0x00000200
.stackreserve 0x00100000
.subsystem 0x0003       
.corflags 0x00000001    





.class public abstract auto ansi sealed TailCall06
       extends [runtime]System.Object
{
  .custom instance void [FSharp.Core]Microsoft.FSharp.Core.CompilationMappingAttribute::.ctor(valuetype [FSharp.Core]Microsoft.FSharp.Core.SourceConstructFlags) = ( 01 00 07 00 00 00 00 00 ) 
  .method public static void  foo&lt;a&gt;(int32 x,
                                     !!a y) cil managed
  {
    
    .maxstack  8
    IL_0000:  ldstr      "%d"
    IL_0005:  newobj     instance void class [FSharp.Core]Microsoft.FSharp.Core.PrintfFormat`5&lt;class [FSharp.Core]Microsoft.FSharp.Core.FSharpFunc`2&lt;int32,class [FSharp.Core]Microsoft.FSharp.Core.Unit&gt;,class [runtime]System.IO.TextWriter,class [FSharp.Core]Microsoft.FSharp.Core.Unit,class [FSharp.Core]Microsoft.FSharp.Core.Unit,int32&gt;::.ctor(string)
    IL_000a:  call       !!0 [FSharp.Core]Microsoft.FSharp.Core.ExtraTopLevelOperators::PrintFormatLine&lt;class [FSharp.Core]Microsoft.FSharp.Core.FSharpFunc`2&lt;int32,class [FSharp.Core]Microsoft.FSharp.Core.Unit&gt;&gt;(class [FSharp.Core]Microsoft.FSharp.Core.PrintfFormat`4&lt;!!0,class [runtime]System.IO.TextWriter,class [FSharp.Core]Microsoft.FSharp.Core.Unit,class [FSharp.Core]Microsoft.FSharp.Core.Unit&gt;)
    IL_000f:  ldarg.0
    IL_0010:  callvirt   instance !1 class [FSharp.Core]Microsoft.FSharp.Core.FSharpFunc`2&lt;int32,class [FSharp.Core]Microsoft.FSharp.Core.Unit&gt;::Invoke(!0)
    IL_0015:  pop
    IL_0016:  ret
  } 

  .method public static void  run() cil managed
  {
    
    .maxstack  6
    .locals init (native int V_0,
             int32[] V_1,
             int32&amp; pinned V_2)
    IL_0000:  ldc.i4.3
    IL_0001:  newarr     [runtime]System.Int32
    IL_0006:  dup
    IL_0007:  ldc.i4.0
    IL_0008:  ldc.i4.1
    IL_0009:  stelem     [runtime]System.Int32
    IL_000e:  dup
    IL_000f:  ldc.i4.1
    IL_0010:  ldc.i4.2
    IL_0011:  stelem     [runtime]System.Int32
    IL_0016:  dup
    IL_0017:  ldc.i4.2
    IL_0018:  ldc.i4.3
    IL_0019:  stelem     [runtime]System.Int32
    IL_001e:  stloc.1
    IL_001f:  ldloc.1
    IL_0020:  brfalse.s  IL_003c

    IL_0022:  ldloc.1
    IL_0023:  call       int32 [FSharp.Core]Microsoft.FSharp.Collections.ArrayModule::Length&lt;int32&gt;(!!0[])
    IL_0028:  brfalse.s  IL_0037

    IL_002a:  ldloc.1
    IL_002b:  ldc.i4.0
    IL_002c:  ldelema    [runtime]System.Int32
    IL_0031:  stloc.2
    IL_0032:  ldloc.2
    IL_0033:  conv.i
    IL_0034:  nop
    IL_0035:  br.s       IL_003f

    IL_0037:  ldc.i4.0
    IL_0038:  conv.i
    IL_0039:  nop
    IL_003a:  br.s       IL_003f

    IL_003c:  ldc.i4.0
    IL_003d:  conv.i
    IL_003e:  nop
    IL_003f:  stloc.0
    IL_0040:  ldc.i4.s   42
    IL_0042:  ldc.i4.5
    IL_0043:  tail.
    IL_0045:  call       void TailCall06::foo&lt;int32&gt;(int32,
                                                     !!0)
    IL_004a:  ret
  } 

} 

.class private abstract auto ansi sealed '&lt;StartupCode$assembly&gt;'.$TailCall06
       extends [runtime]System.Object
{
} 





</Message>
          <StackTrace>   at FSharp.Test.ILChecker.checkILAux(IEnumerable`1 ildasmArgs, String dllFilePath, FSharpList`1 expectedIL) in /home/runner/work/fsharp/fsharp/tests/FSharp.Test.Utilities/ILChecker.fs:line 184
   at FSharp.Test.ILChecker.checkIL(String dllFilePath, FSharpList`1 expectedIL) in /home/runner/work/fsharp/fsharp/tests/FSharp.Test.Utilities/ILChecker.fs:line 192
   at FSharp.Test.Compiler.verifyIL@1374.Invoke(String dllFilePath, FSharpList`1 expectedIL)
   at EmittedIL.Tail Calls.TailCall 06 - No tail call with pinned locals() in /home/runner/work/fsharp/fsharp/tests/FSharp.Compiler.ComponentTests/EmittedIL/TailCalls.fs:line 249
   at System.Reflection.MethodBaseInvoker.InterpretedInvoke_Method(Object obj, IntPtr* args)
   at System.Reflection.RuntimeMethodInfo.Invoke(Object obj, BindingFlags invokeAttr, Binder binder, Object[] parameters, CultureInfo culture)</StackTrace>
        </ErrorInfo>
      </Output>
    </UnitTestResult>
    <UnitTestResult executionId="9aaa4d28-c193-4997-b0bc-2f6646c71b2b" testId="9227f6b3-8770-21c7-d697-1c364495ba39" testName="ErrorMessages.TailCall Attribute.Warn for invalid tailcalls in seq expression because of pipe" computerName="pkrvm7jw40e0xgp" duration="00:00:00.5059900" startTime="2025-09-08T16:30:43.8250143+00:00" endTime="2025-09-08T16:30:43.8250144+00:00" testType="13cdc9d9-ddb5-4fa4-a97d-d965ccfc6d4b" outcome="Passed" testListId="8c84fa94-04c1-424b-9868-57a2d4851a1d" relativeResultsDirectory="9aaa4d28-c193-4997-b0bc-2f6646c71b2b" />
    <UnitTestResult executionId="9bed360b-819c-4f58-b3c8-13c8c64b973c" testId="08521184-6ca6-32ac-9bb5-c3a868b77833" testName="ErrorMessages.TailCall Attribute.Warn for yield! call of rec func in custom CE" computerName="pkrvm7jw40e0xgp" duration="00:00:00.7805318" startTime="2025-09-08T16:30:40.1845465+00:00" endTime="2025-09-08T16:30:40.1845466+00:00" testType="13cdc9d9-ddb5-4fa4-a97d-d965ccfc6d4b" outcome="Passed" testListId="8c84fa94-04c1-424b-9868-57a2d4851a1d" relativeResultsDirectory="9bed360b-819c-4f58-b3c8-13c8c64b973c" />
    <UnitTestResult executionId="ab503526-b583-4f3f-86aa-ca3e98e5e56a" testId="78b9ea4d-0937-bee7-2f47-d031f38515a9" testName="EmittedIL.SeqExpressionTailCalls.SeqExpressionTailCalls02_fs(compilation: File: SeqExpressionTailCalls02.fs)" computerName="pkrvm7jw40e0xgp" duration="00:00:00.8766061" startTime="2025-09-08T16:30:38.7745113+00:00" endTime="2025-09-08T16:30:38.7745116+00:00" testType="13cdc9d9-ddb5-4fa4-a97d-d965ccfc6d4b" outcome="Passed" testListId="8c84fa94-04c1-424b-9868-57a2d4851a1d" relativeResultsDirectory="ab503526-b583-4f3f-86aa-ca3e98e5e56a" />
    <UnitTestResult executionId="b76e73da-4471-4794-a0b3-1181361aeb1a" testId="bc756d22-cb17-474e-a02f-6ac9397349b9" testName="ErrorMessages.TailCall Attribute.Warn for rec call in match branch in try-with" computerName="pkrvm7jw40e0xgp" duration="00:00:00.4748566" startTime="2025-09-08T16:30:47.7201890+00:00" endTime="2025-09-08T16:30:47.7201890+00:00" testType="13cdc9d9-ddb5-4fa4-a97d-d965ccfc6d4b" outcome="Passed" testListId="8c84fa94-04c1-424b-9868-57a2d4851a1d" relativeResultsDirectory="b76e73da-4471-4794-a0b3-1181361aeb1a" />
    <UnitTestResult executionId="1d56437c-ff0a-4c74-a353-8f692f3d1190" testId="ce99c303-fcf4-2a4d-fba5-cbd3013c9e60" testName="ErrorMessages.TailCall Attribute.Warn for invalid tailcalls in seq expression because of bind" computerName="pkrvm7jw40e0xgp" duration="00:00:00.4972154" startTime="2025-09-08T16:30:44.9857111+00:00" endTime="2025-09-08T16:30:44.9857112+00:00" testType="13cdc9d9-ddb5-4fa4-a97d-d965ccfc6d4b" outcome="Passed" testListId="8c84fa94-04c1-424b-9868-57a2d4851a1d" relativeResultsDirectory="1d56437c-ff0a-4c74-a353-8f692f3d1190" />
    <UnitTestResult executionId="28e9829f-6d08-4d2c-a6cd-f63721fd6054" testId="1de4bd26-bfea-daff-f64f-58e547a36f4d" testName="ErrorMessages.TailCall Attribute.Warn about attribute on non-rec function" computerName="pkrvm7jw40e0xgp" duration="00:00:00.4209459" startTime="2025-09-08T16:30:44.7022124+00:00" endTime="2025-09-08T16:30:44.7022125+00:00" testType="13cdc9d9-ddb5-4fa4-a97d-d965ccfc6d4b" outcome="Passed" testListId="8c84fa94-04c1-424b-9868-57a2d4851a1d" relativeResultsDirectory="28e9829f-6d08-4d2c-a6cd-f63721fd6054" />
    <UnitTestResult executionId="a1e0f694-3610-4ae8-92ec-5b91013abc2c" testId="d4bcd9c7-d440-68c3-1697-84e43275e5d6" testName="EmittedIL.Tail Calls.TailCall 01" computerName="pkrvm7jw40e0xgp" duration="00:00:00.5724315" startTime="2025-09-08T16:30:43.6297187+00:00" endTime="2025-09-08T16:30:43.6297188+00:00" testType="13cdc9d9-ddb5-4fa4-a97d-d965ccfc6d4b" outcome="Passed" testListId="8c84fa94-04c1-424b-9868-57a2d4851a1d" relativeResultsDirectory="a1e0f694-3610-4ae8-92ec-5b91013abc2c" />
    <UnitTestResult executionId="d810f492-b9e3-4a4d-aa10-0b2c1fea06da" testId="9b2e4318-8341-1a24-1481-37078f865ecd" testName="ErrorMessages.TailCall Attribute.Warn successfully in Array-mapped recursive call" computerName="pkrvm7jw40e0xgp" duration="00:00:00.5846684" startTime="2025-09-08T16:30:46.8176965+00:00" endTime="2025-09-08T16:30:46.8176966+00:00" testType="13cdc9d9-ddb5-4fa4-a97d-d965ccfc6d4b" outcome="Passed" testListId="8c84fa94-04c1-424b-9868-57a2d4851a1d" relativeResultsDirectory="d810f492-b9e3-4a4d-aa10-0b2c1fea06da" />
    <UnitTestResult executionId="f57896cd-b806-467a-a345-fa7e004b4eff" testId="f021c821-b4ad-3c0e-1493-f09c51083c1f" testName="ErrorMessages.TailCall Attribute.Warn for return! rec call in async try-with" computerName="pkrvm7jw40e0xgp" duration="00:00:00.4655336" startTime="2025-09-08T16:30:41.2750966+00:00" endTime="2025-09-08T16:30:41.2750967+00:00" testType="13cdc9d9-ddb5-4fa4-a97d-d965ccfc6d4b" outcome="Passed" testListId="8c84fa94-04c1-424b-9868-57a2d4851a1d" relativeResultsDirectory="f57896cd-b806-467a-a345-fa7e004b4eff" />
    <UnitTestResult executionId="30185410-a17b-4585-b8ab-9c3d8112b3e7" testId="b59e9265-347f-efb9-fdff-c8f537b851e3" testName="ErrorMessages.TailCall Attribute.Warn for rec call in if-else branch in try-with" computerName="pkrvm7jw40e0xgp" duration="00:00:00.4891929" startTime="2025-09-08T16:30:46.2312328+00:00" endTime="2025-09-08T16:30:46.2312331+00:00" testType="13cdc9d9-ddb5-4fa4-a97d-d965ccfc6d4b" outcome="Passed" testListId="8c84fa94-04c1-424b-9868-57a2d4851a1d" relativeResultsDirectory="30185410-a17b-4585-b8ab-9c3d8112b3e7" />
    <UnitTestResult executionId="498f8f1b-7abb-4736-bc2b-dc9308f8886c" testId="2bf2829e-ef1b-2848-e0f9-a78af46e018a" testName="Conformance.InferenceProcedures.ByrefSafetyAnalysis.NoTailcallToByrefsWithModReq(compilation: File: NoTailcallToByrefsWithModReq.fs)" computerName="pkrvm7jw40e0xgp" duration="00:00:01.2442564" startTime="2025-09-08T16:30:40.3655326+00:00" endTime="2025-09-08T16:30:40.3655330+00:00" testType="13cdc9d9-ddb5-4fa4-a97d-d965ccfc6d4b" outcome="Passed" testListId="8c84fa94-04c1-424b-9868-57a2d4851a1d" relativeResultsDirectory="498f8f1b-7abb-4736-bc2b-dc9308f8886c" />
    <UnitTestResult executionId="a75c570b-4afd-4c79-84a8-400c1d15114f" testId="c5f08819-1c6e-7a5a-8eec-82cad816f9d9" testName="ErrorMessages.TailCall Attribute.Warn successfully in if-else" computerName="pkrvm7jw40e0xgp" duration="00:00:00.4644034" startTime="2025-09-08T16:30:40.8562498+00:00" endTime="2025-09-08T16:30:40.8562515+00:00" testType="13cdc9d9-ddb5-4fa4-a97d-d965ccfc6d4b" outcome="Passed" testListId="8c84fa94-04c1-424b-9868-57a2d4851a1d" relativeResultsDirectory="a75c570b-4afd-4c79-84a8-400c1d15114f" />
    <UnitTestResult executionId="6ee41b3d-fb80-462e-a717-bb39043a2803" testId="25cca450-bbad-a035-b07c-f3f497c553ae" testName="ErrorMessages.TailCall Attribute.Warn for ColonColon with inner let-bound value to rec call" computerName="pkrvm7jw40e0xgp" duration="00:00:05.0048113" startTime="2025-09-08T16:30:37.8977759+00:00" endTime="2025-09-08T16:30:37.8977760+00:00" testType="13cdc9d9-ddb5-4fa4-a97d-d965ccfc6d4b" outcome="Passed" testListId="8c84fa94-04c1-424b-9868-57a2d4851a1d" relativeResultsDirectory="6ee41b3d-fb80-462e-a717-bb39043a2803" />
    <UnitTestResult executionId="581c8193-b6fc-4298-83f2-24d9428ef865" testId="728d7ca8-43bc-ddff-34b2-91f1cd754afb" testName="ErrorMessages.TailCall Attribute.Warn for rec call in Sequential in use scope" computerName="pkrvm7jw40e0xgp" duration="00:00:00.4382115" startTime="2025-09-08T16:30:44.2637064+00:00" endTime="2025-09-08T16:30:44.2637065+00:00" testType="13cdc9d9-ddb5-4fa4-a97d-d965ccfc6d4b" outcome="Passed" testListId="8c84fa94-04c1-424b-9868-57a2d4851a1d" relativeResultsDirectory="581c8193-b6fc-4298-83f2-24d9428ef865" />
    <UnitTestResult executionId="09e5cd5c-d524-4fba-aa2a-6cad28ca0542" testId="e33b932e-7ed8-e230-2f2e-ad77133fc919" testName="ErrorMessages.TailCall Attribute.Warn successfully for rec call in binding" computerName="pkrvm7jw40e0xgp" duration="00:00:00.5190068" startTime="2025-09-08T16:30:47.3721349+00:00" endTime="2025-09-08T16:30:47.3721349+00:00" testType="13cdc9d9-ddb5-4fa4-a97d-d965ccfc6d4b" outcome="Passed" testListId="8c84fa94-04c1-424b-9868-57a2d4851a1d" relativeResultsDirectory="09e5cd5c-d524-4fba-aa2a-6cad28ca0542" />
    <UnitTestResult executionId="8386831e-679d-42a9-94a5-129f0417f2a4" testId="6873a0f0-b5c7-da2d-08e8-5ddd33d68c53" testName="ErrorMessages.TailCall Attribute.Warn successfully for invalid tailcall in type method" computerName="pkrvm7jw40e0xgp" duration="00:00:00.5619975" startTime="2025-09-08T16:30:41.8380808+00:00" endTime="2025-09-08T16:30:41.8380810+00:00" testType="13cdc9d9-ddb5-4fa4-a97d-d965ccfc6d4b" outcome="Passed" testListId="8c84fa94-04c1-424b-9868-57a2d4851a1d" relativeResultsDirectory="8386831e-679d-42a9-94a5-129f0417f2a4" />
    <UnitTestResult executionId="3186e553-f2af-4d45-9ddf-bfdc27b0b728" testId="3c96ea49-d63f-4775-4f30-b4afa9135777" testName="ErrorMessages.TailCall Attribute.Don't warn for valid tailcalls in seq expression" computerName="pkrvm7jw40e0xgp" duration="00:00:00.5540354" startTime="2025-09-08T16:30:42.5486397+00:00" endTime="2025-09-08T16:30:42.5486398+00:00" testType="13cdc9d9-ddb5-4fa4-a97d-d965ccfc6d4b" outcome="Passed" testListId="8c84fa94-04c1-424b-9868-57a2d4851a1d" relativeResultsDirectory="3186e553-f2af-4d45-9ddf-bfdc27b0b728" />
    <UnitTestResult executionId="6ffea92c-425f-4249-a7e7-5ac91e2fbe94" testId="97711743-a7ba-42fd-80e7-9ad16186aa9b" testName="ErrorMessages.TailCall Attribute.Warn for non tail-rec traversal" computerName="pkrvm7jw40e0xgp" duration="00:00:01.1420110" startTime="2025-09-08T16:30:46.9015430+00:00" endTime="2025-09-08T16:30:46.9015431+00:00" testType="13cdc9d9-ddb5-4fa4-a97d-d965ccfc6d4b" outcome="Passed" testListId="8c84fa94-04c1-424b-9868-57a2d4851a1d" relativeResultsDirectory="6ffea92c-425f-4249-a7e7-5ac91e2fbe94" />
    <UnitTestResult executionId="d017ec8a-f671-4238-9d39-9668a7fd973c" testId="9dcdfaba-85f6-301e-db8b-fe3dfad76cdd" testName="ErrorMessages.TailCall Attribute.Warn for invalid tailcalls in rec module" computerName="pkrvm7jw40e0xgp" duration="00:00:00.4582024" startTime="2025-09-08T16:30:44.7226334+00:00" endTime="2025-09-08T16:30:44.7226334+00:00" testType="13cdc9d9-ddb5-4fa4-a97d-d965ccfc6d4b" outcome="Passed" testListId="8c84fa94-04c1-424b-9868-57a2d4851a1d" relativeResultsDirectory="d017ec8a-f671-4238-9d39-9668a7fd973c" />
    <UnitTestResult executionId="a022131b-ca30-45af-84bd-babcf2e0b114" testId="66c529ba-6845-60f4-70e3-83d366ddea1a" testName="ErrorMessages.TailCall Attribute.Warn for rec call in finally" computerName="pkrvm7jw40e0xgp" duration="00:00:00.4282883" startTime="2025-09-08T16:30:47.2449927+00:00" endTime="2025-09-08T16:30:47.2449928+00:00" testType="13cdc9d9-ddb5-4fa4-a97d-d965ccfc6d4b" outcome="Passed" testListId="8c84fa94-04c1-424b-9868-57a2d4851a1d" relativeResultsDirectory="a022131b-ca30-45af-84bd-babcf2e0b114" />
    <UnitTestResult executionId="d73b0666-ad9a-498f-98c8-4287f5879aca" testId="8b8e01af-b1c3-147b-1ec2-bbc975f83a1c" testName="ErrorMessages.TailCall Attribute.Don't warn for partial application but for calls in map and total applications" computerName="pkrvm7jw40e0xgp" duration="00:00:00.5253476" startTime="2025-09-08T16:30:40.1825124+00:00" endTime="2025-09-08T16:30:40.1825126+00:00" testType="13cdc9d9-ddb5-4fa4-a97d-d965ccfc6d4b" outcome="Passed" testListId="8c84fa94-04c1-424b-9868-57a2d4851a1d" relativeResultsDirectory="d73b0666-ad9a-498f-98c8-4287f5879aca" />
    <UnitTestResult executionId="8a7f94e5-6125-4473-98c5-80358045b974" testId="5205c03c-3fcc-0916-9655-a49dbb17ca19" testName="ErrorMessages.TailCall Attribute.Warn for recursive call in list comprehension" computerName="pkrvm7jw40e0xgp" duration="00:00:00.4410305" startTime="2025-09-08T16:30:40.3914864+00:00" endTime="2025-09-08T16:30:40.3914865+00:00" testType="13cdc9d9-ddb5-4fa4-a97d-d965ccfc6d4b" outcome="Passed" testListId="8c84fa94-04c1-424b-9868-57a2d4851a1d" relativeResultsDirectory="8a7f94e5-6125-4473-98c5-80358045b974" />
    <UnitTestResult executionId="d98fae0a-0850-4c5e-ae57-ce05eefb6519" testId="86da542c-44e3-4178-7671-5682db7e2d3f" testName="ErrorMessages.TailCall Attribute.Warn for calls in for and iter" computerName="pkrvm7jw40e0xgp" duration="00:00:00.6503474" startTime="2025-09-08T16:30:44.2806963+00:00" endTime="2025-09-08T16:30:44.2806964+00:00" testType="13cdc9d9-ddb5-4fa4-a97d-d965ccfc6d4b" outcome="Passed" testListId="8c84fa94-04c1-424b-9868-57a2d4851a1d" relativeResultsDirectory="d98fae0a-0850-4c5e-ae57-ce05eefb6519" />
    <UnitTestResult executionId="47d49127-0247-4fe0-b915-3e91be6c8405" testId="c1f22a72-1aa8-6009-aad2-325916656ed0" testName="ErrorMessages.TailCall Attribute.Warn for rec call in match branch in try-finally" computerName="pkrvm7jw40e0xgp" duration="00:00:00.4674728" startTime="2025-09-08T16:30:43.0163313+00:00" endTime="2025-09-08T16:30:43.0163319+00:00" testType="13cdc9d9-ddb5-4fa4-a97d-d965ccfc6d4b" outcome="Passed" testListId="8c84fa94-04c1-424b-9868-57a2d4851a1d" relativeResultsDirectory="47d49127-0247-4fe0-b915-3e91be6c8405" />
    <UnitTestResult executionId="f3ed8cfa-efda-4fe7-b5f9-7d2635b13b18" testId="b230f545-bbaf-92b0-b7fe-63945bd1860b" testName="ErrorMessages.TailCall Attribute.Don't warn for yield! call of rec func in seq" computerName="pkrvm7jw40e0xgp" duration="00:00:00.6417133" startTime="2025-09-08T16:30:45.3647954+00:00" endTime="2025-09-08T16:30:45.3647955+00:00" testType="13cdc9d9-ddb5-4fa4-a97d-d965ccfc6d4b" outcome="Passed" testListId="8c84fa94-04c1-424b-9868-57a2d4851a1d" relativeResultsDirectory="f3ed8cfa-efda-4fe7-b5f9-7d2635b13b18" />
    <UnitTestResult executionId="4d91b9d7-423e-42ee-b93e-bb176c6601d6" testId="c01a7ee7-e787-0487-2f1b-714865246f8c" testName="ErrorMessages.TailCall Attribute.Warn for ColonColon with rec call" computerName="pkrvm7jw40e0xgp" duration="00:00:00.5289804" startTime="2025-09-08T16:30:42.5427119+00:00" endTime="2025-09-08T16:30:42.5427121+00:00" testType="13cdc9d9-ddb5-4fa4-a97d-d965ccfc6d4b" outcome="Passed" testListId="8c84fa94-04c1-424b-9868-57a2d4851a1d" relativeResultsDirectory="4d91b9d7-423e-42ee-b93e-bb176c6601d6" />
    <UnitTestResult executionId="e74a2647-4095-4de5-91fa-db48a3a2973a" testId="adadfb2c-3c64-4acc-8e42-f0f16ca8f944" testName="ErrorMessages.TailCall Attribute.Don't warn for valid tailcall and bind from nested bind" computerName="pkrvm7jw40e0xgp" duration="00:00:00.4745679" startTime="2025-09-08T16:30:44.4846014+00:00" endTime="2025-09-08T16:30:44.4846015+00:00" testType="13cdc9d9-ddb5-4fa4-a97d-d965ccfc6d4b" outcome="Passed" testListId="8c84fa94-04c1-424b-9868-57a2d4851a1d" relativeResultsDirectory="e74a2647-4095-4de5-91fa-db48a3a2973a" />
    <UnitTestResult executionId="05f550e5-d41b-4622-9a67-fbfc93b68f27" testId="36ebdd16-6dc3-d33b-b8aa-0088d48cc520" testName="ErrorMessages.TailCall Attribute.Don't warn for valid tailcalls in async expression" computerName="pkrvm7jw40e0xgp" duration="00:00:00.6764810" startTime="2025-09-08T16:30:38.6327492+00:00" endTime="2025-09-08T16:30:38.6327494+00:00" testType="13cdc9d9-ddb5-4fa4-a97d-d965ccfc6d4b" outcome="Passed" testListId="8c84fa94-04c1-424b-9868-57a2d4851a1d" relativeResultsDirectory="05f550e5-d41b-4622-9a67-fbfc93b68f27" />
    <UnitTestResult executionId="881b2644-f16e-4c4e-b3b0-78cd5808785d" testId="d9744f19-2f06-c10e-bbad-17727f243253" testName="ErrorMessages.TailCall Attribute.Don't warn for Continuation Passing Style func using [&lt;TailCall&gt;] func in object interface expression" computerName="pkrvm7jw40e0xgp" duration="00:00:00.6453859" startTime="2025-09-08T16:30:46.0105075+00:00" endTime="2025-09-08T16:30:46.0105076+00:00" testType="13cdc9d9-ddb5-4fa4-a97d-d965ccfc6d4b" outcome="Passed" testListId="8c84fa94-04c1-424b-9868-57a2d4851a1d" relativeResultsDirectory="881b2644-f16e-4c4e-b3b0-78cd5808785d" />
    <UnitTestResult executionId="4b1012b3-c43d-45ac-8b02-903da385d5c7" testId="15c40399-a416-396c-43e3-c53da0a31089" testName="ErrorMessages.TailCall Attribute.Don't warn for valid tailcalls in type methods" computerName="pkrvm7jw40e0xgp" duration="00:00:00.4925650" startTime="2025-09-08T16:30:43.0359210+00:00" endTime="2025-09-08T16:30:43.0359212+00:00" testType="13cdc9d9-ddb5-4fa4-a97d-d965ccfc6d4b" outcome="Passed" testListId="8c84fa94-04c1-424b-9868-57a2d4851a1d" relativeResultsDirectory="4b1012b3-c43d-45ac-8b02-903da385d5c7" />
  </Results>
  <TestDefinitions>
    <UnitTest name="ErrorMessages.TailCall Attribute.Warn successfully for rec call in binding" storage="/home/runner/work/fsharp/fsharp/artifacts/bin/fsharp.compiler.componenttests/release/net10.0/fsharp.compiler.componenttests.dll" id="e33b932e-7ed8-e230-2f2e-ad77133fc919">
      <Execution id="09e5cd5c-d524-4fba-aa2a-6cad28ca0542" />
      <TestMethod codeBase="/home/runner/work/fsharp/fsharp/artifacts/bin/FSharp.Compiler.ComponentTests/Release/net10.0/FSharp.Compiler.ComponentTests.dll" adapterTypeName="executor://xunit/VsTestRunner2/netcoreapp" className="ErrorMessages.TailCall Attribute" name="Warn successfully for rec call in binding" />
    </UnitTest>
    <UnitTest name="EmittedIL.Tail Calls.TailCall 05" storage="/home/runner/work/fsharp/fsharp/artifacts/bin/fsharp.compiler.componenttests/release/net10.0/fsharp.compiler.componenttests.dll" id="9ceac089-94de-347f-4eaa-3a55ad47cc03">
      <Execution id="ea18f868-b66a-4666-b69d-f41ce6c7044d" />
      <TestMethod codeBase="/home/runner/work/fsharp/fsharp/artifacts/bin/FSharp.Compiler.ComponentTests/Release/net10.0/FSharp.Compiler.ComponentTests.dll" adapterTypeName="executor://xunit/VsTestRunner2/netcoreapp" className="EmittedIL.Tail Calls" name="TailCall 05" />
    </UnitTest>
    <UnitTest name="ErrorMessages.TailCall Attribute.Error about attribute on recursive let-bound value" storage="/home/runner/work/fsharp/fsharp/artifacts/bin/fsharp.compiler.componenttests/release/net10.0/fsharp.compiler.componenttests.dll" id="63797907-9f3e-f622-0188-9330ac7cf14f">
      <Execution id="cc97b3d8-c78d-4934-9b85-72b6e40bcee2" />
      <TestMethod codeBase="/home/runner/work/fsharp/fsharp/artifacts/bin/FSharp.Compiler.ComponentTests/Release/net10.0/FSharp.Compiler.ComponentTests.dll" adapterTypeName="executor://xunit/VsTestRunner2/netcoreapp" className="ErrorMessages.TailCall Attribute" name="Error about attribute on recursive let-bound value" />
    </UnitTest>
    <UnitTest name="ErrorMessages.TailCall Attribute.Don't warn for valid tailcall and bind from toplevel" storage="/home/runner/work/fsharp/fsharp/artifacts/bin/fsharp.compiler.componenttests/release/net10.0/fsharp.compiler.componenttests.dll" id="1c03aa5d-6495-51df-b2f0-66c0b6926ee7">
      <Execution id="a17829f7-e8b5-45d2-9a34-2d09206bef68" />
      <TestMethod codeBase="/home/runner/work/fsharp/fsharp/artifacts/bin/FSharp.Compiler.ComponentTests/Release/net10.0/FSharp.Compiler.ComponentTests.dll" adapterTypeName="executor://xunit/VsTestRunner2/netcoreapp" className="ErrorMessages.TailCall Attribute" name="Don't warn for valid tailcall and bind from toplevel" />
    </UnitTest>
    <UnitTest name="ErrorMessages.TailCall Attribute.Don't warn for Continuation Passing Style func using [&lt;TailCall&gt;] func in continuation lambda" storage="/home/runner/work/fsharp/fsharp/artifacts/bin/fsharp.compiler.componenttests/release/net10.0/fsharp.compiler.componenttests.dll" id="9d1080cb-5c7a-e027-4f9e-1097da80a7ca">
      <Execution id="ce08ad09-f0d4-435f-8dcc-84ef9de3f631" />
      <TestMethod codeBase="/home/runner/work/fsharp/fsharp/artifacts/bin/FSharp.Compiler.ComponentTests/Release/net10.0/FSharp.Compiler.ComponentTests.dll" adapterTypeName="executor://xunit/VsTestRunner2/netcoreapp" className="ErrorMessages.TailCall Attribute" name="Don't warn for Continuation Passing Style func using [&lt;TailCall&gt;] func in continuation lambda" />
    </UnitTest>
    <UnitTest name="ErrorMessages.TailCall Attribute.Warn for yield! call of rec func in custom CE" storage="/home/runner/work/fsharp/fsharp/artifacts/bin/fsharp.compiler.componenttests/release/net10.0/fsharp.compiler.componenttests.dll" id="08521184-6ca6-32ac-9bb5-c3a868b77833">
      <Execution id="9bed360b-819c-4f58-b3c8-13c8c64b973c" />
      <TestMethod codeBase="/home/runner/work/fsharp/fsharp/artifacts/bin/FSharp.Compiler.ComponentTests/Release/net10.0/FSharp.Compiler.ComponentTests.dll" adapterTypeName="executor://xunit/VsTestRunner2/netcoreapp" className="ErrorMessages.TailCall Attribute" name="Warn for yield! call of rec func in custom CE" />
    </UnitTest>
    <UnitTest name="ErrorMessages.TailCall Attribute.Don't warn for ColonColon as arg of valid tail call" storage="/home/runner/work/fsharp/fsharp/artifacts/bin/fsharp.compiler.componenttests/release/net10.0/fsharp.compiler.componenttests.dll" id="14b20b06-8647-c2cb-2119-7f1cee370edd">
      <Execution id="03eccb52-02c8-4428-a4ff-23d6cb93bb78" />
      <TestMethod codeBase="/home/runner/work/fsharp/fsharp/artifacts/bin/FSharp.Compiler.ComponentTests/Release/net10.0/FSharp.Compiler.ComponentTests.dll" adapterTypeName="executor://xunit/VsTestRunner2/netcoreapp" className="ErrorMessages.TailCall Attribute" name="Don't warn for ColonColon as arg of valid tail call" />
    </UnitTest>
    <UnitTest name="ErrorMessages.TailCall Attribute.Warn successfully in match clause" storage="/home/runner/work/fsharp/fsharp/artifacts/bin/fsharp.compiler.componenttests/release/net10.0/fsharp.compiler.componenttests.dll" id="0e2a5abe-6aec-4037-9e3b-a9de60680a89">
      <Execution id="46e9d979-6aa7-46ba-879b-94cbd1beabbe" />
      <TestMethod codeBase="/home/runner/work/fsharp/fsharp/artifacts/bin/FSharp.Compiler.ComponentTests/Release/net10.0/FSharp.Compiler.ComponentTests.dll" adapterTypeName="executor://xunit/VsTestRunner2/netcoreapp" className="ErrorMessages.TailCall Attribute" name="Warn successfully in match clause" />
    </UnitTest>
    <UnitTest name="ErrorMessages.TailCall Attribute.Warn for return! rec call in task" storage="/home/runner/work/fsharp/fsharp/artifacts/bin/fsharp.compiler.componenttests/release/net10.0/fsharp.compiler.componenttests.dll" id="3ed65555-60a4-25bd-233c-bd791c859438">
      <Execution id="2d017ab7-bcc1-4711-bfd5-5756ee1a17cc" />
      <TestMethod codeBase="/home/runner/work/fsharp/fsharp/artifacts/bin/FSharp.Compiler.ComponentTests/Release/net10.0/FSharp.Compiler.ComponentTests.dll" adapterTypeName="executor://xunit/VsTestRunner2/netcoreapp" className="ErrorMessages.TailCall Attribute" name="Warn for return! rec call in task" />
    </UnitTest>
    <UnitTest name="ErrorMessages.TailCall Attribute.Warn for rec call in match branch in try-finally" storage="/home/runner/work/fsharp/fsharp/artifacts/bin/fsharp.compiler.componenttests/release/net10.0/fsharp.compiler.componenttests.dll" id="c1f22a72-1aa8-6009-aad2-325916656ed0">
      <Execution id="47d49127-0247-4fe0-b915-3e91be6c8405" />
      <TestMethod codeBase="/home/runner/work/fsharp/fsharp/artifacts/bin/FSharp.Compiler.ComponentTests/Release/net10.0/FSharp.Compiler.ComponentTests.dll" adapterTypeName="executor://xunit/VsTestRunner2/netcoreapp" className="ErrorMessages.TailCall Attribute" name="Warn for rec call in match branch in try-finally" />
    </UnitTest>
    <UnitTest name="EmittedIL.Tail Calls.TailCall 01" storage="/home/runner/work/fsharp/fsharp/artifacts/bin/fsharp.compiler.componenttests/release/net10.0/fsharp.compiler.componenttests.dll" id="d4bcd9c7-d440-68c3-1697-84e43275e5d6">
      <Execution id="a1e0f694-3610-4ae8-92ec-5b91013abc2c" />
      <TestMethod codeBase="/home/runner/work/fsharp/fsharp/artifacts/bin/FSharp.Compiler.ComponentTests/Release/net10.0/FSharp.Compiler.ComponentTests.dll" adapterTypeName="executor://xunit/VsTestRunner2/netcoreapp" className="EmittedIL.Tail Calls" name="TailCall 01" />
    </UnitTest>
    <UnitTest name="ErrorMessages.TailCall Attribute.Warn for calls in for and iter" storage="/home/runner/work/fsharp/fsharp/artifacts/bin/fsharp.compiler.componenttests/release/net10.0/fsharp.compiler.componenttests.dll" id="86da542c-44e3-4178-7671-5682db7e2d3f">
      <Execution id="d98fae0a-0850-4c5e-ae57-ce05eefb6519" />
      <TestMethod codeBase="/home/runner/work/fsharp/fsharp/artifacts/bin/FSharp.Compiler.ComponentTests/Release/net10.0/FSharp.Compiler.ComponentTests.dll" adapterTypeName="executor://xunit/VsTestRunner2/netcoreapp" className="ErrorMessages.TailCall Attribute" name="Warn for calls in for and iter" />
    </UnitTest>
    <UnitTest name="EmittedIL.Tail Calls.TailCall 02" storage="/home/runner/work/fsharp/fsharp/artifacts/bin/fsharp.compiler.componenttests/release/net10.0/fsharp.compiler.componenttests.dll" id="d6bfc42f-b1fc-0fa4-7b50-843b01ffab09">
      <Execution id="12420995-973a-4c67-b629-d5ecd02339d4" />
      <TestMethod codeBase="/home/runner/work/fsharp/fsharp/artifacts/bin/FSharp.Compiler.ComponentTests/Release/net10.0/FSharp.Compiler.ComponentTests.dll" adapterTypeName="executor://xunit/VsTestRunner2/netcoreapp" className="EmittedIL.Tail Calls" name="TailCall 02" />
    </UnitTest>
    <UnitTest name="ErrorMessages.TailCall Attribute.Warn for byref parameters" storage="/home/runner/work/fsharp/fsharp/artifacts/bin/fsharp.compiler.componenttests/release/net10.0/fsharp.compiler.componenttests.dll" id="f5841a4f-a406-8d2b-29a5-2ee549a0e3a4">
      <Execution id="0b0a3fa6-ec24-48c3-9d35-f36bdbe098e1" />
      <TestMethod codeBase="/home/runner/work/fsharp/fsharp/artifacts/bin/FSharp.Compiler.ComponentTests/Release/net10.0/FSharp.Compiler.ComponentTests.dll" adapterTypeName="executor://xunit/VsTestRunner2/netcoreapp" className="ErrorMessages.TailCall Attribute" name="Warn for byref parameters" />
    </UnitTest>
    <UnitTest name="ErrorMessages.TailCall Attribute.Warn for rec call in if-else branch in try-with" storage="/home/runner/work/fsharp/fsharp/artifacts/bin/fsharp.compiler.componenttests/release/net10.0/fsharp.compiler.componenttests.dll" id="b59e9265-347f-efb9-fdff-c8f537b851e3">
      <Execution id="30185410-a17b-4585-b8ab-9c3d8112b3e7" />
      <TestMethod codeBase="/home/runner/work/fsharp/fsharp/artifacts/bin/FSharp.Compiler.ComponentTests/Release/net10.0/FSharp.Compiler.ComponentTests.dll" adapterTypeName="executor://xunit/VsTestRunner2/netcoreapp" className="ErrorMessages.TailCall Attribute" name="Warn for rec call in if-else branch in try-with" />
    </UnitTest>
    <UnitTest name="EmittedIL.Tail Calls.TailCall 03" storage="/home/runner/work/fsharp/fsharp/artifacts/bin/fsharp.compiler.componenttests/release/net10.0/fsharp.compiler.componenttests.dll" id="490839eb-f81d-260a-e018-5a4e5b86ec44">
      <Execution id="3447531f-23b8-49ea-9201-179a19e2869f" />
      <TestMethod codeBase="/home/runner/work/fsharp/fsharp/artifacts/bin/FSharp.Compiler.ComponentTests/Release/net10.0/FSharp.Compiler.ComponentTests.dll" adapterTypeName="executor://xunit/VsTestRunner2/netcoreapp" className="EmittedIL.Tail Calls" name="TailCall 03" />
    </UnitTest>
    <UnitTest name="ErrorMessages.TailCall Attribute.Don't warn for yield! in tail position" storage="/home/runner/work/fsharp/fsharp/artifacts/bin/fsharp.compiler.componenttests/release/net10.0/fsharp.compiler.componenttests.dll" id="b6083789-3c93-7617-8b00-37951134e792">
      <Execution id="99aa32c5-8ce8-4aac-8b20-75b572498dfb" />
      <TestMethod codeBase="/home/runner/work/fsharp/fsharp/artifacts/bin/FSharp.Compiler.ComponentTests/Release/net10.0/FSharp.Compiler.ComponentTests.dll" adapterTypeName="executor://xunit/VsTestRunner2/netcoreapp" className="ErrorMessages.TailCall Attribute" name="Don't warn for yield! in tail position" />
    </UnitTest>
    <UnitTest name="ErrorMessages.TailCall Attribute.Warn for ColonColon with inner let-bound value to rec call" storage="/home/runner/work/fsharp/fsharp/artifacts/bin/fsharp.compiler.componenttests/release/net10.0/fsharp.compiler.componenttests.dll" id="25cca450-bbad-a035-b07c-f3f497c553ae">
      <Execution id="6ee41b3d-fb80-462e-a717-bb39043a2803" />
      <TestMethod codeBase="/home/runner/work/fsharp/fsharp/artifacts/bin/FSharp.Compiler.ComponentTests/Release/net10.0/FSharp.Compiler.ComponentTests.dll" adapterTypeName="executor://xunit/VsTestRunner2/netcoreapp" className="ErrorMessages.TailCall Attribute" name="Warn for ColonColon with inner let-bound value to rec call" />
    </UnitTest>
    <UnitTest name="ErrorMessages.TailCall Attribute.Warn for recursive call in list comprehension" storage="/home/runner/work/fsharp/fsharp/artifacts/bin/fsharp.compiler.componenttests/release/net10.0/fsharp.compiler.componenttests.dll" id="5205c03c-3fcc-0916-9655-a49dbb17ca19">
      <Execution id="8a7f94e5-6125-4473-98c5-80358045b974" />
      <TestMethod codeBase="/home/runner/work/fsharp/fsharp/artifacts/bin/FSharp.Compiler.ComponentTests/Release/net10.0/FSharp.Compiler.ComponentTests.dll" adapterTypeName="executor://xunit/VsTestRunner2/netcoreapp" className="ErrorMessages.TailCall Attribute" name="Warn for recursive call in list comprehension" />
    </UnitTest>
    <UnitTest name="EmittedIL.SeqExpressionTailCalls.SeqExpressionTailCalls01_fs(compilation: File: SeqExpressionTailCalls01.fs)" storage="/home/runner/work/fsharp/fsharp/artifacts/bin/fsharp.compiler.componenttests/release/net10.0/fsharp.compiler.componenttests.dll" id="a8c7e659-e0da-7101-783b-78f4ac1e7030">
      <Execution id="f37feafb-8564-450d-babe-44bc2d5bdc21" />
      <TestMethod codeBase="/home/runner/work/fsharp/fsharp/artifacts/bin/FSharp.Compiler.ComponentTests/Release/net10.0/FSharp.Compiler.ComponentTests.dll" adapterTypeName="executor://xunit/VsTestRunner2/netcoreapp" className="EmittedIL.SeqExpressionTailCalls" name="SeqExpressionTailCalls01_fs" />
    </UnitTest>
    <UnitTest name="ErrorMessages.TailCall Attribute.Warn for return! rec call in async try-with" storage="/home/runner/work/fsharp/fsharp/artifacts/bin/fsharp.compiler.componenttests/release/net10.0/fsharp.compiler.componenttests.dll" id="f021c821-b4ad-3c0e-1493-f09c51083c1f">
      <Execution id="f57896cd-b806-467a-a345-fa7e004b4eff" />
      <TestMethod codeBase="/home/runner/work/fsharp/fsharp/artifacts/bin/FSharp.Compiler.ComponentTests/Release/net10.0/FSharp.Compiler.ComponentTests.dll" adapterTypeName="executor://xunit/VsTestRunner2/netcoreapp" className="ErrorMessages.TailCall Attribute" name="Warn for return! rec call in async try-with" />
    </UnitTest>
    <UnitTest name="Miscellaneous.FsharpSuiteMigrated_CoreTests.controlMailbox --tailcalls" storage="/home/runner/work/fsharp/fsharp/artifacts/bin/fsharp.compiler.componenttests/release/net10.0/fsharp.compiler.componenttests.dll" id="97ba0c19-25d4-24f5-b9b9-0084d1150343">
      <Execution id="3a270ac3-439a-42ab-bc28-58628fcfa3e2" />
      <TestMethod codeBase="/home/runner/work/fsharp/fsharp/artifacts/bin/FSharp.Compiler.ComponentTests/Release/net10.0/FSharp.Compiler.ComponentTests.dll" adapterTypeName="executor://xunit/VsTestRunner2/netcoreapp" className="Miscellaneous.FsharpSuiteMigrated_CoreTests" name="controlMailbox --tailcalls" />
    </UnitTest>
    <UnitTest name="EmittedIL.Tail Calls.TailCall 04" storage="/home/runner/work/fsharp/fsharp/artifacts/bin/fsharp.compiler.componenttests/release/net10.0/fsharp.compiler.componenttests.dll" id="3c7ec6d4-5327-f710-0cf7-ad9e5d66c0b5">
      <Execution id="4f913fba-f94a-4255-a333-0ea120064c7d" />
      <TestMethod codeBase="/home/runner/work/fsharp/fsharp/artifacts/bin/FSharp.Compiler.ComponentTests/Release/net10.0/FSharp.Compiler.ComponentTests.dll" adapterTypeName="executor://xunit/VsTestRunner2/netcoreapp" className="EmittedIL.Tail Calls" name="TailCall 04" />
    </UnitTest>
    <UnitTest name="ErrorMessages.TailCall Attribute.Warn for non tail-rec traversal" storage="/home/runner/work/fsharp/fsharp/artifacts/bin/fsharp.compiler.componenttests/release/net10.0/fsharp.compiler.componenttests.dll" id="97711743-a7ba-42fd-80e7-9ad16186aa9b">
      <Execution id="6ffea92c-425f-4249-a7e7-5ac91e2fbe94" />
      <TestMethod codeBase="/home/runner/work/fsharp/fsharp/artifacts/bin/FSharp.Compiler.ComponentTests/Release/net10.0/FSharp.Compiler.ComponentTests.dll" adapterTypeName="executor://xunit/VsTestRunner2/netcoreapp" className="ErrorMessages.TailCall Attribute" name="Warn for non tail-rec traversal" />
    </UnitTest>
    <UnitTest name="ErrorMessages.TailCall Attribute.Warn for invalid tailcalls in async expression" storage="/home/runner/work/fsharp/fsharp/artifacts/bin/fsharp.compiler.componenttests/release/net10.0/fsharp.compiler.componenttests.dll" id="df31f642-eca7-7748-8275-a5785161f781">
      <Execution id="cefa0bd1-bfee-4628-b85b-abe1337cfc35" />
      <TestMethod codeBase="/home/runner/work/fsharp/fsharp/artifacts/bin/FSharp.Compiler.ComponentTests/Release/net10.0/FSharp.Compiler.ComponentTests.dll" adapterTypeName="executor://xunit/VsTestRunner2/netcoreapp" className="ErrorMessages.TailCall Attribute" name="Warn for invalid tailcalls in async expression" />
    </UnitTest>
    <UnitTest name="Miscellaneous.FsharpSuiteMigrated_CoreTests+CoreControl.control --tailcalls" storage="/home/runner/work/fsharp/fsharp/artifacts/bin/fsharp.compiler.componenttests/release/net10.0/fsharp.compiler.componenttests.dll" id="ca884314-c7ec-f91d-ecd3-f6f004bc4c30">
      <Execution id="1b043538-afe1-47b5-b53c-b275f50a481f" />
      <TestMethod codeBase="/home/runner/work/fsharp/fsharp/artifacts/bin/FSharp.Compiler.ComponentTests/Release/net10.0/FSharp.Compiler.ComponentTests.dll" adapterTypeName="executor://xunit/VsTestRunner2/netcoreapp" className="Miscellaneous.FsharpSuiteMigrated_CoreTests+CoreControl" name="control --tailcalls" />
    </UnitTest>
    <UnitTest name="ErrorMessages.TailCall Attribute.Warn for rec call inside of match lambda with closure over local function using pipe" storage="/home/runner/work/fsharp/fsharp/artifacts/bin/fsharp.compiler.componenttests/release/net10.0/fsharp.compiler.componenttests.dll" id="66a9b9d6-913f-de04-1d95-0e4e249b1d4b">
      <Execution id="d22f7edf-5186-4d00-85cc-980b4f80c64a" />
      <TestMethod codeBase="/home/runner/work/fsharp/fsharp/artifacts/bin/FSharp.Compiler.ComponentTests/Release/net10.0/FSharp.Compiler.ComponentTests.dll" adapterTypeName="executor://xunit/VsTestRunner2/netcoreapp" className="ErrorMessages.TailCall Attribute" name="Warn for rec call inside of match lambda with closure over local function using pipe" />
    </UnitTest>
    <UnitTest name="ErrorMessages.TailCall Attribute.Don't warn for valid tailcalls in type methods" storage="/home/runner/work/fsharp/fsharp/artifacts/bin/fsharp.compiler.componenttests/release/net10.0/fsharp.compiler.componenttests.dll" id="15c40399-a416-396c-43e3-c53da0a31089">
      <Execution id="4b1012b3-c43d-45ac-8b02-903da385d5c7" />
      <TestMethod codeBase="/home/runner/work/fsharp/fsharp/artifacts/bin/FSharp.Compiler.ComponentTests/Release/net10.0/FSharp.Compiler.ComponentTests.dll" adapterTypeName="executor://xunit/VsTestRunner2/netcoreapp" className="ErrorMessages.TailCall Attribute" name="Don't warn for valid tailcalls in type methods" />
    </UnitTest>
    <UnitTest name="ErrorMessages.TailCall Attribute.Don't warn for valid tailcalls in rec module" storage="/home/runner/work/fsharp/fsharp/artifacts/bin/fsharp.compiler.componenttests/release/net10.0/fsharp.compiler.componenttests.dll" id="6aa64bf0-69e4-57ea-313d-22ee1fb4a813">
      <Execution id="07c9666a-3f35-47da-b807-f501900f6105" />
      <TestMethod codeBase="/home/runner/work/fsharp/fsharp/artifacts/bin/FSharp.Compiler.ComponentTests/Release/net10.0/FSharp.Compiler.ComponentTests.dll" adapterTypeName="executor://xunit/VsTestRunner2/netcoreapp" className="ErrorMessages.TailCall Attribute" name="Don't warn for valid tailcalls in rec module" />
    </UnitTest>
    <UnitTest name="ErrorMessages.TailCall Attribute.Warn for rec call in finally" storage="/home/runner/work/fsharp/fsharp/artifacts/bin/fsharp.compiler.componenttests/release/net10.0/fsharp.compiler.componenttests.dll" id="66c529ba-6845-60f4-70e3-83d366ddea1a">
      <Execution id="a022131b-ca30-45af-84bd-babcf2e0b114" />
      <TestMethod codeBase="/home/runner/work/fsharp/fsharp/artifacts/bin/FSharp.Compiler.ComponentTests/Release/net10.0/FSharp.Compiler.ComponentTests.dll" adapterTypeName="executor://xunit/VsTestRunner2/netcoreapp" className="ErrorMessages.TailCall Attribute" name="Warn for rec call in finally" />
    </UnitTest>
    <UnitTest name="ErrorMessages.TailCall Attribute.Don't warn for tail rec call returning unit" storage="/home/runner/work/fsharp/fsharp/artifacts/bin/fsharp.compiler.componenttests/release/net10.0/fsharp.compiler.componenttests.dll" id="2c09e37a-927d-d7c5-9e44-47378c58f2ad">
      <Execution id="2fa3eb49-f517-4127-8cf8-0df99ada9ef9" />
      <TestMethod codeBase="/home/runner/work/fsharp/fsharp/artifacts/bin/FSharp.Compiler.ComponentTests/Release/net10.0/FSharp.Compiler.ComponentTests.dll" adapterTypeName="executor://xunit/VsTestRunner2/netcoreapp" className="ErrorMessages.TailCall Attribute" name="Don't warn for tail rec call returning unit" />
    </UnitTest>
    <UnitTest name="ErrorMessages.TailCall Attribute.Don't warn for partial application but for calls in map and total applications" storage="/home/runner/work/fsharp/fsharp/artifacts/bin/fsharp.compiler.componenttests/release/net10.0/fsharp.compiler.componenttests.dll" id="8b8e01af-b1c3-147b-1ec2-bbc975f83a1c">
      <Execution id="d73b0666-ad9a-498f-98c8-4287f5879aca" />
      <TestMethod codeBase="/home/runner/work/fsharp/fsharp/artifacts/bin/FSharp.Compiler.ComponentTests/Release/net10.0/FSharp.Compiler.ComponentTests.dll" adapterTypeName="executor://xunit/VsTestRunner2/netcoreapp" className="ErrorMessages.TailCall Attribute" name="Don't warn for partial application but for calls in map and total applications" />
    </UnitTest>
    <UnitTest name="ErrorMessages.TailCall Attribute.Don't warn for valid tailcall in type method" storage="/home/runner/work/fsharp/fsharp/artifacts/bin/fsharp.compiler.componenttests/release/net10.0/fsharp.compiler.componenttests.dll" id="3a7fde04-42f0-fa25-7865-508c94836168">
      <Execution id="2c4ac2eb-c7d8-49ef-b1c3-3c2949982bb5" />
      <TestMethod codeBase="/home/runner/work/fsharp/fsharp/artifacts/bin/FSharp.Compiler.ComponentTests/Release/net10.0/FSharp.Compiler.ComponentTests.dll" adapterTypeName="executor://xunit/VsTestRunner2/netcoreapp" className="ErrorMessages.TailCall Attribute" name="Don't warn for valid tailcall in type method" />
    </UnitTest>
    <UnitTest name="ErrorMessages.TailCall Attribute.Don't warn for yield! call of rec func in seq" storage="/home/runner/work/fsharp/fsharp/artifacts/bin/fsharp.compiler.componenttests/release/net10.0/fsharp.compiler.componenttests.dll" id="b230f545-bbaf-92b0-b7fe-63945bd1860b">
      <Execution id="f3ed8cfa-efda-4fe7-b5f9-7d2635b13b18" />
      <TestMethod codeBase="/home/runner/work/fsharp/fsharp/artifacts/bin/FSharp.Compiler.ComponentTests/Release/net10.0/FSharp.Compiler.ComponentTests.dll" adapterTypeName="executor://xunit/VsTestRunner2/netcoreapp" className="ErrorMessages.TailCall Attribute" name="Don't warn for yield! call of rec func in seq" />
    </UnitTest>
    <UnitTest name="ErrorMessages.TailCall Attribute.Warn about attribute on non-rec function" storage="/home/runner/work/fsharp/fsharp/artifacts/bin/fsharp.compiler.componenttests/release/net10.0/fsharp.compiler.componenttests.dll" id="1de4bd26-bfea-daff-f64f-58e547a36f4d">
      <Execution id="28e9829f-6d08-4d2c-a6cd-f63721fd6054" />
      <TestMethod codeBase="/home/runner/work/fsharp/fsharp/artifacts/bin/FSharp.Compiler.ComponentTests/Release/net10.0/FSharp.Compiler.ComponentTests.dll" adapterTypeName="executor://xunit/VsTestRunner2/netcoreapp" className="ErrorMessages.TailCall Attribute" name="Warn about attribute on non-rec function" />
    </UnitTest>
    <UnitTest name="ErrorMessages.TailCall Attribute.Warn successfully for mutually recursive functions" storage="/home/runner/work/fsharp/fsharp/artifacts/bin/fsharp.compiler.componenttests/release/net10.0/fsharp.compiler.componenttests.dll" id="ba20cc8f-924c-0e38-9b24-6bc7603451d8">
      <Execution id="da3593c2-8712-450c-a762-488c17dfd1bd" />
      <TestMethod codeBase="/home/runner/work/fsharp/fsharp/artifacts/bin/FSharp.Compiler.ComponentTests/Release/net10.0/FSharp.Compiler.ComponentTests.dll" adapterTypeName="executor://xunit/VsTestRunner2/netcoreapp" className="ErrorMessages.TailCall Attribute" name="Warn successfully for mutually recursive functions" />
    </UnitTest>
    <UnitTest name="ErrorMessages.TailCall Attribute.Warn for invalid tailcalls in seq expression because of bind" storage="/home/runner/work/fsharp/fsharp/artifacts/bin/fsharp.compiler.componenttests/release/net10.0/fsharp.compiler.componenttests.dll" id="ce99c303-fcf4-2a4d-fba5-cbd3013c9e60">
      <Execution id="1d56437c-ff0a-4c74-a353-8f692f3d1190" />
      <TestMethod codeBase="/home/runner/work/fsharp/fsharp/artifacts/bin/FSharp.Compiler.ComponentTests/Release/net10.0/FSharp.Compiler.ComponentTests.dll" adapterTypeName="executor://xunit/VsTestRunner2/netcoreapp" className="ErrorMessages.TailCall Attribute" name="Warn for invalid tailcalls in seq expression because of bind" />
    </UnitTest>
    <UnitTest name="ErrorMessages.TailCall Attribute.Warn about self-defined attribute" storage="/home/runner/work/fsharp/fsharp/artifacts/bin/fsharp.compiler.componenttests/release/net10.0/fsharp.compiler.componenttests.dll" id="312b4f15-fc23-4b9f-8fb4-eb93bace8504">
      <Execution id="bf462b8c-cfaa-4539-b471-f3c27ea65d20" />
      <TestMethod codeBase="/home/runner/work/fsharp/fsharp/artifacts/bin/FSharp.Compiler.ComponentTests/Release/net10.0/FSharp.Compiler.ComponentTests.dll" adapterTypeName="executor://xunit/VsTestRunner2/netcoreapp" className="ErrorMessages.TailCall Attribute" name="Warn about self-defined attribute" />
    </UnitTest>
    <UnitTest name="ErrorMessages.TailCall Attribute.Warn for invalid tailcalls in rec module" storage="/home/runner/work/fsharp/fsharp/artifacts/bin/fsharp.compiler.componenttests/release/net10.0/fsharp.compiler.componenttests.dll" id="9dcdfaba-85f6-301e-db8b-fe3dfad76cdd">
      <Execution id="d017ec8a-f671-4238-9d39-9668a7fd973c" />
      <TestMethod codeBase="/home/runner/work/fsharp/fsharp/artifacts/bin/FSharp.Compiler.ComponentTests/Release/net10.0/FSharp.Compiler.ComponentTests.dll" adapterTypeName="executor://xunit/VsTestRunner2/netcoreapp" className="ErrorMessages.TailCall Attribute" name="Warn for invalid tailcalls in rec module" />
    </UnitTest>
    <UnitTest name="ErrorMessages.TailCall Attribute.Warn for rec call in Sequential in use scope" storage="/home/runner/work/fsharp/fsharp/artifacts/bin/fsharp.compiler.componenttests/release/net10.0/fsharp.compiler.componenttests.dll" id="728d7ca8-43bc-ddff-34b2-91f1cd754afb">
      <Execution id="581c8193-b6fc-4298-83f2-24d9428ef865" />
      <TestMethod codeBase="/home/runner/work/fsharp/fsharp/artifacts/bin/FSharp.Compiler.ComponentTests/Release/net10.0/FSharp.Compiler.ComponentTests.dll" adapterTypeName="executor://xunit/VsTestRunner2/netcoreapp" className="ErrorMessages.TailCall Attribute" name="Warn for rec call in Sequential in use scope" />
    </UnitTest>
    <UnitTest name="ErrorMessages.TailCall Attribute.Warn successfully in Seq-mapped recursive call" storage="/home/runner/work/fsharp/fsharp/artifacts/bin/fsharp.compiler.componenttests/release/net10.0/fsharp.compiler.componenttests.dll" id="35032a10-18e8-39e8-8d7c-c0c038f43667">
      <Execution id="56688837-8291-4c8b-b9fe-c73b3a29a90f" />
      <TestMethod codeBase="/home/runner/work/fsharp/fsharp/artifacts/bin/FSharp.Compiler.ComponentTests/Release/net10.0/FSharp.Compiler.ComponentTests.dll" adapterTypeName="executor://xunit/VsTestRunner2/netcoreapp" className="ErrorMessages.TailCall Attribute" name="Warn successfully in Seq-mapped recursive call" />
    </UnitTest>
    <UnitTest name="EmittedIL.SeqExpressionTailCalls.SeqExpressionTailCalls02_fs(compilation: File: SeqExpressionTailCalls02.fs)" storage="/home/runner/work/fsharp/fsharp/artifacts/bin/fsharp.compiler.componenttests/release/net10.0/fsharp.compiler.componenttests.dll" id="78b9ea4d-0937-bee7-2f47-d031f38515a9">
      <Execution id="ab503526-b583-4f3f-86aa-ca3e98e5e56a" />
      <TestMethod codeBase="/home/runner/work/fsharp/fsharp/artifacts/bin/FSharp.Compiler.ComponentTests/Release/net10.0/FSharp.Compiler.ComponentTests.dll" adapterTypeName="executor://xunit/VsTestRunner2/netcoreapp" className="EmittedIL.SeqExpressionTailCalls" name="SeqExpressionTailCalls02_fs" />
    </UnitTest>
    <UnitTest name="ErrorMessages.TailCall Attribute.Warn for rec call inside of match lambda with closure over local function" storage="/home/runner/work/fsharp/fsharp/artifacts/bin/fsharp.compiler.componenttests/release/net10.0/fsharp.compiler.componenttests.dll" id="87cab25a-feea-c1f9-6da4-c355df8b11b3">
      <Execution id="2b219ac6-e8bf-4c9f-a7ee-0c2f16a363e2" />
      <TestMethod codeBase="/home/runner/work/fsharp/fsharp/artifacts/bin/FSharp.Compiler.ComponentTests/Release/net10.0/FSharp.Compiler.ComponentTests.dll" adapterTypeName="executor://xunit/VsTestRunner2/netcoreapp" className="ErrorMessages.TailCall Attribute" name="Warn for rec call inside of match lambda with closure over local function" />
    </UnitTest>
    <UnitTest name="ErrorMessages.TailCall Attribute.Warn for ColonColon with rec call" storage="/home/runner/work/fsharp/fsharp/artifacts/bin/fsharp.compiler.componenttests/release/net10.0/fsharp.compiler.componenttests.dll" id="c01a7ee7-e787-0487-2f1b-714865246f8c">
      <Execution id="4d91b9d7-423e-42ee-b93e-bb176c6601d6" />
      <TestMethod codeBase="/home/runner/work/fsharp/fsharp/artifacts/bin/FSharp.Compiler.ComponentTests/Release/net10.0/FSharp.Compiler.ComponentTests.dll" adapterTypeName="executor://xunit/VsTestRunner2/netcoreapp" className="ErrorMessages.TailCall Attribute" name="Warn for ColonColon with rec call" />
    </UnitTest>
    <UnitTest name="ErrorMessages.TailCall Attribute.Don't warn for valid tailcall and bind from nested bind" storage="/home/runner/work/fsharp/fsharp/artifacts/bin/fsharp.compiler.componenttests/release/net10.0/fsharp.compiler.componenttests.dll" id="adadfb2c-3c64-4acc-8e42-f0f16ca8f944">
      <Execution id="e74a2647-4095-4de5-91fa-db48a3a2973a" />
      <TestMethod codeBase="/home/runner/work/fsharp/fsharp/artifacts/bin/FSharp.Compiler.ComponentTests/Release/net10.0/FSharp.Compiler.ComponentTests.dll" adapterTypeName="executor://xunit/VsTestRunner2/netcoreapp" className="ErrorMessages.TailCall Attribute" name="Don't warn for valid tailcall and bind from nested bind" />
    </UnitTest>
    <UnitTest name="ErrorMessages.TailCall Attribute.Warn successfully for invalid tailcall in type method" storage="/home/runner/work/fsharp/fsharp/artifacts/bin/fsharp.compiler.componenttests/release/net10.0/fsharp.compiler.componenttests.dll" id="6873a0f0-b5c7-da2d-08e8-5ddd33d68c53">
      <Execution id="8386831e-679d-42a9-94a5-129f0417f2a4" />
      <TestMethod codeBase="/home/runner/work/fsharp/fsharp/artifacts/bin/FSharp.Compiler.ComponentTests/Release/net10.0/FSharp.Compiler.ComponentTests.dll" adapterTypeName="executor://xunit/VsTestRunner2/netcoreapp" className="ErrorMessages.TailCall Attribute" name="Warn successfully for invalid tailcall in type method" />
    </UnitTest>
    <UnitTest name="ErrorMessages.TailCall Attribute.Warn for non tail-rec traversal with List.collect" storage="/home/runner/work/fsharp/fsharp/artifacts/bin/fsharp.compiler.componenttests/release/net10.0/fsharp.compiler.componenttests.dll" id="46cf0cb0-ade9-d851-e055-58017491a678">
      <Execution id="efd67bf4-371a-48a4-ae5b-c282c968253b" />
      <TestMethod codeBase="/home/runner/work/fsharp/fsharp/artifacts/bin/FSharp.Compiler.ComponentTests/Release/net10.0/FSharp.Compiler.ComponentTests.dll" adapterTypeName="executor://xunit/VsTestRunner2/netcoreapp" className="ErrorMessages.TailCall Attribute.Warn for non tail-rec traversal with List" name="collect" />
    </UnitTest>
    <UnitTest name="EmittedIL.Tail Calls.TailCall 06 - No tail call with pinned locals" storage="/home/runner/work/fsharp/fsharp/artifacts/bin/fsharp.compiler.componenttests/release/net10.0/fsharp.compiler.componenttests.dll" id="563d248c-94d0-7002-73a0-96fa515831a3">
      <Execution id="e9c2f435-5e1d-465e-b4e6-728eb21d1836" />
      <TestMethod codeBase="/home/runner/work/fsharp/fsharp/artifacts/bin/FSharp.Compiler.ComponentTests/Release/net10.0/FSharp.Compiler.ComponentTests.dll" adapterTypeName="executor://xunit/VsTestRunner2/netcoreapp" className="EmittedIL.Tail Calls" name="TailCall 06 - No tail call with pinned locals" />
    </UnitTest>
    <UnitTest name="ErrorMessages.TailCall Attribute.Warn for yield! call of rec func in list comprehension" storage="/home/runner/work/fsharp/fsharp/artifacts/bin/fsharp.compiler.componenttests/release/net10.0/fsharp.compiler.componenttests.dll" id="77564a1d-c2b6-3f9e-f2da-e91f0ad63472">
      <Execution id="a6e6f027-c0db-4f5a-b950-5e906a1d0abe" />
      <TestMethod codeBase="/home/runner/work/fsharp/fsharp/artifacts/bin/FSharp.Compiler.ComponentTests/Release/net10.0/FSharp.Compiler.ComponentTests.dll" adapterTypeName="executor://xunit/VsTestRunner2/netcoreapp" className="ErrorMessages.TailCall Attribute" name="Warn for yield! call of rec func in list comprehension" />
    </UnitTest>
    <UnitTest name="ErrorMessages.TailCall Attribute.Don't warn for rec call of async func that evaluates an async parameter in a let!" storage="/home/runner/work/fsharp/fsharp/artifacts/bin/fsharp.compiler.componenttests/release/net10.0/fsharp.compiler.componenttests.dll" id="0185c0df-c520-b94b-6c8c-b3513a2df4d5">
      <Execution id="4cc09cd1-727e-41eb-a44c-a20b8b7f4451" />
      <TestMethod codeBase="/home/runner/work/fsharp/fsharp/artifacts/bin/FSharp.Compiler.ComponentTests/Release/net10.0/FSharp.Compiler.ComponentTests.dll" adapterTypeName="executor://xunit/VsTestRunner2/netcoreapp" className="ErrorMessages.TailCall Attribute" name="Don't warn for rec call of async func that evaluates an async parameter in a let!" />
    </UnitTest>
    <UnitTest name="ErrorMessages.TailCall Attribute.Warn for simple rec call in try-with" storage="/home/runner/work/fsharp/fsharp/artifacts/bin/fsharp.compiler.componenttests/release/net10.0/fsharp.compiler.componenttests.dll" id="8b5474b1-f126-820a-423d-0e1d55afea17">
      <Execution id="a249a273-7490-4a9e-8942-8f07dde585c5" />
      <TestMethod codeBase="/home/runner/work/fsharp/fsharp/artifacts/bin/FSharp.Compiler.ComponentTests/Release/net10.0/FSharp.Compiler.ComponentTests.dll" adapterTypeName="executor://xunit/VsTestRunner2/netcoreapp" className="ErrorMessages.TailCall Attribute" name="Warn for simple rec call in try-with" />
    </UnitTest>
    <UnitTest name="ErrorMessages.TailCall Attribute.Don't warn for piped arg in tailrec call" storage="/home/runner/work/fsharp/fsharp/artifacts/bin/fsharp.compiler.componenttests/release/net10.0/fsharp.compiler.componenttests.dll" id="74787e1c-a6dc-f8e0-95c0-dc04ac0ba63b">
      <Execution id="dfc5eba4-6014-4a90-93f8-750c4c363126" />
[...]
    <TestEntry testId="3c7ec6d4-5327-f710-0cf7-ad9e5d66c0b5" executionId="4f913fba-f94a-4255-a333-0ea120064c7d" testListId="8c84fa94-04c1-424b-9868-57a2d4851a1d" />
    <TestEntry testId="46cf0cb0-ade9-d851-e055-58017491a678" executionId="efd67bf4-371a-48a4-ae5b-c282c968253b" testListId="8c84fa94-04c1-424b-9868-57a2d4851a1d" />
    <TestEntry testId="6aa64bf0-69e4-57ea-313d-22ee1fb4a813" executionId="07c9666a-3f35-47da-b807-f501900f6105" testListId="8c84fa94-04c1-424b-9868-57a2d4851a1d" />
    <TestEntry testId="0185c0df-c520-b94b-6c8c-b3513a2df4d5" executionId="4cc09cd1-727e-41eb-a44c-a20b8b7f4451" testListId="8c84fa94-04c1-424b-9868-57a2d4851a1d" />
    <TestEntry testId="97ba0c19-25d4-24f5-b9b9-0084d1150343" executionId="3a270ac3-439a-42ab-bc28-58628fcfa3e2" testListId="8c84fa94-04c1-424b-9868-57a2d4851a1d" />
    <TestEntry testId="563d248c-94d0-7002-73a0-96fa515831a3" executionId="e9c2f435-5e1d-465e-b4e6-728eb21d1836" testListId="8c84fa94-04c1-424b-9868-57a2d4851a1d" />
    <TestEntry testId="9227f6b3-8770-21c7-d697-1c364495ba39" executionId="9aaa4d28-c193-4997-b0bc-2f6646c71b2b" testListId="8c84fa94-04c1-424b-9868-57a2d4851a1d" />
    <TestEntry testId="08521184-6ca6-32ac-9bb5-c3a868b77833" executionId="9bed360b-819c-4f58-b3c8-13c8c64b973c" testListId="8c84fa94-04c1-424b-9868-57a2d4851a1d" />
    <TestEntry testId="78b9ea4d-0937-bee7-2f47-d031f38515a9" executionId="ab503526-b583-4f3f-86aa-ca3e98e5e56a" testListId="8c84fa94-04c1-424b-9868-57a2d4851a1d" />
    <TestEntry testId="bc756d22-cb17-474e-a02f-6ac9397349b9" executionId="b76e73da-4471-4794-a0b3-1181361aeb1a" testListId="8c84fa94-04c1-424b-9868-57a2d4851a1d" />
    <TestEntry testId="ce99c303-fcf4-2a4d-fba5-cbd3013c9e60" executionId="1d56437c-ff0a-4c74-a353-8f692f3d1190" testListId="8c84fa94-04c1-424b-9868-57a2d4851a1d" />
    <TestEntry testId="1de4bd26-bfea-daff-f64f-58e547a36f4d" executionId="28e9829f-6d08-4d2c-a6cd-f63721fd6054" testListId="8c84fa94-04c1-424b-9868-57a2d4851a1d" />
    <TestEntry testId="d4bcd9c7-d440-68c3-1697-84e43275e5d6" executionId="a1e0f694-3610-4ae8-92ec-5b91013abc2c" testListId="8c84fa94-04c1-424b-9868-57a2d4851a1d" />
    <TestEntry testId="9b2e4318-8341-1a24-1481-37078f865ecd" executionId="d810f492-b9e3-4a4d-aa10-0b2c1fea06da" testListId="8c84fa94-04c1-424b-9868-57a2d4851a1d" />
    <TestEntry testId="f021c821-b4ad-3c0e-1493-f09c51083c1f" executionId="f57896cd-b806-467a-a345-fa7e004b4eff" testListId="8c84fa94-04c1-424b-9868-57a2d4851a1d" />
    <TestEntry testId="b59e9265-347f-efb9-fdff-c8f537b851e3" executionId="30185410-a17b-4585-b8ab-9c3d8112b3e7" testListId="8c84fa94-04c1-424b-9868-57a2d4851a1d" />
    <TestEntry testId="2bf2829e-ef1b-2848-e0f9-a78af46e018a" executionId="498f8f1b-7abb-4736-bc2b-dc9308f8886c" testListId="8c84fa94-04c1-424b-9868-57a2d4851a1d" />
    <TestEntry testId="c5f08819-1c6e-7a5a-8eec-82cad816f9d9" executionId="a75c570b-4afd-4c79-84a8-400c1d15114f" testListId="8c84fa94-04c1-424b-9868-57a2d4851a1d" />
    <TestEntry testId="25cca450-bbad-a035-b07c-f3f497c553ae" executionId="6ee41b3d-fb80-462e-a717-bb39043a2803" testListId="8c84fa94-04c1-424b-9868-57a2d4851a1d" />
    <TestEntry testId="728d7ca8-43bc-ddff-34b2-91f1cd754afb" executionId="581c8193-b6fc-4298-83f2-24d9428ef865" testListId="8c84fa94-04c1-424b-9868-57a2d4851a1d" />
    <TestEntry testId="e33b932e-7ed8-e230-2f2e-ad77133fc919" executionId="09e5cd5c-d524-4fba-aa2a-6cad28ca0542" testListId="8c84fa94-04c1-424b-9868-57a2d4851a1d" />
    <TestEntry testId="6873a0f0-b5c7-da2d-08e8-5ddd33d68c53" executionId="8386831e-679d-42a9-94a5-129f0417f2a4" testListId="8c84fa94-04c1-424b-9868-57a2d4851a1d" />
    <TestEntry testId="3c96ea49-d63f-4775-4f30-b4afa9135777" executionId="3186e553-f2af-4d45-9ddf-bfdc27b0b728" testListId="8c84fa94-04c1-424b-9868-57a2d4851a1d" />
    <TestEntry testId="97711743-a7ba-42fd-80e7-9ad16186aa9b" executionId="6ffea92c-425f-4249-a7e7-5ac91e2fbe94" testListId="8c84fa94-04c1-424b-9868-57a2d4851a1d" />
    <TestEntry testId="9dcdfaba-85f6-301e-db8b-fe3dfad76cdd" executionId="d017ec8a-f671-4238-9d39-9668a7fd973c" testListId="8c84fa94-04c1-424b-9868-57a2d4851a1d" />
    <TestEntry testId="66c529ba-6845-60f4-70e3-83d366ddea1a" executionId="a022131b-ca30-45af-84bd-babcf2e0b114" testListId="8c84fa94-04c1-424b-9868-57a2d4851a1d" />
    <TestEntry testId="8b8e01af-b1c3-147b-1ec2-bbc975f83a1c" executionId="d73b0666-ad9a-498f-98c8-4287f5879aca" testListId="8c84fa94-04c1-424b-9868-57a2d4851a1d" />
    <TestEntry testId="5205c03c-3fcc-0916-9655-a49dbb17ca19" executionId="8a7f94e5-6125-4473-98c5-80358045b974" testListId="8c84fa94-04c1-424b-9868-57a2d4851a1d" />
    <TestEntry testId="86da542c-44e3-4178-7671-5682db7e2d3f" executionId="d98fae0a-0850-4c5e-ae57-ce05eefb6519" testListId="8c84fa94-04c1-424b-9868-57a2d4851a1d" />
    <TestEntry testId="c1f22a72-1aa8-6009-aad2-325916656ed0" executionId="47d49127-0247-4fe0-b915-3e91be6c8405" testListId="8c84fa94-04c1-424b-9868-57a2d4851a1d" />
    <TestEntry testId="b230f545-bbaf-92b0-b7fe-63945bd1860b" executionId="f3ed8cfa-efda-4fe7-b5f9-7d2635b13b18" testListId="8c84fa94-04c1-424b-9868-57a2d4851a1d" />
    <TestEntry testId="c01a7ee7-e787-0487-2f1b-714865246f8c" executionId="4d91b9d7-423e-42ee-b93e-bb176c6601d6" testListId="8c84fa94-04c1-424b-9868-57a2d4851a1d" />
    <TestEntry testId="adadfb2c-3c64-4acc-8e42-f0f16ca8f944" executionId="e74a2647-4095-4de5-91fa-db48a3a2973a" testListId="8c84fa94-04c1-424b-9868-57a2d4851a1d" />
    <TestEntry testId="36ebdd16-6dc3-d33b-b8aa-0088d48cc520" executionId="05f550e5-d41b-4622-9a67-fbfc93b68f27" testListId="8c84fa94-04c1-424b-9868-57a2d4851a1d" />
    <TestEntry testId="d9744f19-2f06-c10e-bbad-17727f243253" executionId="881b2644-f16e-4c4e-b3b0-78cd5808785d" testListId="8c84fa94-04c1-424b-9868-57a2d4851a1d" />
    <TestEntry testId="15c40399-a416-396c-43e3-c53da0a31089" executionId="4b1012b3-c43d-45ac-8b02-903da385d5c7" testListId="8c84fa94-04c1-424b-9868-57a2d4851a1d" />
  </TestEntries>
  <TestLists>
    <TestList name="Results Not in a List" id="8c84fa94-04c1-424b-9868-57a2d4851a1d" />
    <TestList name="All Loaded Results" id="19431567-8539-422a-85d7-44ee4e166bda" />
  </TestLists>
  <ResultSummary outcome="Failed">
    <Counters total="70" executed="70" passed="69" failed="1" error="0" timeout="0" aborted="0" inconclusive="0" passedButRunAborted="0" notRunnable="0" notExecuted="0" disconnected="0" warning="0" completed="0" inProgress="0" pending="0" />
    <Output>
      <StdOut>[xUnit.net 00:00:00.00] xUnit.net VSTest Adapter v2.8.2+699d445a1a (64-bit .NET 10.0.0-rc.1.25411.109)
Installing TestConsole redirection
---------------------------------------------------------------
Executables
CSC                      = /home/runner/.nuget/packages/microsoft.net.compilers/4.3.0-1.22220.8/tools/csc.exe
BUILD_CONFIG             = Release
csc_flags                = /nologo
FSC                      = /home/runner/work/fsharp/fsharp/tests/FSharp.Test.Utilities/../../artifacts/bin/fsc/Release/net10.0/fsc.dll
fsc_flags                = -r:System.Core.dll --nowarn:20 --define:COMPILED --preferreduilang:en-US
FSCOREDLLPATH            = /home/runner/work/fsharp/fsharp/tests/FSharp.Test.Utilities/../../artifacts/bin/FSharp.Core/Release/netstandard2.0/FSharp.Core.dll
FSI                      = /home/runner/work/fsharp/fsharp/tests/FSharp.Test.Utilities/../../artifacts/bin/fsi/Release/net10.0/fsi.dll
DotNetExe                = dotnet
DOTNET_MULTILEVEL_LOOKUP = 0
DOTNET_ROOT              = /usr/share/dotnet
FSI_FOR_SCRIPTS          = /home/runner/work/fsharp/fsharp/tests/FSharp.Test.Utilities/../../artifacts/bin/fsi/Release/net10.0/fsi.dll
fsi_flags                = -r:System.Core.dll --nowarn:20 --define:INTERACTIVE --maxerrors:1 --abortonerror --preferreduilang:en-US
ILDASM                   = /home/runner/.nuget/packages/runtime.linux-x64.microsoft.netcore.ildasm/5.0.0-preview.7.20364.11/runtimes/linux-x64/native/ildasm
PEVERIFY                 = ilverify
---------------------------------------------------------------
[xUnit.net 00:00:00.16]   Discovering: FSharp.Compiler.ComponentTests
[xUnit.net 00:00:01.14]   Discovered:  FSharp.Compiler.ComponentTests
[xUnit.net 00:00:01.16]   Starting:    FSharp.Compiler.ComponentTests
[xUnit.net 00:00:09.47]       
[xUnit.net 00:00:09.48]       ==
[xUnit.net 00:00:09.48]       Name: '.method public static void  run() cil managed'
[xUnit.net 00:00:09.48]       
[xUnit.net 00:00:09.48]       Expected:	 IL_0040:  ldc.i4.s   42
[xUnit.net 00:00:09.48]       Actual:		 IL_0000:  ldc.i4.3
[xUnit.net 00:00:09.48]       ==
[xUnit.net 00:00:09.48]       
[xUnit.net 00:00:09.48]       ==
[xUnit.net 00:00:09.48]       Name: '.method public static void  run() cil managed'
[xUnit.net 00:00:09.48]       
[xUnit.net 00:00:09.48]       Expected:	 IL_0042:  ldc.i4.5
[xUnit.net 00:00:09.48]       Actual:		 IL_0001:  newarr     [runtime]System.Int32
[xUnit.net 00:00:09.48]       ==
[xUnit.net 00:00:09.48]       
[xUnit.net 00:00:09.48]       ==
[xUnit.net 00:00:09.48]       Name: '.method public static void  run() cil managed'
[xUnit.net 00:00:09.48]       
[xUnit.net 00:00:09.48]       Expected:	 IL_0043:  call       void TailCall06::foo&lt;int32&gt;(int32,
[xUnit.net 00:00:09.48]       Actual:		 IL_0006:  dup
[xUnit.net 00:00:09.48]       ==
[xUnit.net 00:00:09.48]       
[xUnit.net 00:00:09.48]       ==
[xUnit.net 00:00:09.48]       Name: '.method public static void  run() cil managed'
[xUnit.net 00:00:09.48]       
[xUnit.net 00:00:09.48]       Expected:	 !!0)
[xUnit.net 00:00:09.48]       Actual:		 IL_0007:  ldc.i4.0
[xUnit.net 00:00:09.48]       ==
[xUnit.net 00:00:09.48]       
[xUnit.net 00:00:09.48]       \Expected:
[xUnit.net 00:00:09.48]       .method public static void  run() cil managed
[xUnit.net 00:00:09.48]         {
[xUnit.net 00:00:09.48]       
[xUnit.net 00:00:09.48]           .maxstack  6
[xUnit.net 00:00:09.48]           .locals init (native int V_0,
[xUnit.net 00:00:09.48]                    int32[] V_1,
[xUnit.net 00:00:09.48]                    int32&amp; pinned V_2)
[xUnit.net 00:00:09.48]           IL_0040:  ldc.i4.s   42
[xUnit.net 00:00:09.49]           IL_0042:  ldc.i4.5
[xUnit.net 00:00:09.49]           IL_0043:  call       void TailCall06::foo&lt;int32&gt;(int32,
[xUnit.net 00:00:09.49]                                                            !!0)
[xUnit.net 00:00:09.49]       
[xUnit.net 00:00:09.49]       
[xUnit.net 00:00:09.49]       
[xUnit.net 00:00:09.49]       Actual:
[xUnit.net 00:00:09.49]       .method public static void  run() cil managed
[xUnit.net 00:00:09.49]         {
[xUnit.net 00:00:09.49]           
[xUnit.net 00:00:09.49]           .maxstack  6
[xUnit.net 00:00:09.49]           .locals init (native int V_0,
[xUnit.net 00:00:09.49]                    int32[] V_1,
[xUnit.net 00:00:09.49]                    int32&amp; pinned V_2)
[xUnit.net 00:00:09.49]           IL_0000:  ldc.i4.3
[xUnit.net 00:00:09.49]           IL_0001:  newarr     [runtime]System.Int32
[xUnit.net 00:00:09.49]           IL_0006:  dup
[xUnit.net 00:00:09.49]           IL_0007:  ldc.i4.0
[xUnit.net 00:00:09.49]       
[xUnit.net 00:00:09.49]       
[xUnit.net 00:00:09.49]       Entire actual:
[xUnit.net 00:00:09.49]       
[xUnit.net 00:00:09.49]       
[xUnit.net 00:00:09.49]       
[xUnit.net 00:00:09.49]       
[xUnit.net 00:00:09.49]       
[xUnit.net 00:00:09.49]       .assembly extern runtime { }
[xUnit.net 00:00:09.49]       .assembly extern FSharp.Core { }
[xUnit.net 00:00:09.49]       .assembly 'assembly'
[xUnit.net 00:00:09.49]       {
[xUnit.net 00:00:09.49]         .custom instance void [FSharp.Core]Microsoft.FSharp.Core.FSharpInterfaceDataVersionAttribute::.ctor(int32,
[xUnit.net 00:00:09.49]                                                                                                             int32,
[xUnit.net 00:00:09.49]                                                                                                             int32) = ( 01 00 02 00 00 00 00 00 00 00 00 00 00 00 00 00 ) 
[xUnit.net 00:00:09.49]       
[xUnit.net 00:00:09.49]         
[xUnit.net 00:00:09.49]         
[xUnit.net 00:00:09.49]       
[xUnit.net 00:00:09.49]         .hash algorithm 0x00008004
[xUnit.net 00:00:09.49]         .ver 0:0:0:0
[xUnit.net 00:00:09.49]       }
[xUnit.net 00:00:09.49]       .module 'assembly.dll'
[xUnit.net 00:00:09.49]       
[xUnit.net 00:00:09.49]       .imagebase {value}
[xUnit.net 00:00:09.49]       .file alignment 0x00000200
[xUnit.net 00:00:09.49]       .stackreserve 0x00100000
[xUnit.net 00:00:09.49]       .subsystem 0x0003       
[xUnit.net 00:00:09.49]       .corflags 0x00000001    
[xUnit.net 00:00:09.49]       
[xUnit.net 00:00:09.49]       
[xUnit.net 00:00:09.49]       
[xUnit.net 00:00:09.49]       
[xUnit.net 00:00:09.49]       
[xUnit.net 00:00:09.49]       .class public abstract auto ansi sealed TailCall06
[xUnit.net 00:00:09.49]              extends [runtime]System.Object
[xUnit.net 00:00:09.49]       {
[xUnit.net 00:00:09.49]         .custom instance void [FSharp.Core]Microsoft.FSharp.Core.CompilationMappingAttribute::.ctor(valuetype [FSharp.Core]Microsoft.FSharp.Core.SourceConstructFlags) = ( 01 00 07 00 00 00 00 00 ) 
[xUnit.net 00:00:09.49]         .method public static void  foo&lt;a&gt;(int32 x,
[xUnit.net 00:00:09.49]                                            !!a y) cil managed
[xUnit.net 00:00:09.49]         {
[xUnit.net 00:00:09.49]           
[xUnit.net 00:00:09.49]           .maxstack  8
[xUnit.net 00:00:09.49]           IL_0000:  ldstr      "%d"
[xUnit.net 00:00:09.49]           IL_0005:  newobj     instance void class [FSharp.Core]Microsoft.FSharp.Core.PrintfFormat`5&lt;class [FSharp.Core]Microsoft.FSharp.Core.FSharpFunc`2&lt;int32,class [FSharp.Core]Microsoft.FSharp.Core.Unit&gt;,class [runtime]System.IO.TextWriter,class [FSharp.Core]Microsoft.FSharp.Core.Unit,class [FSharp.Core]Microsoft.FSharp.Core.Unit,int32&gt;::.ctor(string)
[xUnit.net 00:00:09.49]           IL_000a:  call       !!0 [FSharp.Core]Microsoft.FSharp.Core.ExtraTopLevelOperators::PrintFormatLine&lt;class [FSharp.Core]Microsoft.FSharp.Core.FSharpFunc`2&lt;int32,class [FSharp.Core]Microsoft.FSharp.Core.Unit&gt;&gt;(class [FSharp.Core]Microsoft.FSharp.Core.PrintfFormat`4&lt;!!0,class [runtime]System.IO.TextWriter,class [FSharp.Core]Microsoft.FSharp.Core.Unit,class [FSharp.Core]Microsoft.FSharp.Core.Unit&gt;)
[xUnit.net 00:00:09.49]           IL_000f:  ldarg.0
[xUnit.net 00:00:09.49]           IL_0010:  callvirt   instance !1 class [FSharp.Core]Microsoft.FSharp.Core.FSharpFunc`2&lt;int32,class [FSharp.Core]Microsoft.FSharp.Core.Unit&gt;::Invoke(!0)
[xUnit.net 00:00:09.49]           IL_0015:  pop
[xUnit.net 00:00:09.49]           IL_0016:  ret
[xUnit.net 00:00:09.49]         } 
[xUnit.net 00:00:09.49]       
[xUnit.net 00:00:09.49]         .method public static void  run() cil managed
[xUnit.net 00:00:09.49]         {
[xUnit.net 00:00:09.49]           
[xUnit.net 00:00:09.49]           .maxstack  6
[xUnit.net 00:00:09.49]           .locals init (native int V_0,
[xUnit.net 00:00:09.49]                    int32[] V_1,
[xUnit.net 00:00:09.49]                    int32&amp; pinned V_2)
[xUnit.net 00:00:09.49]           IL_0000:  ldc.i4.3
[xUnit.net 00:00:09.49]           IL_0001:  newarr     [runtime]System.Int32
[xUnit.net 00:00:09.49]           IL_0006:  dup
[xUnit.net 00:00:09.49]           IL_0007:  ldc.i4.0
[xUnit.net 00:00:09.49]           IL_0008:  ldc.i4.1
[xUnit.net 00:00:09.49]           IL_0009:  stelem     [runtime]System.Int32
[xUnit.net 00:00:09.49]           IL_000e:  dup
[xUnit.net 00:00:09.49]           IL_000f:  ldc.i4.1
[xUnit.net 00:00:09.49]           IL_0010:  ldc.i4.2
[xUnit.net 00:00:09.49]           IL_0011:  stelem     [runtime]System.Int32
[xUnit.net 00:00:09.49]           IL_0016:  dup
[xUnit.net 00:00:09.49]           IL_0017:  ldc.i4.2
[xUnit.net 00:00:09.49]           IL_0018:  ldc.i4.3
[xUnit.net 00:00:09.49]           IL_0019:  stelem     [runtime]System.Int32
[xUnit.net 00:00:09.49]           IL_001e:  stloc.1
[xUnit.net 00:00:09.49]           IL_001f:  ldloc.1
[xUnit.net 00:00:09.49]           IL_0020:  brfalse.s  IL_003c
[xUnit.net 00:00:09.49]       
[xUnit.net 00:00:09.49]           IL_0022:  ldloc.1
[xUnit.net 00:00:09.49]           IL_0023:  call       int32 [FSharp.Core]Microsoft.FSharp.Collections.ArrayModule::Length&lt;int32&gt;(!!0[])
[xUnit.net 00:00:09.49]           IL_0028:  brfalse.s  IL_0037
[xUnit.net 00:00:09.49]       
[xUnit.net 00:00:09.49]           IL_002a:  ldloc.1
[xUnit.net 00:00:09.49]           IL_002b:  ldc.i4.0
[xUnit.net 00:00:09.49]           IL_002c:  ldelema    [runtime]System.Int32
[xUnit.net 00:00:09.49]           IL_0031:  stloc.2
[xUnit.net 00:00:09.49]           IL_0032:  ldloc.2
[xUnit.net 00:00:09.50]           IL_0033:  conv.i
[xUnit.net 00:00:09.50]           IL_0034:  nop
[xUnit.net 00:00:09.50]           IL_0035:  br.s       IL_003f
[xUnit.net 00:00:09.50]       
[xUnit.net 00:00:09.50]           IL_0037:  ldc.i4.0
[xUnit.net 00:00:09.50]           IL_0038:  conv.i
[xUnit.net 00:00:09.50]           IL_0039:  nop
[xUnit.net 00:00:09.50]           IL_003a:  br.s       IL_003f
[xUnit.net 00:00:09.50]       
[xUnit.net 00:00:09.50]           IL_003c:  ldc.i4.0
[xUnit.net 00:00:09.50]           IL_003d:  conv.i
[xUnit.net 00:00:09.50]           IL_003e:  nop
[xUnit.net 00:00:09.50]           IL_003f:  stloc.0
[xUnit.net 00:00:09.50]           IL_0040:  ldc.i4.s   42
[xUnit.net 00:00:09.50]           IL_0042:  ldc.i4.5
[xUnit.net 00:00:09.50]           IL_0043:  tail.
[xUnit.net 00:00:09.50]           IL_0045:  call       void TailCall06::foo&lt;int32&gt;(int32,
[xUnit.net 00:00:09.50]                                                            !!0)
[xUnit.net 00:00:09.50]           IL_004a:  ret
[xUnit.net 00:00:09.50]         } 
[xUnit.net 00:00:09.50]       
[xUnit.net 00:00:09.50]       } 
[xUnit.net 00:00:09.50]       
[xUnit.net 00:00:09.50]       .class private abstract auto ansi sealed '&lt;StartupCode$assembly&gt;'.$TailCall06
[xUnit.net 00:00:09.50]              extends [runtime]System.Object
[xUnit.net 00:00:09.50]       {
[xUnit.net 00:00:09.50]       } 
[xUnit.net 00:00:09.50]       
[xUnit.net 00:00:09.50]       
[xUnit.net 00:00:09.50]       
[xUnit.net 00:00:09.50]       
[xUnit.net 00:00:09.50]       
[xUnit.net 00:00:09.50]       
[xUnit.net 00:00:09.50]       Stack Trace:
[xUnit.net 00:00:09.50]         /home/runner/work/fsharp/fsharp/tests/FSharp.Test.Utilities/ILChecker.fs(184,0): at FSharp.Test.ILChecker.checkILAux(IEnumerable`1 ildasmArgs, String dllFilePath, FSharpList`1 expectedIL)
[xUnit.net 00:00:09.50]         /home/runner/work/fsharp/fsharp/tests/FSharp.Test.Utilities/ILChecker.fs(192,0): at FSharp.Test.ILChecker.checkIL(String dllFilePath, FSharpList`1 expectedIL)
[xUnit.net 00:00:09.50]            at FSharp.Test.Compiler.verifyIL@1374.Invoke(String dllFilePath, FSharpList`1 expectedIL)
[xUnit.net 00:00:09.50]         /home/runner/work/fsharp/fsharp/tests/FSharp.Compiler.ComponentTests/EmittedIL/TailCalls.fs(249,0): at EmittedIL.Tail Calls.TailCall 06 - No tail call with pinned locals()
[xUnit.net 00:00:09.50]            at System.Reflection.MethodBaseInvoker.InterpretedInvoke_Method(Object obj, IntPtr* args)
[xUnit.net 00:00:09.50]            at System.Reflection.RuntimeMethodInfo.Invoke(Object obj, BindingFlags invokeAttr, Binder binder, Object[] parameters, CultureInfo culture)
[xUnit.net 00:00:16.66]   Finished:    FSharp.Compiler.ComponentTests
</StdOut>
    </Output>
    <RunInfos>
      <RunInfo computerName="pkrvm7jw40e0xgp" outcome="Error" timestamp="2025-09-08T16:30:40.6554318+00:00">
        <Text>[xUnit.net 00:00:09.47]     EmittedIL.Tail Calls.TailCall 06 - No tail call with pinned locals [FAIL]</Text>
      </RunInfo>
    </RunInfos>
  </ResultSummary>
</TestRun>