<?xml version="1.0" encoding="utf-8"?>
<TestRun id="fd36b91d-51f4-44c2-b792-0f337044ebb7" name="@pkrvm7jw40e0xgp 2025-09-08 16:31:54" xmlns="http://microsoft.com/schemas/VisualStudio/TeamTest/2010">
  <Times creation="2025-09-08T16:31:54.4155853+00:00" queuing="2025-09-08T16:31:54.4155854+00:00" start="2025-09-08T16:31:47.0612598+00:00" finish="2025-09-08T16:32:04.4830543+00:00" />
  <TestSettings name="default" id="79c77bb1-438a-41d5-9112-05fdfa41f0ae">
    <Deployment runDeploymentRoot="_pkrvm7jw40e0xgp_2025-09-08_16_31_54" />
  </TestSettings>
  <Results>
    <UnitTestResult executionId="af47adf6-d520-4b00-82f6-f18460ef8398" testId="d6bfc42f-b1fc-0fa4-7b50-843b01ffab09" testName="EmittedIL.Tail Calls.TailCall 02" computerName="pkrvm7jw40e0xgp" duration="00:00:00.5116506" startTime="2025-09-08T16:32:03.5587931+00:00" endTime="2025-09-08T16:32:03.5587932+00:00" testType="13cdc9d9-ddb5-4fa4-a97d-d965ccfc6d4b" outcome="Passed" testListId="8c84fa94-04c1-424b-9868-57a2d4851a1d" relativeResultsDirectory="af47adf6-d520-4b00-82f6-f18460ef8398" />
    <UnitTestResult executionId="07bb25d0-0caa-43c6-acd8-a355db2832ec" testId="66a9b9d6-913f-de04-1d95-0e4e249b1d4b" testName="ErrorMessages.TailCall Attribute.Warn for rec call inside of match lambda with closure over local function using pipe" computerName="pkrvm7jw40e0xgp" duration="00:00:00.4426348" startTime="2025-09-08T16:32:00.4080098+00:00" endTime="2025-09-08T16:32:00.4080099+00:00" testType="13cdc9d9-ddb5-4fa4-a97d-d965ccfc6d4b" outcome="Passed" testListId="8c84fa94-04c1-424b-9868-57a2d4851a1d" relativeResultsDirectory="07bb25d0-0caa-43c6-acd8-a355db2832ec" />
    <UnitTestResult executionId="9d252765-4ba3-4440-aa65-cc45bd28649b" testId="3a7fde04-42f0-fa25-7865-508c94836168" testName="ErrorMessages.TailCall Attribute.Don't warn for valid tailcall in type method" computerName="pkrvm7jw40e0xgp" duration="00:00:00.4330456" startTime="2025-09-08T16:31:59.4390955+00:00" endTime="2025-09-08T16:31:59.4390958+00:00" testType="13cdc9d9-ddb5-4fa4-a97d-d965ccfc6d4b" outcome="Passed" testListId="8c84fa94-04c1-424b-9868-57a2d4851a1d" relativeResultsDirectory="9d252765-4ba3-4440-aa65-cc45bd28649b" />
    <UnitTestResult executionId="b4edccd8-dcb5-423d-9a46-75bb7c46093e" testId="c5f08819-1c6e-7a5a-8eec-82cad816f9d9" testName="ErrorMessages.TailCall Attribute.Warn successfully in if-else" computerName="pkrvm7jw40e0xgp" duration="00:00:00.4994858" startTime="2025-09-08T16:32:02.5294673+00:00" endTime="2025-09-08T16:32:02.5294674+00:00" testType="13cdc9d9-ddb5-4fa4-a97d-d965ccfc6d4b" outcome="Passed" testListId="8c84fa94-04c1-424b-9868-57a2d4851a1d" relativeResultsDirectory="b4edccd8-dcb5-423d-9a46-75bb7c46093e" />
    <UnitTestResult executionId="38dd8a97-9aa9-40d7-8494-aa07b07211ef" testId="9c4d88f2-5398-cea6-edd8-c6ab4ab7f4d8" testName="ErrorMessages.TailCall Attribute.Warn successfully for invalid tailcalls in type methods" computerName="pkrvm7jw40e0xgp" duration="00:00:00.5408946" startTime="2025-09-08T16:32:00.5715784+00:00" endTime="2025-09-08T16:32:00.5715785+00:00" testType="13cdc9d9-ddb5-4fa4-a97d-d965ccfc6d4b" outcome="Passed" testListId="8c84fa94-04c1-424b-9868-57a2d4851a1d" relativeResultsDirectory="38dd8a97-9aa9-40d7-8494-aa07b07211ef" />
    <UnitTestResult executionId="726f395a-c47b-466a-aeb2-169526d57fd3" testId="1de4bd26-bfea-daff-f64f-58e547a36f4d" testName="ErrorMessages.TailCall Attribute.Warn about attribute on non-rec function" computerName="pkrvm7jw40e0xgp" duration="00:00:00.4039013" startTime="2025-09-08T16:32:01.8040074+00:00" endTime="2025-09-08T16:32:01.8040075+00:00" testType="13cdc9d9-ddb5-4fa4-a97d-d965ccfc6d4b" outcome="Passed" testListId="8c84fa94-04c1-424b-9868-57a2d4851a1d" relativeResultsDirectory="726f395a-c47b-466a-aeb2-169526d57fd3" />
    <UnitTestResult executionId="ac04ecec-a0e5-45aa-aa31-a3e715e5de8c" testId="77564a1d-c2b6-3f9e-f2da-e91f0ad63472" testName="ErrorMessages.TailCall Attribute.Warn for yield! call of rec func in list comprehension" computerName="pkrvm7jw40e0xgp" duration="00:00:00.8262788" startTime="2025-09-08T16:31:55.2094743+00:00" endTime="2025-09-08T16:31:55.2094744+00:00" testType="13cdc9d9-ddb5-4fa4-a97d-d965ccfc6d4b" outcome="Passed" testListId="8c84fa94-04c1-424b-9868-57a2d4851a1d" relativeResultsDirectory="ac04ecec-a0e5-45aa-aa31-a3e715e5de8c" />
    <UnitTestResult executionId="8040e51b-d4d6-4120-92bc-88881db074ee" testId="e199018e-8b93-1d1b-3b7f-c78e1434cdfe" testName="Diagnostics.General.General - W_Keyword_tailcall01_fs - --test:ErrorRanges(compilation: W_Keyword_tailcall01.fs)" computerName="pkrvm7jw40e0xgp" duration="00:00:00.9008934" startTime="2025-09-08T16:31:55.2943275+00:00" endTime="2025-09-08T16:31:55.2943278+00:00" testType="13cdc9d9-ddb5-4fa4-a97d-d965ccfc6d4b" outcome="Passed" testListId="8c84fa94-04c1-424b-9868-57a2d4851a1d" relativeResultsDirectory="8040e51b-d4d6-4120-92bc-88881db074ee" />
    <UnitTestResult executionId="17c941a3-112d-4af7-b675-41a094235b79" testId="f5841a4f-a406-8d2b-29a5-2ee549a0e3a4" testName="ErrorMessages.TailCall Attribute.Warn for byref parameters" computerName="pkrvm7jw40e0xgp" duration="00:00:00.4404029" startTime="2025-09-08T16:32:01.6444624+00:00" endTime="2025-09-08T16:32:01.6444625+00:00" testType="13cdc9d9-ddb5-4fa4-a97d-d965ccfc6d4b" outcome="Passed" testListId="8c84fa94-04c1-424b-9868-57a2d4851a1d" relativeResultsDirectory="17c941a3-112d-4af7-b675-41a094235b79" />
    <UnitTestResult executionId="d975a65a-fb62-4a53-bfc7-1a6728479b59" testId="35032a10-18e8-39e8-8d7c-c0c038f43667" testName="ErrorMessages.TailCall Attribute.Warn successfully in Seq-mapped recursive call" computerName="pkrvm7jw40e0xgp" duration="00:00:00.5275194" startTime="2025-09-08T16:32:00.6370920+00:00" endTime="2025-09-08T16:32:00.6370921+00:00" testType="13cdc9d9-ddb5-4fa4-a97d-d965ccfc6d4b" outcome="Passed" testListId="8c84fa94-04c1-424b-9868-57a2d4851a1d" relativeResultsDirectory="d975a65a-fb62-4a53-bfc7-1a6728479b59" />
    <UnitTestResult executionId="29491d54-7b00-49f4-b0d2-569a973e84c0" testId="d4bcd9c7-d440-68c3-1697-84e43275e5d6" testName="EmittedIL.Tail Calls.TailCall 01" computerName="pkrvm7jw40e0xgp" duration="00:00:00.4541274" startTime="2025-09-08T16:32:01.5928835+00:00" endTime="2025-09-08T16:32:01.5928836+00:00" testType="13cdc9d9-ddb5-4fa4-a97d-d965ccfc6d4b" outcome="Passed" testListId="8c84fa94-04c1-424b-9868-57a2d4851a1d" relativeResultsDirectory="29491d54-7b00-49f4-b0d2-569a973e84c0" />
    <UnitTestResult executionId="1659f45d-458b-4a71-8323-0cb2f94bf193" testId="e33b932e-7ed8-e230-2f2e-ad77133fc919" testName="ErrorMessages.TailCall Attribute.Warn successfully for rec call in binding" computerName="pkrvm7jw40e0xgp" duration="00:00:00.5256032" startTime="2025-09-08T16:31:59.9649889+00:00" endTime="2025-09-08T16:31:59.9649891+00:00" testType="13cdc9d9-ddb5-4fa4-a97d-d965ccfc6d4b" outcome="Passed" testListId="8c84fa94-04c1-424b-9868-57a2d4851a1d" relativeResultsDirectory="1659f45d-458b-4a71-8323-0cb2f94bf193" />
    <UnitTestResult executionId="a2cf3ac5-76d6-4c56-a3e2-76e74c82016d" testId="8b8e01af-b1c3-147b-1ec2-bbc975f83a1c" testName="ErrorMessages.TailCall Attribute.Don't warn for partial application but for calls in map and total applications" computerName="pkrvm7jw40e0xgp" duration="00:00:00.5216663" startTime="2025-09-08T16:32:03.8278671+00:00" endTime="2025-09-08T16:32:03.8278672+00:00" testType="13cdc9d9-ddb5-4fa4-a97d-d965ccfc6d4b" outcome="Passed" testListId="8c84fa94-04c1-424b-9868-57a2d4851a1d" relativeResultsDirectory="a2cf3ac5-76d6-4c56-a3e2-76e74c82016d" />
    <UnitTestResult executionId="e359982d-2c17-4140-846a-be018923670b" testId="b59e9265-347f-efb9-fdff-c8f537b851e3" testName="ErrorMessages.TailCall Attribute.Warn for rec call in if-else branch in try-with" computerName="pkrvm7jw40e0xgp" duration="00:00:00.4076264" startTime="2025-09-08T16:31:58.1108699+00:00" endTime="2025-09-08T16:31:58.1108703+00:00" testType="13cdc9d9-ddb5-4fa4-a97d-d965ccfc6d4b" outcome="Passed" testListId="8c84fa94-04c1-424b-9868-57a2d4851a1d" relativeResultsDirectory="e359982d-2c17-4140-846a-be018923670b" />
    <UnitTestResult executionId="22e788b2-daf7-4f4c-9317-acbffb025f1c" testId="8b5474b1-f126-820a-423d-0e1d55afea17" testName="ErrorMessages.TailCall Attribute.Warn for simple rec call in try-with" computerName="pkrvm7jw40e0xgp" duration="00:00:00.5497300" startTime="2025-09-08T16:31:56.6616986+00:00" endTime="2025-09-08T16:31:56.6616990+00:00" testType="13cdc9d9-ddb5-4fa4-a97d-d965ccfc6d4b" outcome="Passed" testListId="8c84fa94-04c1-424b-9868-57a2d4851a1d" relativeResultsDirectory="22e788b2-daf7-4f4c-9317-acbffb025f1c" />
    <UnitTestResult executionId="f26221b9-be2c-4a22-ac30-e26e2dfd3b99" testId="2bf2829e-ef1b-2848-e0f9-a78af46e018a" testName="Conformance.InferenceProcedures.ByrefSafetyAnalysis.NoTailcallToByrefsWithModReq(compilation: File: NoTailcallToByrefsWithModReq.fs)" computerName="pkrvm7jw40e0xgp" duration="00:00:01.4049008" startTime="2025-09-08T16:31:58.4925407+00:00" endTime="2025-09-08T16:31:58.4925409+00:00" testType="13cdc9d9-ddb5-4fa4-a97d-d965ccfc6d4b" outcome="Passed" testListId="8c84fa94-04c1-424b-9868-57a2d4851a1d" relativeResultsDirectory="f26221b9-be2c-4a22-ac30-e26e2dfd3b99" />
    <UnitTestResult executionId="284f4a89-2ae8-4a4b-8f1b-faf7c059e763" testId="728d7ca8-43bc-ddff-34b2-91f1cd754afb" testName="ErrorMessages.TailCall Attribute.Warn for rec call in Sequential in use scope" computerName="pkrvm7jw40e0xgp" duration="00:00:00.5703413" startTime="2025-09-08T16:31:55.8651236+00:00" endTime="2025-09-08T16:31:55.8651238+00:00" testType="13cdc9d9-ddb5-4fa4-a97d-d965ccfc6d4b" outcome="Passed" testListId="8c84fa94-04c1-424b-9868-57a2d4851a1d" relativeResultsDirectory="284f4a89-2ae8-4a4b-8f1b-faf7c059e763" />
    <UnitTestResult executionId="9916be8b-51ca-435f-a60d-c0eb2fe51f8a" testId="563d248c-94d0-7002-73a0-96fa515831a3" testName="EmittedIL.Tail Calls.TailCall 06 - No tail call with pinned locals" computerName="pkrvm7jw40e0xgp" duration="00:00:00.5770757" startTime="2025-09-08T16:31:57.1868377+00:00" endTime="2025-09-08T16:31:57.1868379+00:00" testType="13cdc9d9-ddb5-4fa4-a97d-d965ccfc6d4b" outcome="Failed" testListId="8c84fa94-04c1-424b-9868-57a2d4851a1d" relativeResultsDirectory="9916be8b-51ca-435f-a60d-c0eb2fe51f8a">
      <Output>
        <ErrorInfo>
          <Message>
==
Name: 'IL_0040:  ldc.i4.s   42'

Expected:	 IL_0043:  call       void TailCall06::foo&lt;int32&gt;(int32,
Actual:		 IL_0043:  tail.
==

==
Name: 'IL_0040:  ldc.i4.s   42'

Expected:	 !!0)
Actual:		 IL_0045:  call       void TailCall06::foo&lt;int32&gt;(int32,
==

==
Name: 'IL_0040:  ldc.i4.s   42'

Expected:	 IL_0048:  nop
Actual:		 !!0)
==

==
Name: 'IL_0040:  ldc.i4.s   42'

Expected:	 IL_0049:  ldc.i4.0
Actual:		 IL_004a:  ret
==

\Expected:
IL_0040:  ldc.i4.s   42
    IL_0042:  ldc.i4.5
    IL_0043:  call       void TailCall06::foo&lt;int32&gt;(int32,
                                                     !!0)
    IL_0048:  nop
    IL_0049:  ldc.i4.0



Actual:
IL_0040:  ldc.i4.s   42
    IL_0042:  ldc.i4.5
    IL_0043:  tail.
    IL_0045:  call       void TailCall06::foo&lt;int32&gt;(int32,
                                                     !!0)
    IL_004a:  ret


Entire actual:





.assembly extern runtime { }
.assembly extern FSharp.Core { }
.assembly assembly
{
  .custom instance void [FSharp.Core]Microsoft.FSharp.Core.FSharpInterfaceDataVersionAttribute::.ctor(int32,
                                                                                                      int32,
                                                                                                      int32) = ( 01 00 02 00 00 00 00 00 00 00 00 00 00 00 00 00 ) 

  
  

  .hash algorithm 0x00008004
  .ver 0:0:0:0
}
.module assembly.dll

.imagebase {value}
.file alignment 0x00000200
.stackreserve 0x00100000
.subsystem 0x0003       
.corflags 0x00000001    





.class public abstract auto ansi sealed TailCall06
       extends [runtime]System.Object
{
  .custom instance void [FSharp.Core]Microsoft.FSharp.Core.CompilationMappingAttribute::.ctor(valuetype [FSharp.Core]Microsoft.FSharp.Core.SourceConstructFlags) = ( 01 00 07 00 00 00 00 00 ) 
  .method public static void  foo&lt;a&gt;(int32 x,
                                     !!a y) cil managed
  {
    
    .maxstack  8
    IL_0000:  ldstr      "%d"
    IL_0005:  newobj     instance void class [FSharp.Core]Microsoft.FSharp.Core.PrintfFormat`5&lt;class [FSharp.Core]Microsoft.FSharp.Core.FSharpFunc`2&lt;int32,class [FSharp.Core]Microsoft.FSharp.Core.Unit&gt;,class [runtime]System.IO.TextWriter,class [FSharp.Core]Microsoft.FSharp.Core.Unit,class [FSharp.Core]Microsoft.FSharp.Core.Unit,int32&gt;::.ctor(string)
    IL_000a:  call       !!0 [FSharp.Core]Microsoft.FSharp.Core.ExtraTopLevelOperators::PrintFormatLine&lt;class [FSharp.Core]Microsoft.FSharp.Core.FSharpFunc`2&lt;int32,class [FSharp.Core]Microsoft.FSharp.Core.Unit&gt;&gt;(class [FSharp.Core]Microsoft.FSharp.Core.PrintfFormat`4&lt;!!0,class [runtime]System.IO.TextWriter,class [FSharp.Core]Microsoft.FSharp.Core.Unit,class [FSharp.Core]Microsoft.FSharp.Core.Unit&gt;)
    IL_000f:  ldarg.0
    IL_0010:  callvirt   instance !1 class [FSharp.Core]Microsoft.FSharp.Core.FSharpFunc`2&lt;int32,class [FSharp.Core]Microsoft.FSharp.Core.Unit&gt;::Invoke(!0)
    IL_0015:  pop
    IL_0016:  ret
  } 

  .method public static void  run() cil managed
  {
    
    .maxstack  6
    .locals init (native int V_0,
             int32[] V_1,
             int32&amp; pinned V_2)
    IL_0000:  ldc.i4.3
    IL_0001:  newarr     [runtime]System.Int32
    IL_0006:  dup
    IL_0007:  ldc.i4.0
    IL_0008:  ldc.i4.1
    IL_0009:  stelem     [runtime]System.Int32
    IL_000e:  dup
    IL_000f:  ldc.i4.1
    IL_0010:  ldc.i4.2
    IL_0011:  stelem     [runtime]System.Int32
    IL_0016:  dup
    IL_0017:  ldc.i4.2
    IL_0018:  ldc.i4.3
    IL_0019:  stelem     [runtime]System.Int32
    IL_001e:  stloc.1
    IL_001f:  ldloc.1
    IL_0020:  brfalse.s  IL_003c

    IL_0022:  ldloc.1
    IL_0023:  call       int32 [FSharp.Core]Microsoft.FSharp.Collections.ArrayModule::Length&lt;int32&gt;(!!0[])
    IL_0028:  brfalse.s  IL_0037

    IL_002a:  ldloc.1
    IL_002b:  ldc.i4.0
    IL_002c:  ldelema    [runtime]System.Int32
    IL_0031:  stloc.2
    IL_0032:  ldloc.2
    IL_0033:  conv.i
    IL_0034:  nop
    IL_0035:  br.s       IL_003f

    IL_0037:  ldc.i4.0
    IL_0038:  conv.i
    IL_0039:  nop
    IL_003a:  br.s       IL_003f

    IL_003c:  ldc.i4.0
    IL_003d:  conv.i
    IL_003e:  nop
    IL_003f:  stloc.0
    IL_0040:  ldc.i4.s   42
    IL_0042:  ldc.i4.5
    IL_0043:  tail.
    IL_0045:  call       void TailCall06::foo&lt;int32&gt;(int32,
                                                     !!0)
    IL_004a:  ret
  } 

} 

.class private abstract auto ansi sealed '&lt;StartupCode$assembly&gt;'.$TailCall06
       extends [runtime]System.Object
{
} 





</Message>
          <StackTrace>   at FSharp.Test.ILChecker.checkILAux(IEnumerable`1 ildasmArgs, String dllFilePath, FSharpList`1 expectedIL) in /home/runner/work/fsharp/fsharp/tests/FSharp.Test.Utilities/ILChecker.fs:line 184
   at FSharp.Test.ILChecker.checkIL(String dllFilePath, FSharpList`1 expectedIL) in /home/runner/work/fsharp/fsharp/tests/FSharp.Test.Utilities/ILChecker.fs:line 192
   at FSharp.Test.Compiler.verifyIL@1374.Invoke(String dllFilePath, FSharpList`1 expectedIL)
   at EmittedIL.Tail Calls.TailCall 06 - No tail call with pinned locals() in /home/runner/work/fsharp/fsharp/tests/FSharp.Compiler.ComponentTests/EmittedIL/TailCalls.fs:line 249
   at System.Reflection.MethodBaseInvoker.InterpretedInvoke_Method(Object obj, IntPtr* args)
   at System.Reflection.RuntimeMethodInfo.Invoke(Object obj, BindingFlags invokeAttr, Binder binder, Object[] parameters, CultureInfo culture)</StackTrace>
        </ErrorInfo>
      </Output>
    </UnitTestResult>
    <UnitTestResult executionId="c32f68f4-a685-4526-9db5-3416e231ce98" testId="c8943d3d-3c07-5abb-0588-a975d682c4ef" testName="ErrorMessages.TailCall Attribute.Don't warn for Continuation Passing Style func not using [&lt;TailCall&gt;] func in continuation lambda" computerName="pkrvm7jw40e0xgp" duration="00:00:00.5648780" startTime="2025-09-08T16:31:57.2286706+00:00" endTime="2025-09-08T16:31:57.2286710+00:00" testType="13cdc9d9-ddb5-4fa4-a97d-d965ccfc6d4b" outcome="Passed" testListId="8c84fa94-04c1-424b-9868-57a2d4851a1d" relativeResultsDirectory="c32f68f4-a685-4526-9db5-3416e231ce98" />
    <UnitTestResult executionId="1c9e6a6c-4843-4d15-87cc-c7aa905882d5" testId="9b2e4318-8341-1a24-1481-37078f865ecd" testName="ErrorMessages.TailCall Attribute.Warn successfully in Array-mapped recursive call" computerName="pkrvm7jw40e0xgp" duration="00:00:00.8118001" startTime="2025-09-08T16:31:55.1955701+00:00" endTime="2025-09-08T16:31:55.1955703+00:00" testType="13cdc9d9-ddb5-4fa4-a97d-d965ccfc6d4b" outcome="Passed" testListId="8c84fa94-04c1-424b-9868-57a2d4851a1d" relativeResultsDirectory="1c9e6a6c-4843-4d15-87cc-c7aa905882d5" />
    <UnitTestResult executionId="cc24cbe5-7877-4406-afc5-9f4fdd8d2729" testId="97711743-a7ba-42fd-80e7-9ad16186aa9b" testName="ErrorMessages.TailCall Attribute.Warn for non tail-rec traversal" computerName="pkrvm7jw40e0xgp" duration="00:00:01.3064176" startTime="2025-09-08T16:31:58.5335784+00:00" endTime="2025-09-08T16:31:58.5335786+00:00" testType="13cdc9d9-ddb5-4fa4-a97d-d965ccfc6d4b" outcome="Passed" testListId="8c84fa94-04c1-424b-9868-57a2d4851a1d" relativeResultsDirectory="cc24cbe5-7877-4406-afc5-9f4fdd8d2729" />
    <UnitTestResult executionId="a86ad7b0-3804-41bd-8d98-df3acec2d0e0" testId="863996a8-6010-4f52-eca3-9f3c18ff4144" testName="ErrorMessages.TailCall Attribute.Error about attribute on non-recursive let-bound value" computerName="pkrvm7jw40e0xgp" duration="00:00:00.5059339" startTime="2025-09-08T16:31:59.6504001+00:00" endTime="2025-09-08T16:31:59.6504003+00:00" testType="13cdc9d9-ddb5-4fa4-a97d-d965ccfc6d4b" outcome="Passed" testListId="8c84fa94-04c1-424b-9868-57a2d4851a1d" relativeResultsDirectory="a86ad7b0-3804-41bd-8d98-df3acec2d0e0" />
    <UnitTestResult executionId="4ab5333e-0fdc-4feb-b27a-53c89e0d4ef1" testId="f3e9eb6b-d97d-32da-6246-96a7297071be" testName="ErrorMessages.TailCall Attribute.Warn for rec call in with" computerName="pkrvm7jw40e0xgp" duration="00:00:00.5136275" startTime="2025-09-08T16:31:56.3790726+00:00" endTime="2025-09-08T16:31:56.3790728+00:00" testType="13cdc9d9-ddb5-4fa4-a97d-d965ccfc6d4b" outcome="Passed" testListId="8c84fa94-04c1-424b-9868-57a2d4851a1d" relativeResultsDirectory="4ab5333e-0fdc-4feb-b27a-53c89e0d4ef1" />
    <UnitTestResult executionId="30035852-85f4-47b5-913b-9ef5fd767119" testId="86da542c-44e3-4178-7671-5682db7e2d3f" testName="ErrorMessages.TailCall Attribute.Warn for calls in for and iter" computerName="pkrvm7jw40e0xgp" duration="00:00:00.6931204" startTime="2025-09-08T16:32:00.0303626+00:00" endTime="2025-09-08T16:32:00.0303627+00:00" testType="13cdc9d9-ddb5-4fa4-a97d-d965ccfc6d4b" outcome="Passed" testListId="8c84fa94-04c1-424b-9868-57a2d4851a1d" relativeResultsDirectory="30035852-85f4-47b5-913b-9ef5fd767119" />
    <UnitTestResult executionId="39845027-e84b-400b-8438-e2c443994dfc" testId="9ceac089-94de-347f-4eaa-3a55ad47cc03" testName="EmittedIL.Tail Calls.TailCall 05" computerName="pkrvm7jw40e0xgp" duration="00:00:00.4563701" startTime="2025-09-08T16:32:00.1092564+00:00" endTime="2025-09-08T16:32:00.1092565+00:00" testType="13cdc9d9-ddb5-4fa4-a97d-d965ccfc6d4b" outcome="Passed" testListId="8c84fa94-04c1-424b-9868-57a2d4851a1d" relativeResultsDirectory="39845027-e84b-400b-8438-e2c443994dfc" />
    <UnitTestResult executionId="590bd7fc-5011-44a8-b805-4cc992ab89ec" testId="78b9ea4d-0937-bee7-2f47-d031f38515a9" testName="EmittedIL.SeqExpressionTailCalls.SeqExpressionTailCalls02_fs(compilation: File: SeqExpressionTailCalls02.fs)" computerName="pkrvm7jw40e0xgp" duration="00:00:00.5697813" startTime="2025-09-08T16:32:01.4002052+00:00" endTime="2025-09-08T16:32:01.4002053+00:00" testType="13cdc9d9-ddb5-4fa4-a97d-d965ccfc6d4b" outcome="Passed" testListId="8c84fa94-04c1-424b-9868-57a2d4851a1d" relativeResultsDirectory="590bd7fc-5011-44a8-b805-4cc992ab89ec" />
    <UnitTestResult executionId="9ed31aaa-f552-495e-aec5-98e9e653b198" testId="25cca450-bbad-a035-b07c-f3f497c553ae" testName="ErrorMessages.TailCall Attribute.Warn for ColonColon with inner let-bound value to rec call" computerName="pkrvm7jw40e0xgp" duration="00:00:00.4359652" startTime="2025-09-08T16:32:02.0293073+00:00" endTime="2025-09-08T16:32:02.0293074+00:00" testType="13cdc9d9-ddb5-4fa4-a97d-d965ccfc6d4b" outcome="Passed" testListId="8c84fa94-04c1-424b-9868-57a2d4851a1d" relativeResultsDirectory="9ed31aaa-f552-495e-aec5-98e9e653b198" />
    <UnitTestResult executionId="204d3cab-1c6e-4de4-a55e-25e6025ddfa0" testId="46cf0cb0-ade9-d851-e055-58017491a678" testName="ErrorMessages.TailCall Attribute.Warn for non tail-rec traversal with List.collect" computerName="pkrvm7jw40e0xgp" duration="00:00:00.5821176" startTime="2025-09-08T16:32:03.9419357+00:00" endTime="2025-09-08T16:32:03.9419358+00:00" testType="13cdc9d9-ddb5-4fa4-a97d-d965ccfc6d4b" outcome="Passed" testListId="8c84fa94-04c1-424b-9868-57a2d4851a1d" relativeResultsDirectory="204d3cab-1c6e-4de4-a55e-25e6025ddfa0" />
    <UnitTestResult executionId="9100233e-b778-42c2-ad21-4d8962c12aed" testId="6aa64bf0-69e4-57ea-313d-22ee1fb4a813" testName="ErrorMessages.TailCall Attribute.Don't warn for valid tailcalls in rec module" computerName="pkrvm7jw40e0xgp" duration="00:00:00.5006976" startTime="2025-09-08T16:32:01.1383110+00:00" endTime="2025-09-08T16:32:01.1383111+00:00" testType="13cdc9d9-ddb5-4fa4-a97d-d965ccfc6d4b" outcome="Passed" testListId="8c84fa94-04c1-424b-9868-57a2d4851a1d" relativeResultsDirectory="9100233e-b778-42c2-ad21-4d8962c12aed" />
    <UnitTestResult executionId="09aedcff-0160-4652-abdb-44045f1f5ef8" testId="9d1080cb-5c7a-e027-4f9e-1097da80a7ca" testName="ErrorMessages.TailCall Attribute.Don't warn for Continuation Passing Style func using [&lt;TailCall&gt;] func in continuation lambda" computerName="pkrvm7jw40e0xgp" duration="00:00:00.8080865" startTime="2025-09-08T16:32:04.3675243+00:00" endTime="2025-09-08T16:32:04.3675244+00:00" testType="13cdc9d9-ddb5-4fa4-a97d-d965ccfc6d4b" outcome="Passed" testListId="8c84fa94-04c1-424b-9868-57a2d4851a1d" relativeResultsDirectory="09aedcff-0160-4652-abdb-44045f1f5ef8" />
    <UnitTestResult executionId="eff4be20-5608-4150-ba2c-72d7b0e0b77a" testId="96af492f-10db-9ba2-a1e1-2d4d8581da64" testName="ErrorMessages.TailCall Attribute.Warn for invalid calls in inner bindings of conditional" computerName="pkrvm7jw40e0xgp" duration="00:00:00.4808863" startTime="2025-09-08T16:32:00.6359569+00:00" endTime="2025-09-08T16:32:00.6359570+00:00" testType="13cdc9d9-ddb5-4fa4-a97d-d965ccfc6d4b" outcome="Passed" testListId="8c84fa94-04c1-424b-9868-57a2d4851a1d" relativeResultsDirectory="eff4be20-5608-4150-ba2c-72d7b0e0b77a" />
    <UnitTestResult executionId="039f52c8-e8cf-45e3-9e7f-46447ca40d8a" testId="312b4f15-fc23-4b9f-8fb4-eb93bace8504" testName="ErrorMessages.TailCall Attribute.Warn about self-defined attribute" computerName="pkrvm7jw40e0xgp" duration="00:00:00.6314589" startTime="2025-09-08T16:32:01.2034636+00:00" endTime="2025-09-08T16:32:01.2034637+00:00" testType="13cdc9d9-ddb5-4fa4-a97d-d965ccfc6d4b" outcome="Passed" testListId="8c84fa94-04c1-424b-9868-57a2d4851a1d" relativeResultsDirectory="039f52c8-e8cf-45e3-9e7f-46447ca40d8a" />
    <UnitTestResult executionId="047f9f73-16d0-4c14-b12f-1a945efc05b6" testId="97ba0c19-25d4-24f5-b9b9-0084d1150343" testName="Miscellaneous.FsharpSuiteMigrated_CoreTests.controlMailbox --tailcalls" computerName="pkrvm7jw40e0xgp" duration="00:00:00.0016692" startTime="2025-09-08T16:31:59.6536875+00:00" endTime="2025-09-08T16:31:59.6536876+00:00" testType="13cdc9d9-ddb5-4fa4-a97d-d965ccfc6d4b" outcome="Passed" testListId="8c84fa94-04c1-424b-9868-57a2d4851a1d" relativeResultsDirectory="047f9f73-16d0-4c14-b12f-1a945efc05b6" />
    <UnitTestResult executionId="c57c811c-bd20-4944-9916-379d0565e7e6" testId="15c40399-a416-396c-43e3-c53da0a31089" testName="ErrorMessages.TailCall Attribute.Don't warn for valid tailcalls in type methods" computerName="pkrvm7jw40e0xgp" duration="00:00:00.5059479" startTime="2025-09-08T16:31:57.0868950+00:00" endTime="2025-09-08T16:31:57.0868960+00:00" testType="13cdc9d9-ddb5-4fa4-a97d-d965ccfc6d4b" outcome="Passed" testListId="8c84fa94-04c1-424b-9868-57a2d4851a1d" relativeResultsDirectory="c57c811c-bd20-4944-9916-379d0565e7e6" />
    <UnitTestResult executionId="0e88274e-3c55-45d4-a943-f0119aa5052f" testId="5205c03c-3fcc-0916-9655-a49dbb17ca19" testName="ErrorMessages.TailCall Attribute.Warn for recursive call in list comprehension" computerName="pkrvm7jw40e0xgp" duration="00:00:05.7171629" startTime="2025-09-08T16:31:54.3841106+00:00" endTime="2025-09-08T16:31:54.3841107+00:00" testType="13cdc9d9-ddb5-4fa4-a97d-d965ccfc6d4b" outcome="Passed" testListId="8c84fa94-04c1-424b-9868-57a2d4851a1d" relativeResultsDirectory="0e88274e-3c55-45d4-a943-f0119aa5052f" />
    <UnitTestResult executionId="abef7ae8-97ab-4477-a00b-d5cbec0d0c05" testId="a488c302-a557-f198-7708-f35c9fbf743a" testName="ErrorMessages.TailCall Attribute.Don't warn for Continuation Passing Style func using [&lt;TailCall&gt;] func in list of continuations" computerName="pkrvm7jw40e0xgp" duration="00:00:00.5779393" startTime="2025-09-08T16:31:59.1948087+00:00" endTime="2025-09-08T16:31:59.1948090+00:00" testType="13cdc9d9-ddb5-4fa4-a97d-d965ccfc6d4b" outcome="Passed" testListId="8c84fa94-04c1-424b-9868-57a2d4851a1d" relativeResultsDirectory="abef7ae8-97ab-4477-a00b-d5cbec0d0c05" />
    <UnitTestResult executionId="6d62b0a1-18a8-4550-a9dc-1c79792589c2" testId="df31f642-eca7-7748-8275-a5785161f781" testName="ErrorMessages.TailCall Attribute.Warn for invalid tailcalls in async expression" computerName="pkrvm7jw40e0xgp" duration="00:00:00.4565279" startTime="2025-09-08T16:32:02.8564900+00:00" endTime="2025-09-08T16:32:02.8564901+00:00" testType="13cdc9d9-ddb5-4fa4-a97d-d965ccfc6d4b" outcome="Passed" testListId="8c84fa94-04c1-424b-9868-57a2d4851a1d" relativeResultsDirectory="6d62b0a1-18a8-4550-a9dc-1c79792589c2" />
    <UnitTestResult executionId="1f2b0757-38bb-4018-b8a3-c1ebd012c279" testId="9dcdfaba-85f6-301e-db8b-fe3dfad76cdd" testName="ErrorMessages.TailCall Attribute.Warn for invalid tailcalls in rec module" computerName="pkrvm7jw40e0xgp" duration="00:00:00.6241402" startTime="2025-09-08T16:31:59.1437629+00:00" endTime="2025-09-08T16:31:59.1437632+00:00" testType="13cdc9d9-ddb5-4fa4-a97d-d965ccfc6d4b" outcome="Passed" testListId="8c84fa94-04c1-424b-9868-57a2d4851a1d" relativeResultsDirectory="1f2b0757-38bb-4018-b8a3-c1ebd012c279" />
    <UnitTestResult executionId="1f6a454f-f13e-4bf3-878a-06fa04eb1fb4" testId="63797907-9f3e-f622-0188-9330ac7cf14f" testName="ErrorMessages.TailCall Attribute.Error about attribute on recursive let-bound value" computerName="pkrvm7jw40e0xgp" duration="00:00:00.4372757" startTime="2025-09-08T16:31:57.7028057+00:00" endTime="2025-09-08T16:31:57.7028058+00:00" testType="13cdc9d9-ddb5-4fa4-a97d-d965ccfc6d4b" outcome="Passed" testListId="8c84fa94-04c1-424b-9868-57a2d4851a1d" relativeResultsDirectory="1f6a454f-f13e-4bf3-878a-06fa04eb1fb4" />
    <UnitTestResult executionId="65fb188c-e5a7-4f6e-b413-0167d9d736e1" testId="ca884314-c7ec-f91d-ecd3-f6f004bc4c30" testName="Miscellaneous.FsharpSuiteMigrated_CoreTests+CoreControl.control --tailcalls" computerName="pkrvm7jw40e0xgp" duration="00:00:00.0001072" startTime="2025-09-08T16:32:04.3679985+00:00" endTime="2025-09-08T16:32:04.3679986+00:00" testType="13cdc9d9-ddb5-4fa4-a97d-d965ccfc6d4b" outcome="Passed" testListId="8c84fa94-04c1-424b-9868-57a2d4851a1d" relativeResultsDirectory="65fb188c-e5a7-4f6e-b413-0167d9d736e1" />
    <UnitTestResult executionId="8ab7cd4d-100e-43e2-b244-948deccb02d5" testId="b6083789-3c93-7617-8b00-37951134e792" testName="ErrorMessages.TailCall Attribute.Don't warn for yield! in tail position" computerName="pkrvm7jw40e0xgp" duration="00:00:00.7271809" startTime="2025-09-08T16:31:56.5801453+00:00" endTime="2025-09-08T16:31:56.5801454+00:00" testType="13cdc9d9-ddb5-4fa4-a97d-d965ccfc6d4b" outcome="Passed" testListId="8c84fa94-04c1-424b-9868-57a2d4851a1d" relativeResultsDirectory="8ab7cd4d-100e-43e2-b244-948deccb02d5" />
    <UnitTestResult executionId="d6a52f8b-ace2-4780-8980-b749b7b918f7" testId="f021c821-b4ad-3c0e-1493-f09c51083c1f" testName="ErrorMessages.TailCall Attribute.Warn for return! rec call in async try-with" computerName="pkrvm7jw40e0xgp" duration="00:00:00.5909551" startTime="2025-09-08T16:32:02.2359514+00:00" endTime="2025-09-08T16:32:02.2359516+00:00" testType="13cdc9d9-ddb5-4fa4-a97d-d965ccfc6d4b" outcome="Passed" testListId="8c84fa94-04c1-424b-9868-57a2d4851a1d" relativeResultsDirectory="d6a52f8b-ace2-4780-8980-b749b7b918f7" />
    <UnitTestResult executionId="ded8e89f-dc28-466a-aca9-60dee88ab04b" testId="490839eb-f81d-260a-e018-5a4e5b86ec44" testName="EmittedIL.Tail Calls.TailCall 03" computerName="pkrvm7jw40e0xgp" duration="00:00:00.4186328" startTime="2025-09-08T16:32:00.8270593+00:00" endTime="2025-09-08T16:32:00.8270594+00:00" testType="13cdc9d9-ddb5-4fa4-a97d-d965ccfc6d4b" outcome="Passed" testListId="8c84fa94-04c1-424b-9868-57a2d4851a1d" relativeResultsDirectory="ded8e89f-dc28-466a-aca9-60dee88ab04b" />
    <UnitTestResult executionId="7cbda4f9-2706-4091-9a17-6c572ffc1766" testId="3c7ec6d4-5327-f710-0cf7-ad9e5d66c0b5" testName="EmittedIL.Tail Calls.TailCall 04" computerName="pkrvm7jw40e0xgp" duration="00:00:00.6426911" startTime="2025-09-08T16:31:55.8525365+00:00" endTime="2025-09-08T16:31:55.8525366+00:00" testType="13cdc9d9-ddb5-4fa4-a97d-d965ccfc6d4b" outcome="Passed" testListId="8c84fa94-04c1-424b-9868-57a2d4851a1d" relativeResultsDirectory="7cbda4f9-2706-4091-9a17-6c572ffc1766" />
    <UnitTestResult executionId="3f8c65a6-cd0a-4fd9-a796-21014ca754da" testId="ce99c303-fcf4-2a4d-fba5-cbd3013c9e60" testName="ErrorMessages.TailCall Attribute.Warn for invalid tailcalls in seq expression because of bind" computerName="pkrvm7jw40e0xgp" duration="00:00:00.6530721" startTime="2025-09-08T16:32:03.3056331+00:00" endTime="2025-09-08T16:32:03.3056332+00:00" testType="13cdc9d9-ddb5-4fa4-a97d-d965ccfc6d4b" outcome="Passed" testListId="8c84fa94-04c1-424b-9868-57a2d4851a1d" relativeResultsDirectory="3f8c65a6-cd0a-4fd9-a796-21014ca754da" />
    <UnitTestResult executionId="a1a2d22f-bae1-4760-a97c-dd1d79b6a873" testId="d9744f19-2f06-c10e-bbad-17727f243253" testName="ErrorMessages.TailCall Attribute.Don't warn for Continuation Passing Style func using [&lt;TailCall&gt;] func in object interface expression" computerName="pkrvm7jw40e0xgp" duration="00:00:00.8028409" startTime="2025-09-08T16:31:59.3368975+00:00" endTime="2025-09-08T16:31:59.3368981+00:00" testType="13cdc9d9-ddb5-4fa4-a97d-d965ccfc6d4b" outcome="Passed" testListId="8c84fa94-04c1-424b-9868-57a2d4851a1d" relativeResultsDirectory="a1a2d22f-bae1-4760-a97c-dd1d79b6a873" />
    <UnitTestResult executionId="cd2710e2-1f75-47f2-aa38-b6532dcbcc3a" testId="0185c0df-c520-b94b-6c8c-b3513a2df4d5" testName="ErrorMessages.TailCall Attribute.Don't warn for rec call of async func that evaluates an async parameter in a let!" computerName="pkrvm7jw40e0xgp" duration="00:00:00.4887385" startTime="2025-09-08T16:31:57.6524608+00:00" endTime="2025-09-08T16:31:57.6524610+00:00" testType="13cdc9d9-ddb5-4fa4-a97d-d965ccfc6d4b" outcome="Passed" testListId="8c84fa94-04c1-424b-9868-57a2d4851a1d" relativeResultsDirectory="cd2710e2-1f75-47f2-aa38-b6532dcbcc3a" />
    <UnitTestResult executionId="662a3f07-5a55-48ad-93fb-f5871b397ab0" testId="0e2a5abe-6aec-4037-9e3b-a9de60680a89" testName="ErrorMessages.TailCall Attribute.Warn successfully in match clause" computerName="pkrvm7jw40e0xgp" duration="00:00:00.5135573" startTime="2025-09-08T16:32:03.0447698+00:00" endTime="2025-09-08T16:32:03.0447699+00:00" testType="13cdc9d9-ddb5-4fa4-a97d-d965ccfc6d4b" outcome="Passed" testListId="8c84fa94-04c1-424b-9868-57a2d4851a1d" relativeResultsDirectory="662a3f07-5a55-48ad-93fb-f5871b397ab0" />
    <UnitTestResult executionId="10086f92-2315-4019-a4c3-1ebf4cbad7cc" testId="74787e1c-a6dc-f8e0-95c0-dc04ac0ba63b" testName="ErrorMessages.TailCall Attribute.Don't warn for piped arg in tailrec call" computerName="pkrvm7jw40e0xgp" duration="00:00:00.4077307" startTime="2025-09-08T16:31:58.5192802+00:00" endTime="2025-09-08T16:31:58.5192804+00:00" testType="13cdc9d9-ddb5-4fa4-a97d-d965ccfc6d4b" outcome="Passed" testListId="8c84fa94-04c1-424b-9868-57a2d4851a1d" relativeResultsDirectory="10086f92-2315-4019-a4c3-1ebf4cbad7cc" />
    <UnitTestResult executionId="23b46ec9-a65a-4735-8b8d-3b58b738bc9a" testId="c01a7ee7-e787-0487-2f1b-714865246f8c" testName="ErrorMessages.TailCall Attribute.Warn for ColonColon with rec call" computerName="pkrvm7jw40e0xgp" duration="00:00:00.4754386" startTime="2025-09-08T16:31:55.6699863+00:00" endTime="2025-09-08T16:31:55.6699864+00:00" testType="13cdc9d9-ddb5-4fa4-a97d-d965ccfc6d4b" outcome="Passed" testListId="8c84fa94-04c1-424b-9868-57a2d4851a1d" relativeResultsDirectory="23b46ec9-a65a-4735-8b8d-3b58b738bc9a" />
    <UnitTestResult executionId="e368aea1-f7c0-44d2-917f-399bf5c11124" testId="9227f6b3-8770-21c7-d697-1c364495ba39" testName="ErrorMessages.TailCall Attribute.Warn for invalid tailcalls in seq expression because of pipe" computerName="pkrvm7jw40e0xgp" duration="00:00:00.4506203" startTime="2025-09-08T16:31:57.2639411+00:00" endTime="2025-09-08T16:31:57.2639412+00:00" testType="13cdc9d9-ddb5-4fa4-a97d-d965ccfc6d4b" outcome="Passed" testListId="8c84fa94-04c1-424b-9868-57a2d4851a1d" relativeResultsDirectory="e368aea1-f7c0-44d2-917f-399bf5c11124" />
    <UnitTestResult executionId="af0594e8-ed9b-4976-817a-9e71e7da1e68" testId="08521184-6ca6-32ac-9bb5-c3a868b77833" testName="ErrorMessages.TailCall Attribute.Warn for yield! call of rec func in custom CE" computerName="pkrvm7jw40e0xgp" duration="00:00:00.5872849" startTime="2025-09-08T16:31:55.9788239+00:00" endTime="2025-09-08T16:31:55.9788240+00:00" testType="13cdc9d9-ddb5-4fa4-a97d-d965ccfc6d4b" outcome="Passed" testListId="8c84fa94-04c1-424b-9868-57a2d4851a1d" relativeResultsDirectory="af0594e8-ed9b-4976-817a-9e71e7da1e68" />
    <UnitTestResult executionId="dbc9ce93-6f90-440a-bc92-266bd9ac4d4e" testId="3ed65555-60a4-25bd-233c-bd791c859438" testName="ErrorMessages.TailCall Attribute.Warn for return! rec call in task" computerName="pkrvm7jw40e0xgp" duration="00:00:01.0086628" startTime="2025-09-08T16:31:55.3908681+00:00" endTime="2025-09-08T16:31:55.3908682+00:00" testType="13cdc9d9-ddb5-4fa4-a97d-d965ccfc6d4b" outcome="Passed" testListId="8c84fa94-04c1-424b-9868-57a2d4851a1d" relativeResultsDirectory="dbc9ce93-6f90-440a-bc92-266bd9ac4d4e" />
    <UnitTestResult executionId="d37ba86b-2cee-4e25-a1ba-41d069a8da8b" testId="6873a0f0-b5c7-da2d-08e8-5ddd33d68c53" testName="ErrorMessages.TailCall Attribute.Warn successfully for invalid tailcall in type method" computerName="pkrvm7jw40e0xgp" duration="00:00:05.7171721" startTime="2025-09-08T16:31:54.3845163+00:00" endTime="2025-09-08T16:31:54.3845164+00:00" testType="13cdc9d9-ddb5-4fa4-a97d-d965ccfc6d4b" outcome="Passed" testListId="8c84fa94-04c1-424b-9868-57a2d4851a1d" relativeResultsDirectory="d37ba86b-2cee-4e25-a1ba-41d069a8da8b">
      <Output>
        <StdOut>Determining projects to restore...
  Restored /home/runner/work/fsharp/fsharp/artifacts/Temp/2971f6e9-bc86-46e7-925a-e73152ad35f5.tmp/ProjectFile.fsproj (in 78 ms).
/usr/share/dotnet/sdk/10.0.100-rc.1.25411.109/Sdks/Microsoft.NET.Sdk/targets/Microsoft.NET.RuntimeIdentifierInference.targets(345,5): message NETSDK1057: You are using a preview version of .NET. See: https://aka.ms/dotnet-support-policy [/home/runner/work/fsharp/fsharp/artifacts/Temp/2971f6e9-bc86-46e7-925a-e73152ad35f5.tmp/ProjectFile.fsproj]
  ProjectFile -&gt; /home/runner/work/fsharp/fsharp/artifacts/Temp/2971f6e9-bc86-46e7-925a-e73152ad35f5.tmp/bin/Debug/net10.0/ProjectFile.dll

Build succeeded.
    0 Warning(s)
    0 Error(s)

Time Elapsed 00:00:02.51</StdOut>
      </Output>
    </UnitTestResult>
    <UnitTestResult executionId="b2875af7-cebc-49a7-915e-32032271974d" testId="a8c7e659-e0da-7101-783b-78f4ac1e7030" testName="EmittedIL.SeqExpressionTailCalls.SeqExpressionTailCalls01_fs(compilation: File: SeqExpressionTailCalls01.fs)" computerName="pkrvm7jw40e0xgp" duration="00:00:00.4808713" startTime="2025-09-08T16:32:00.1566693+00:00" endTime="2025-09-08T16:32:00.1566694+00:00" testType="13cdc9d9-ddb5-4fa4-a97d-d965ccfc6d4b" outcome="Passed" testListId="8c84fa94-04c1-424b-9868-57a2d4851a1d" relativeResultsDirectory="b2875af7-cebc-49a7-915e-32032271974d" />
    <UnitTestResult executionId="18e88b24-1be0-456b-baf6-cad02bad7a5e" testId="adadfb2c-3c64-4acc-8e42-f0f16ca8f944" testName="ErrorMessages.TailCall Attribute.Don't warn for valid tailcall and bind from nested bind" computerName="pkrvm7jw40e0xgp" duration="00:00:00.4840237" startTime="2025-09-08T16:31:58.1369237+00:00" endTime="2025-09-08T16:31:58.1369240+00:00" testType="13cdc9d9-ddb5-4fa4-a97d-d965ccfc6d4b" outcome="Passed" testListId="8c84fa94-04c1-424b-9868-57a2d4851a1d" relativeResultsDirectory="18e88b24-1be0-456b-baf6-cad02bad7a5e" />
    <UnitTestResult executionId="6edeb10d-5841-4731-8039-784f5a3415db" testId="b230f545-bbaf-92b0-b7fe-63945bd1860b" testName="ErrorMessages.TailCall Attribute.Don't warn for yield! call of rec func in seq" computerName="pkrvm7jw40e0xgp" duration="00:00:05.7113698" startTime="2025-09-08T16:31:54.3788581+00:00" endTime="2025-09-08T16:31:54.3788889+00:00" testType="13cdc9d9-ddb5-4fa4-a97d-d965ccfc6d4b" outcome="Passed" testListId="8c84fa94-04c1-424b-9868-57a2d4851a1d" relativeResultsDirectory="6edeb10d-5841-4731-8039-784f5a3415db" />
    <UnitTestResult executionId="91e765a2-0bcc-43d5-9be4-f305d900a066" testId="14b20b06-8647-c2cb-2119-7f1cee370edd" testName="ErrorMessages.TailCall Attribute.Don't warn for ColonColon as arg of valid tail call" computerName="pkrvm7jw40e0xgp" duration="00:00:00.5094562" startTime="2025-09-08T16:31:59.0027335+00:00" endTime="2025-09-08T16:31:59.0027337+00:00" testType="13cdc9d9-ddb5-4fa4-a97d-d965ccfc6d4b" outcome="Passed" testListId="8c84fa94-04c1-424b-9868-57a2d4851a1d" relativeResultsDirectory="91e765a2-0bcc-43d5-9be4-f305d900a066" />
    <UnitTestResult executionId="5087e3a2-374e-4d73-a240-adf285767dcf" testId="ba20cc8f-924c-0e38-9b24-6bc7603451d8" testName="ErrorMessages.TailCall Attribute.Warn successfully for mutually recursive functions" computerName="pkrvm7jw40e0xgp" duration="00:00:00.4157489" startTime="2025-09-08T16:32:02.6520678+00:00" endTime="2025-09-08T16:32:02.6520679+00:00" testType="13cdc9d9-ddb5-4fa4-a97d-d965ccfc6d4b" outcome="Passed" testListId="8c84fa94-04c1-424b-9868-57a2d4851a1d" relativeResultsDirectory="5087e3a2-374e-4d73-a240-adf285767dcf" />
    <UnitTestResult executionId="77386027-80f5-40f5-981c-24c7c43b4418" testId="1c03aa5d-6495-51df-b2f0-66c0b6926ee7" testName="ErrorMessages.TailCall Attribute.Don't warn for valid tailcall and bind from toplevel" computerName="pkrvm7jw40e0xgp" duration="00:00:00.5950947" startTime="2025-09-08T16:32:02.3995090+00:00" endTime="2025-09-08T16:32:02.3995091+00:00" testType="13cdc9d9-ddb5-4fa4-a97d-d965ccfc6d4b" outcome="Passed" testListId="8c84fa94-04c1-424b-9868-57a2d4851a1d" relativeResultsDirectory="77386027-80f5-40f5-981c-24c7c43b4418" />
    <UnitTestResult executionId="7004da84-5439-4f30-94e2-b1fd896978be" testId="28b0353f-c18c-2199-83de-907e465b3f48" testName="ErrorMessages.TailCall Attribute.Warn for rec call in use scope" computerName="pkrvm7jw40e0xgp" duration="00:00:00.4791239" startTime="2025-09-08T16:31:58.6174647+00:00" endTime="2025-09-08T16:31:58.6174649+00:00" testType="13cdc9d9-ddb5-4fa4-a97d-d965ccfc6d4b" outcome="Passed" testListId="8c84fa94-04c1-424b-9868-57a2d4851a1d" relativeResultsDirectory="7004da84-5439-4f30-94e2-b1fd896978be" />
    <UnitTestResult executionId="9ea6b497-c687-4c2c-99b8-e3e7d5b91c48" testId="2c09e37a-927d-d7c5-9e44-47378c58f2ad" testName="ErrorMessages.TailCall Attribute.Don't warn for tail rec call returning unit" computerName="pkrvm7jw40e0xgp" duration="00:00:00.5026171" startTime="2025-09-08T16:32:03.3594975+00:00" endTime="2025-09-08T16:32:03.3594976+00:00" testType="13cdc9d9-ddb5-4fa4-a97d-d965ccfc6d4b" outcome="Passed" testListId="8c84fa94-04c1-424b-9868-57a2d4851a1d" relativeResultsDirectory="9ea6b497-c687-4c2c-99b8-e3e7d5b91c48" />
    <UnitTestResult executionId="c921e235-2586-4143-b2ae-84b62e541480" testId="36ebdd16-6dc3-d33b-b8aa-0088d48cc520" testName="ErrorMessages.TailCall Attribute.Don't warn for valid tailcalls in async expression" computerName="pkrvm7jw40e0xgp" duration="00:00:05.1920996" startTime="2025-09-08T16:31:54.3824658+00:00" endTime="2025-09-08T16:31:54.3824659+00:00" testType="13cdc9d9-ddb5-4fa4-a97d-d965ccfc6d4b" outcome="Passed" testListId="8c84fa94-04c1-424b-9868-57a2d4851a1d" relativeResultsDirectory="c921e235-2586-4143-b2ae-84b62e541480" />
    <UnitTestResult executionId="f0f360ff-90cc-4a96-a814-6d04257393a2" testId="66c529ba-6845-60f4-70e3-83d366ddea1a" testName="ErrorMessages.TailCall Attribute.Warn for rec call in finally" computerName="pkrvm7jw40e0xgp" duration="00:00:00.4158679" startTime="2025-09-08T16:32:03.9749315+00:00" endTime="2025-09-08T16:32:03.9749316+00:00" testType="13cdc9d9-ddb5-4fa4-a97d-d965ccfc6d4b" outcome="Passed" testListId="8c84fa94-04c1-424b-9868-57a2d4851a1d" relativeResultsDirectory="f0f360ff-90cc-4a96-a814-6d04257393a2" />
    <UnitTestResult executionId="89e20781-f736-4f3a-8681-32cd011c618c" testId="c3df20c6-2c01-2dd8-477d-f2c60f4716bc" testName="ErrorMessages.TailCall Attribute.Don't warn for Continuation Passing Style func using [&lt;TailCall&gt;] func in continuation lambda 2" computerName="pkrvm7jw40e0xgp" duration="00:00:02.3831041" startTime="2025-09-08T16:32:03.5587646+00:00" endTime="2025-09-08T16:32:03.5587647+00:00" testType="13cdc9d9-ddb5-4fa4-a97d-d965ccfc6d4b" outcome="Passed" testListId="8c84fa94-04c1-424b-9868-57a2d4851a1d" relativeResultsDirectory="89e20781-f736-4f3a-8681-32cd011c618c" />
    <UnitTestResult executionId="9dabda35-6a35-4c32-a6c4-1b922d819d47" testId="c1f22a72-1aa8-6009-aad2-325916656ed0" testName="ErrorMessages.TailCall Attribute.Warn for rec call in match branch in try-finally" computerName="pkrvm7jw40e0xgp" duration="00:00:00.4786384" startTime="2025-09-08T16:31:59.6756658+00:00" endTime="2025-09-08T16:31:59.6756661+00:00" testType="13cdc9d9-ddb5-4fa4-a97d-d965ccfc6d4b" outcome="Passed" testListId="8c84fa94-04c1-424b-9868-57a2d4851a1d" relativeResultsDirectory="9dabda35-6a35-4c32-a6c4-1b922d819d47" />
    <UnitTestResult executionId="2b99f26a-c5c0-4337-b07c-5e09847333f1" testId="83b8c96b-3fa1-572a-7746-d3bf54dbac19" testName="ErrorMessages.TailCall Attribute.Don't warn for rec call of async func that evaluates an async parameter in a match!" computerName="pkrvm7jw40e0xgp" duration="00:00:00.5981964" startTime="2025-09-08T16:31:56.5773641+00:00" endTime="2025-09-08T16:31:56.5773642+00:00" testType="13cdc9d9-ddb5-4fa4-a97d-d965ccfc6d4b" outcome="Passed" testListId="8c84fa94-04c1-424b-9868-57a2d4851a1d" relativeResultsDirectory="2b99f26a-c5c0-4337-b07c-5e09847333f1" />
    <UnitTestResult executionId="3f40a7bc-7263-45e8-9d83-236ff519c5dc" testId="87cab25a-feea-c1f9-6da4-c355df8b11b3" testName="ErrorMessages.TailCall Attribute.Warn for rec call inside of match lambda with closure over local function" computerName="pkrvm7jw40e0xgp" duration="00:00:00.4408565" startTime="2025-09-08T16:31:56.1113202+00:00" endTime="2025-09-08T16:31:56.1113203+00:00" testType="13cdc9d9-ddb5-4fa4-a97d-d965ccfc6d4b" outcome="Passed" testListId="8c84fa94-04c1-424b-9868-57a2d4851a1d" relativeResultsDirectory="3f40a7bc-7263-45e8-9d83-236ff519c5dc" />
    <UnitTestResult executionId="9c2b5273-4804-43f3-9474-c13e37bccd88" testId="3c96ea49-d63f-4775-4f30-b4afa9135777" testName="ErrorMessages.TailCall Attribute.Don't warn for valid tailcalls in seq expression" computerName="pkrvm7jw40e0xgp" duration="00:00:00.5389744" startTime="2025-09-08T16:32:01.1752477+00:00" endTime="2025-09-08T16:32:01.1752478+00:00" testType="13cdc9d9-ddb5-4fa4-a97d-d965ccfc6d4b" outcome="Passed" testListId="8c84fa94-04c1-424b-9868-57a2d4851a1d" relativeResultsDirectory="9c2b5273-4804-43f3-9474-c13e37bccd88" />
    <UnitTestResult executionId="5fc5dea6-2636-41ff-ad58-d52bf6dfcfa2" testId="bc756d22-cb17-474e-a02f-6ac9397349b9" testName="ErrorMessages.TailCall Attribute.Warn for rec call in match branch in try-with" computerName="pkrvm7jw40e0xgp" duration="00:00:00.4325370" startTime="2025-09-08T16:31:56.8123842+00:00" endTime="2025-09-08T16:31:56.8123843+00:00" testType="13cdc9d9-ddb5-4fa4-a97d-d965ccfc6d4b" outcome="Passed" testListId="8c84fa94-04c1-424b-9868-57a2d4851a1d" relativeResultsDirectory="5fc5dea6-2636-41ff-ad58-d52bf6dfcfa2" />
  </Results>
  <TestDefinitions>
    <UnitTest name="EmittedIL.Tail Calls.TailCall 05" storage="/home/runner/work/fsharp/fsharp/artifacts/bin/fsharp.compiler.componenttests/release/net10.0/fsharp.compiler.componenttests.dll" id="9ceac089-94de-347f-4eaa-3a55ad47cc03">
      <Execution id="39845027-e84b-400b-8438-e2c443994dfc" />
      <TestMethod codeBase="/home/runner/work/fsharp/fsharp/artifacts/bin/FSharp.Compiler.ComponentTests/Release/net10.0/FSharp.Compiler.ComponentTests.dll" adapterTypeName="executor://xunit/VsTestRunner2/netcoreapp" className="EmittedIL.Tail Calls" name="TailCall 05" />
    </UnitTest>
    <UnitTest name="ErrorMessages.TailCall Attribute.Warn successfully for rec call in binding" storage="/home/runner/work/fsharp/fsharp/artifacts/bin/fsharp.compiler.componenttests/release/net10.0/fsharp.compiler.componenttests.dll" id="e33b932e-7ed8-e230-2f2e-ad77133fc919">
      <Execution id="1659f45d-458b-4a71-8323-0cb2f94bf193" />
      <TestMethod codeBase="/home/runner/work/fsharp/fsharp/artifacts/bin/FSharp.Compiler.ComponentTests/Release/net10.0/FSharp.Compiler.ComponentTests.dll" adapterTypeName="executor://xunit/VsTestRunner2/netcoreapp" className="ErrorMessages.TailCall Attribute" name="Warn successfully for rec call in binding" />
    </UnitTest>
    <UnitTest name="ErrorMessages.TailCall Attribute.Error about attribute on recursive let-bound value" storage="/home/runner/work/fsharp/fsharp/artifacts/bin/fsharp.compiler.componenttests/release/net10.0/fsharp.compiler.componenttests.dll" id="63797907-9f3e-f622-0188-9330ac7cf14f">
      <Execution id="1f6a454f-f13e-4bf3-878a-06fa04eb1fb4" />
      <TestMethod codeBase="/home/runner/work/fsharp/fsharp/artifacts/bin/FSharp.Compiler.ComponentTests/Release/net10.0/FSharp.Compiler.ComponentTests.dll" adapterTypeName="executor://xunit/VsTestRunner2/netcoreapp" className="ErrorMessages.TailCall Attribute" name="Error about attribute on recursive let-bound value" />
    </UnitTest>
    <UnitTest name="ErrorMessages.TailCall Attribute.Don't warn for valid tailcall and bind from toplevel" storage="/home/runner/work/fsharp/fsharp/artifacts/bin/fsharp.compiler.componenttests/release/net10.0/fsharp.compiler.componenttests.dll" id="1c03aa5d-6495-51df-b2f0-66c0b6926ee7">
      <Execution id="77386027-80f5-40f5-981c-24c7c43b4418" />
      <TestMethod codeBase="/home/runner/work/fsharp/fsharp/artifacts/bin/FSharp.Compiler.ComponentTests/Release/net10.0/FSharp.Compiler.ComponentTests.dll" adapterTypeName="executor://xunit/VsTestRunner2/netcoreapp" className="ErrorMessages.TailCall Attribute" name="Don't warn for valid tailcall and bind from toplevel" />
    </UnitTest>
    <UnitTest name="ErrorMessages.TailCall Attribute.Don't warn for Continuation Passing Style func using [&lt;TailCall&gt;] func in continuation lambda" storage="/home/runner/work/fsharp/fsharp/artifacts/bin/fsharp.compiler.componenttests/release/net10.0/fsharp.compiler.componenttests.dll" id="9d1080cb-5c7a-e027-4f9e-1097da80a7ca">
      <Execution id="09aedcff-0160-4652-abdb-44045f1f5ef8" />
      <TestMethod codeBase="/home/runner/work/fsharp/fsharp/artifacts/bin/FSharp.Compiler.ComponentTests/Release/net10.0/FSharp.Compiler.ComponentTests.dll" adapterTypeName="executor://xunit/VsTestRunner2/netcoreapp" className="ErrorMessages.TailCall Attribute" name="Don't warn for Continuation Passing Style func using [&lt;TailCall&gt;] func in continuation lambda" />
    </UnitTest>
    <UnitTest name="ErrorMessages.TailCall Attribute.Warn for yield! call of rec func in custom CE" storage="/home/runner/work/fsharp/fsharp/artifacts/bin/fsharp.compiler.componenttests/release/net10.0/fsharp.compiler.componenttests.dll" id="08521184-6ca6-32ac-9bb5-c3a868b77833">
      <Execution id="af0594e8-ed9b-4976-817a-9e71e7da1e68" />
      <TestMethod codeBase="/home/runner/work/fsharp/fsharp/artifacts/bin/FSharp.Compiler.ComponentTests/Release/net10.0/FSharp.Compiler.ComponentTests.dll" adapterTypeName="executor://xunit/VsTestRunner2/netcoreapp" className="ErrorMessages.TailCall Attribute" name="Warn for yield! call of rec func in custom CE" />
    </UnitTest>
    <UnitTest name="ErrorMessages.TailCall Attribute.Warn successfully in match clause" storage="/home/runner/work/fsharp/fsharp/artifacts/bin/fsharp.compiler.componenttests/release/net10.0/fsharp.compiler.componenttests.dll" id="0e2a5abe-6aec-4037-9e3b-a9de60680a89">
      <Execution id="662a3f07-5a55-48ad-93fb-f5871b397ab0" />
      <TestMethod codeBase="/home/runner/work/fsharp/fsharp/artifacts/bin/FSharp.Compiler.ComponentTests/Release/net10.0/FSharp.Compiler.ComponentTests.dll" adapterTypeName="executor://xunit/VsTestRunner2/netcoreapp" className="ErrorMessages.TailCall Attribute" name="Warn successfully in match clause" />
    </UnitTest>
    <UnitTest name="ErrorMessages.TailCall Attribute.Don't warn for ColonColon as arg of valid tail call" storage="/home/runner/work/fsharp/fsharp/artifacts/bin/fsharp.compiler.componenttests/release/net10.0/fsharp.compiler.componenttests.dll" id="14b20b06-8647-c2cb-2119-7f1cee370edd">
      <Execution id="91e765a2-0bcc-43d5-9be4-f305d900a066" />
      <TestMethod codeBase="/home/runner/work/fsharp/fsharp/artifacts/bin/FSharp.Compiler.ComponentTests/Release/net10.0/FSharp.Compiler.ComponentTests.dll" adapterTypeName="executor://xunit/VsTestRunner2/netcoreapp" className="ErrorMessages.TailCall Attribute" name="Don't warn for ColonColon as arg of valid tail call" />
    </UnitTest>
    <UnitTest name="ErrorMessages.TailCall Attribute.Warn for return! rec call in task" storage="/home/runner/work/fsharp/fsharp/artifacts/bin/fsharp.compiler.componenttests/release/net10.0/fsharp.compiler.componenttests.dll" id="3ed65555-60a4-25bd-233c-bd791c859438">
      <Execution id="dbc9ce93-6f90-440a-bc92-266bd9ac4d4e" />
      <TestMethod codeBase="/home/runner/work/fsharp/fsharp/artifacts/bin/FSharp.Compiler.ComponentTests/Release/net10.0/FSharp.Compiler.ComponentTests.dll" adapterTypeName="executor://xunit/VsTestRunner2/netcoreapp" className="ErrorMessages.TailCall Attribute" name="Warn for return! rec call in task" />
    </UnitTest>
    <UnitTest name="ErrorMessages.TailCall Attribute.Warn for rec call in match branch in try-finally" storage="/home/runner/work/fsharp/fsharp/artifacts/bin/fsharp.compiler.componenttests/release/net10.0/fsharp.compiler.componenttests.dll" id="c1f22a72-1aa8-6009-aad2-325916656ed0">
      <Execution id="9dabda35-6a35-4c32-a6c4-1b922d819d47" />
      <TestMethod codeBase="/home/runner/work/fsharp/fsharp/artifacts/bin/FSharp.Compiler.ComponentTests/Release/net10.0/FSharp.Compiler.ComponentTests.dll" adapterTypeName="executor://xunit/VsTestRunner2/netcoreapp" className="ErrorMessages.TailCall Attribute" name="Warn for rec call in match branch in try-finally" />
    </UnitTest>
    <UnitTest name="EmittedIL.Tail Calls.TailCall 01" storage="/home/runner/work/fsharp/fsharp/artifacts/bin/fsharp.compiler.componenttests/release/net10.0/fsharp.compiler.componenttests.dll" id="d4bcd9c7-d440-68c3-1697-84e43275e5d6">
      <Execution id="29491d54-7b00-49f4-b0d2-569a973e84c0" />
      <TestMethod codeBase="/home/runner/work/fsharp/fsharp/artifacts/bin/FSharp.Compiler.ComponentTests/Release/net10.0/FSharp.Compiler.ComponentTests.dll" adapterTypeName="executor://xunit/VsTestRunner2/netcoreapp" className="EmittedIL.Tail Calls" name="TailCall 01" />
    </UnitTest>
    <UnitTest name="ErrorMessages.TailCall Attribute.Warn for calls in for and iter" storage="/home/runner/work/fsharp/fsharp/artifacts/bin/fsharp.compiler.componenttests/release/net10.0/fsharp.compiler.componenttests.dll" id="86da542c-44e3-4178-7671-5682db7e2d3f">
      <Execution id="30035852-85f4-47b5-913b-9ef5fd767119" />
      <TestMethod codeBase="/home/runner/work/fsharp/fsharp/artifacts/bin/FSharp.Compiler.ComponentTests/Release/net10.0/FSharp.Compiler.ComponentTests.dll" adapterTypeName="executor://xunit/VsTestRunner2/netcoreapp" className="ErrorMessages.TailCall Attribute" name="Warn for calls in for and iter" />
    </UnitTest>
    <UnitTest name="EmittedIL.Tail Calls.TailCall 02" storage="/home/runner/work/fsharp/fsharp/artifacts/bin/fsharp.compiler.componenttests/release/net10.0/fsharp.compiler.componenttests.dll" id="d6bfc42f-b1fc-0fa4-7b50-843b01ffab09">
      <Execution id="af47adf6-d520-4b00-82f6-f18460ef8398" />
      <TestMethod codeBase="/home/runner/work/fsharp/fsharp/artifacts/bin/FSharp.Compiler.ComponentTests/Release/net10.0/FSharp.Compiler.ComponentTests.dll" adapterTypeName="executor://xunit/VsTestRunner2/netcoreapp" className="EmittedIL.Tail Calls" name="TailCall 02" />
    </UnitTest>
    <UnitTest name="ErrorMessages.TailCall Attribute.Warn for rec call in if-else branch in try-with" storage="/home/runner/work/fsharp/fsharp/artifacts/bin/fsharp.compiler.componenttests/release/net10.0/fsharp.compiler.componenttests.dll" id="b59e9265-347f-efb9-fdff-c8f537b851e3">
      <Execution id="e359982d-2c17-4140-846a-be018923670b" />
      <TestMethod codeBase="/home/runner/work/fsharp/fsharp/artifacts/bin/FSharp.Compiler.ComponentTests/Release/net10.0/FSharp.Compiler.ComponentTests.dll" adapterTypeName="executor://xunit/VsTestRunner2/netcoreapp" className="ErrorMessages.TailCall Attribute" name="Warn for rec call in if-else branch in try-with" />
    </UnitTest>
    <UnitTest name="ErrorMessages.TailCall Attribute.Warn for byref parameters" storage="/home/runner/work/fsharp/fsharp/artifacts/bin/fsharp.compiler.componenttests/release/net10.0/fsharp.compiler.componenttests.dll" id="f5841a4f-a406-8d2b-29a5-2ee549a0e3a4">
      <Execution id="17c941a3-112d-4af7-b675-41a094235b79" />
      <TestMethod codeBase="/home/runner/work/fsharp/fsharp/artifacts/bin/FSharp.Compiler.ComponentTests/Release/net10.0/FSharp.Compiler.ComponentTests.dll" adapterTypeName="executor://xunit/VsTestRunner2/netcoreapp" className="ErrorMessages.TailCall Attribute" name="Warn for byref parameters" />
    </UnitTest>
    <UnitTest name="EmittedIL.Tail Calls.TailCall 03" storage="/home/runner/work/fsharp/fsharp/artifacts/bin/fsharp.compiler.componenttests/release/net10.0/fsharp.compiler.componenttests.dll" id="490839eb-f81d-260a-e018-5a4e5b86ec44">
      <Execution id="ded8e89f-dc28-466a-aca9-60dee88ab04b" />
      <TestMethod codeBase="/home/runner/work/fsharp/fsharp/artifacts/bin/FSharp.Compiler.ComponentTests/Release/net10.0/FSharp.Compiler.ComponentTests.dll" adapterTypeName="executor://xunit/VsTestRunner2/netcoreapp" className="EmittedIL.Tail Calls" name="TailCall 03" />
    </UnitTest>
    <UnitTest name="ErrorMessages.TailCall Attribute.Don't warn for yield! in tail position" storage="/home/runner/work/fsharp/fsharp/artifacts/bin/fsharp.compiler.componenttests/release/net10.0/fsharp.compiler.componenttests.dll" id="b6083789-3c93-7617-8b00-37951134e792">
      <Execution id="8ab7cd4d-100e-43e2-b244-948deccb02d5" />
      <TestMethod codeBase="/home/runner/work/fsharp/fsharp/artifacts/bin/FSharp.Compiler.ComponentTests/Release/net10.0/FSharp.Compiler.ComponentTests.dll" adapterTypeName="executor://xunit/VsTestRunner2/netcoreapp" className="ErrorMessages.TailCall Attribute" name="Don't warn for yield! in tail position" />
    </UnitTest>
    <UnitTest name="ErrorMessages.TailCall Attribute.Warn for ColonColon with inner let-bound value to rec call" storage="/home/runner/work/fsharp/fsharp/artifacts/bin/fsharp.compiler.componenttests/release/net10.0/fsharp.compiler.componenttests.dll" id="25cca450-bbad-a035-b07c-f3f497c553ae">
      <Execution id="9ed31aaa-f552-495e-aec5-98e9e653b198" />
      <TestMethod codeBase="/home/runner/work/fsharp/fsharp/artifacts/bin/FSharp.Compiler.ComponentTests/Release/net10.0/FSharp.Compiler.ComponentTests.dll" adapterTypeName="executor://xunit/VsTestRunner2/netcoreapp" className="ErrorMessages.TailCall Attribute" name="Warn for ColonColon with inner let-bound value to rec call" />
    </UnitTest>
    <UnitTest name="ErrorMessages.TailCall Attribute.Warn for recursive call in list comprehension" storage="/home/runner/work/fsharp/fsharp/artifacts/bin/fsharp.compiler.componenttests/release/net10.0/fsharp.compiler.componenttests.dll" id="5205c03c-3fcc-0916-9655-a49dbb17ca19">
      <Execution id="0e88274e-3c55-45d4-a943-f0119aa5052f" />
      <TestMethod codeBase="/home/runner/work/fsharp/fsharp/artifacts/bin/FSharp.Compiler.ComponentTests/Release/net10.0/FSharp.Compiler.ComponentTests.dll" adapterTypeName="executor://xunit/VsTestRunner2/netcoreapp" className="ErrorMessages.TailCall Attribute" name="Warn for recursive call in list comprehension" />
    </UnitTest>
    <UnitTest name="ErrorMessages.TailCall Attribute.Warn for return! rec call in async try-with" storage="/home/runner/work/fsharp/fsharp/artifacts/bin/fsharp.compiler.componenttests/release/net10.0/fsharp.compiler.componenttests.dll" id="f021c821-b4ad-3c0e-1493-f09c51083c1f">
      <Execution id="d6a52f8b-ace2-4780-8980-b749b7b918f7" />
      <TestMethod codeBase="/home/runner/work/fsharp/fsharp/artifacts/bin/FSharp.Compiler.ComponentTests/Release/net10.0/FSharp.Compiler.ComponentTests.dll" adapterTypeName="executor://xunit/VsTestRunner2/netcoreapp" className="ErrorMessages.TailCall Attribute" name="Warn for return! rec call in async try-with" />
    </UnitTest>
    <UnitTest name="EmittedIL.SeqExpressionTailCalls.SeqExpressionTailCalls01_fs(compilation: File: SeqExpressionTailCalls01.fs)" storage="/home/runner/work/fsharp/fsharp/artifacts/bin/fsharp.compiler.componenttests/release/net10.0/fsharp.compiler.componenttests.dll" id="a8c7e659-e0da-7101-783b-78f4ac1e7030">
      <Execution id="b2875af7-cebc-49a7-915e-32032271974d" />
      <TestMethod codeBase="/home/runner/work/fsharp/fsharp/artifacts/bin/FSharp.Compiler.ComponentTests/Release/net10.0/FSharp.Compiler.ComponentTests.dll" adapterTypeName="executor://xunit/VsTestRunner2/netcoreapp" className="EmittedIL.SeqExpressionTailCalls" name="SeqExpressionTailCalls01_fs" />
    </UnitTest>
    <UnitTest name="Miscellaneous.FsharpSuiteMigrated_CoreTests.controlMailbox --tailcalls" storage="/home/runner/work/fsharp/fsharp/artifacts/bin/fsharp.compiler.componenttests/release/net10.0/fsharp.compiler.componenttests.dll" id="97ba0c19-25d4-24f5-b9b9-0084d1150343">
      <Execution id="047f9f73-16d0-4c14-b12f-1a945efc05b6" />
      <TestMethod codeBase="/home/runner/work/fsharp/fsharp/artifacts/bin/FSharp.Compiler.ComponentTests/Release/net10.0/FSharp.Compiler.ComponentTests.dll" adapterTypeName="executor://xunit/VsTestRunner2/netcoreapp" className="Miscellaneous.FsharpSuiteMigrated_CoreTests" name="controlMailbox --tailcalls" />
    </UnitTest>
    <UnitTest name="EmittedIL.Tail Calls.TailCall 04" storage="/home/runner/work/fsharp/fsharp/artifacts/bin/fsharp.compiler.componenttests/release/net10.0/fsharp.compiler.componenttests.dll" id="3c7ec6d4-5327-f710-0cf7-ad9e5d66c0b5">
      <Execution id="7cbda4f9-2706-4091-9a17-6c572ffc1766" />
      <TestMethod codeBase="/home/runner/work/fsharp/fsharp/artifacts/bin/FSharp.Compiler.ComponentTests/Release/net10.0/FSharp.Compiler.ComponentTests.dll" adapterTypeName="executor://xunit/VsTestRunner2/netcoreapp" className="EmittedIL.Tail Calls" name="TailCall 04" />
    </UnitTest>
    <UnitTest name="ErrorMessages.TailCall Attribute.Warn for non tail-rec traversal" storage="/home/runner/work/fsharp/fsharp/artifacts/bin/fsharp.compiler.componenttests/release/net10.0/fsharp.compiler.componenttests.dll" id="97711743-a7ba-42fd-80e7-9ad16186aa9b">
      <Execution id="cc24cbe5-7877-4406-afc5-9f4fdd8d2729" />
      <TestMethod codeBase="/home/runner/work/fsharp/fsharp/artifacts/bin/FSharp.Compiler.ComponentTests/Release/net10.0/FSharp.Compiler.ComponentTests.dll" adapterTypeName="executor://xunit/VsTestRunner2/netcoreapp" className="ErrorMessages.TailCall Attribute" name="Warn for non tail-rec traversal" />
    </UnitTest>
    <UnitTest name="ErrorMessages.TailCall Attribute.Warn for invalid tailcalls in async expression" storage="/home/runner/work/fsharp/fsharp/artifacts/bin/fsharp.compiler.componenttests/release/net10.0/fsharp.compiler.componenttests.dll" id="df31f642-eca7-7748-8275-a5785161f781">
      <Execution id="6d62b0a1-18a8-4550-a9dc-1c79792589c2" />
      <TestMethod codeBase="/home/runner/work/fsharp/fsharp/artifacts/bin/FSharp.Compiler.ComponentTests/Release/net10.0/FSharp.Compiler.ComponentTests.dll" adapterTypeName="executor://xunit/VsTestRunner2/netcoreapp" className="ErrorMessages.TailCall Attribute" name="Warn for invalid tailcalls in async expression" />
    </UnitTest>
    <UnitTest name="Miscellaneous.FsharpSuiteMigrated_CoreTests+CoreControl.control --tailcalls" storage="/home/runner/work/fsharp/fsharp/artifacts/bin/fsharp.compiler.componenttests/release/net10.0/fsharp.compiler.componenttests.dll" id="ca884314-c7ec-f91d-ecd3-f6f004bc4c30">
      <Execution id="65fb188c-e5a7-4f6e-b413-0167d9d736e1" />
      <TestMethod codeBase="/home/runner/work/fsharp/fsharp/artifacts/bin/FSharp.Compiler.ComponentTests/Release/net10.0/FSharp.Compiler.ComponentTests.dll" adapterTypeName="executor://xunit/VsTestRunner2/netcoreapp" className="Miscellaneous.FsharpSuiteMigrated_CoreTests+CoreControl" name="control --tailcalls" />
    </UnitTest>
    <UnitTest name="ErrorMessages.TailCall Attribute.Warn for rec call inside of match lambda with closure over local function using pipe" storage="/home/runner/work/fsharp/fsharp/artifacts/bin/fsharp.compiler.componenttests/release/net10.0/fsharp.compiler.componenttests.dll" id="66a9b9d6-913f-de04-1d95-0e4e249b1d4b">
      <Execution id="07bb25d0-0caa-43c6-acd8-a355db2832ec" />
      <TestMethod codeBase="/home/runner/work/fsharp/fsharp/artifacts/bin/FSharp.Compiler.ComponentTests/Release/net10.0/FSharp.Compiler.ComponentTests.dll" adapterTypeName="executor://xunit/VsTestRunner2/netcoreapp" className="ErrorMessages.TailCall Attribute" name="Warn for rec call inside of match lambda with closure over local function using pipe" />
    </UnitTest>
    <UnitTest name="ErrorMessages.TailCall Attribute.Don't warn for valid tailcalls in type methods" storage="/home/runner/work/fsharp/fsharp/artifacts/bin/fsharp.compiler.componenttests/release/net10.0/fsharp.compiler.componenttests.dll" id="15c40399-a416-396c-43e3-c53da0a31089">
      <Execution id="c57c811c-bd20-4944-9916-379d0565e7e6" />
      <TestMethod codeBase="/home/runner/work/fsharp/fsharp/artifacts/bin/FSharp.Compiler.ComponentTests/Release/net10.0/FSharp.Compiler.ComponentTests.dll" adapterTypeName="executor://xunit/VsTestRunner2/netcoreapp" className="ErrorMessages.TailCall Attribute" name="Don't warn for valid tailcalls in type methods" />
    </UnitTest>
    <UnitTest name="ErrorMessages.TailCall Attribute.Warn for rec call in finally" storage="/home/runner/work/fsharp/fsharp/artifacts/bin/fsharp.compiler.componenttests/release/net10.0/fsharp.compiler.componenttests.dll" id="66c529ba-6845-60f4-70e3-83d366ddea1a">
      <Execution id="f0f360ff-90cc-4a96-a814-6d04257393a2" />
      <TestMethod codeBase="/home/runner/work/fsharp/fsharp/artifacts/bin/FSharp.Compiler.ComponentTests/Release/net10.0/FSharp.Compiler.ComponentTests.dll" adapterTypeName="executor://xunit/VsTestRunner2/netcoreapp" className="ErrorMessages.TailCall Attribute" name="Warn for rec call in finally" />
    </UnitTest>
    <UnitTest name="ErrorMessages.TailCall Attribute.Don't warn for valid tailcalls in rec module" storage="/home/runner/work/fsharp/fsharp/artifacts/bin/fsharp.compiler.componenttests/release/net10.0/fsharp.compiler.componenttests.dll" id="6aa64bf0-69e4-57ea-313d-22ee1fb4a813">
      <Execution id="9100233e-b778-42c2-ad21-4d8962c12aed" />
      <TestMethod codeBase="/home/runner/work/fsharp/fsharp/artifacts/bin/FSharp.Compiler.ComponentTests/Release/net10.0/FSharp.Compiler.ComponentTests.dll" adapterTypeName="executor://xunit/VsTestRunner2/netcoreapp" className="ErrorMessages.TailCall Attribute" name="Don't warn for valid tailcalls in rec module" />
    </UnitTest>
    <UnitTest name="ErrorMessages.TailCall Attribute.Don't warn for tail rec call returning unit" storage="/home/runner/work/fsharp/fsharp/artifacts/bin/fsharp.compiler.componenttests/release/net10.0/fsharp.compiler.componenttests.dll" id="2c09e37a-927d-d7c5-9e44-47378c58f2ad">
      <Execution id="9ea6b497-c687-4c2c-99b8-e3e7d5b91c48" />
      <TestMethod codeBase="/home/runner/work/fsharp/fsharp/artifacts/bin/FSharp.Compiler.ComponentTests/Release/net10.0/FSharp.Compiler.ComponentTests.dll" adapterTypeName="executor://xunit/VsTestRunner2/netcoreapp" className="ErrorMessages.TailCall Attribute" name="Don't warn for tail rec call returning unit" />
    </UnitTest>
    <UnitTest name="ErrorMessages.TailCall Attribute.Don't warn for partial application but for calls in map and total applications" storage="/home/runner/work/fsharp/fsharp/artifacts/bin/fsharp.compiler.componenttests/release/net10.0/fsharp.compiler.componenttests.dll" id="8b8e01af-b1c3-147b-1ec2-bbc975f83a1c">
      <Execution id="a2cf3ac5-76d6-4c56-a3e2-76e74c82016d" />
      <TestMethod codeBase="/home/runner/work/fsharp/fsharp/artifacts/bin/FSharp.Compiler.ComponentTests/Release/net10.0/FSharp.Compiler.ComponentTests.dll" adapterTypeName="executor://xunit/VsTestRunner2/netcoreapp" className="ErrorMessages.TailCall Attribute" name="Don't warn for partial application but for calls in map and total applications" />
    </UnitTest>
    <UnitTest name="ErrorMessages.TailCall Attribute.Don't warn for valid tailcall in type method" storage="/home/runner/work/fsharp/fsharp/artifacts/bin/fsharp.compiler.componenttests/release/net10.0/fsharp.compiler.componenttests.dll" id="3a7fde04-42f0-fa25-7865-508c94836168">
      <Execution id="9d252765-4ba3-4440-aa65-cc45bd28649b" />
      <TestMethod codeBase="/home/runner/work/fsharp/fsharp/artifacts/bin/FSharp.Compiler.ComponentTests/Release/net10.0/FSharp.Compiler.ComponentTests.dll" adapterTypeName="executor://xunit/VsTestRunner2/netcoreapp" className="ErrorMessages.TailCall Attribute" name="Don't warn for valid tailcall in type method" />
    </UnitTest>
    <UnitTest name="ErrorMessages.TailCall Attribute.Don't warn for yield! call of rec func in seq" storage="/home/runner/work/fsharp/fsharp/artifacts/bin/fsharp.compiler.componenttests/release/net10.0/fsharp.compiler.componenttests.dll" id="b230f545-bbaf-92b0-b7fe-63945bd1860b">
      <Execution id="6edeb10d-5841-4731-8039-784f5a3415db" />
      <TestMethod codeBase="/home/runner/work/fsharp/fsharp/artifacts/bin/FSharp.Compiler.ComponentTests/Release/net10.0/FSharp.Compiler.ComponentTests.dll" adapterTypeName="executor://xunit/VsTestRunner2/netcoreapp" className="ErrorMessages.TailCall Attribute" name="Don't warn for yield! call of rec func in seq" />
    </UnitTest>
    <UnitTest name="ErrorMessages.TailCall Attribute.Warn about attribute on non-rec function" storage="/home/runner/work/fsharp/fsharp/artifacts/bin/fsharp.compiler.componenttests/release/net10.0/fsharp.compiler.componenttests.dll" id="1de4bd26-bfea-daff-f64f-58e547a36f4d">
      <Execution id="726f395a-c47b-466a-aeb2-169526d57fd3" />
      <TestMethod codeBase="/home/runner/work/fsharp/fsharp/artifacts/bin/FSharp.Compiler.ComponentTests/Release/net10.0/FSharp.Compiler.ComponentTests.dll" adapterTypeName="executor://xunit/VsTestRunner2/netcoreapp" className="ErrorMessages.TailCall Attribute" name="Warn about attribute on non-rec function" />
    </UnitTest>
    <UnitTest name="ErrorMessages.TailCall Attribute.Warn successfully for mutually recursive functions" storage="/home/runner/work/fsharp/fsharp/artifacts/bin/fsharp.compiler.componenttests/release/net10.0/fsharp.compiler.componenttests.dll" id="ba20cc8f-924c-0e38-9b24-6bc7603451d8">
      <Execution id="5087e3a2-374e-4d73-a240-adf285767dcf" />
      <TestMethod codeBase="/home/runner/work/fsharp/fsharp/artifacts/bin/FSharp.Compiler.ComponentTests/Release/net10.0/FSharp.Compiler.ComponentTests.dll" adapterTypeName="executor://xunit/VsTestRunner2/netcoreapp" className="ErrorMessages.TailCall Attribute" name="Warn successfully for mutually recursive functions" />
    </UnitTest>
    <UnitTest name="ErrorMessages.TailCall Attribute.Warn for invalid tailcalls in seq expression because of bind" storage="/home/runner/work/fsharp/fsharp/artifacts/bin/fsharp.compiler.componenttests/release/net10.0/fsharp.compiler.componenttests.dll" id="ce99c303-fcf4-2a4d-fba5-cbd3013c9e60">
      <Execution id="3f8c65a6-cd0a-4fd9-a796-21014ca754da" />
      <TestMethod codeBase="/home/runner/work/fsharp/fsharp/artifacts/bin/FSharp.Compiler.ComponentTests/Release/net10.0/FSharp.Compiler.ComponentTests.dll" adapterTypeName="executor://xunit/VsTestRunner2/netcoreapp" className="ErrorMessages.TailCall Attribute" name="Warn for invalid tailcalls in seq expression because of bind" />
    </UnitTest>
    <UnitTest name="ErrorMessages.TailCall Attribute.Warn about self-defined attribute" storage="/home/runner/work/fsharp/fsharp/artifacts/bin/fsharp.compiler.componenttests/release/net10.0/fsharp.compiler.componenttests.dll" id="312b4f15-fc23-4b9f-8fb4-eb93bace8504">
      <Execution id="039f52c8-e8cf-45e3-9e7f-46447ca40d8a" />
      <TestMethod codeBase="/home/runner/work/fsharp/fsharp/artifacts/bin/FSharp.Compiler.ComponentTests/Release/net10.0/FSharp.Compiler.ComponentTests.dll" adapterTypeName="executor://xunit/VsTestRunner2/netcoreapp" className="ErrorMessages.TailCall Attribute" name="Warn about self-defined attribute" />
    </UnitTest>
    <UnitTest name="ErrorMessages.TailCall Attribute.Warn for invalid tailcalls in rec module" storage="/home/runner/work/fsharp/fsharp/artifacts/bin/fsharp.compiler.componenttests/release/net10.0/fsharp.compiler.componenttests.dll" id="9dcdfaba-85f6-301e-db8b-fe3dfad76cdd">
      <Execution id="1f2b0757-38bb-4018-b8a3-c1ebd012c279" />
      <TestMethod codeBase="/home/runner/work/fsharp/fsharp/artifacts/bin/FSharp.Compiler.ComponentTests/Release/net10.0/FSharp.Compiler.ComponentTests.dll" adapterTypeName="executor://xunit/VsTestRunner2/netcoreapp" className="ErrorMessages.TailCall Attribute" name="Warn for invalid tailcalls in rec module" />
    </UnitTest>
    <UnitTest name="ErrorMessages.TailCall Attribute.Warn for rec call in Sequential in use scope" storage="/home/runner/work/fsharp/fsharp/artifacts/bin/fsharp.compiler.componenttests/release/net10.0/fsharp.compiler.componenttests.dll" id="728d7ca8-43bc-ddff-34b2-91f1cd754afb">
      <Execution id="284f4a89-2ae8-4a4b-8f1b-faf7c059e763" />
      <TestMethod codeBase="/home/runner/work/fsharp/fsharp/artifacts/bin/FSharp.Compiler.ComponentTests/Release/net10.0/FSharp.Compiler.ComponentTests.dll" adapterTypeName="executor://xunit/VsTestRunner2/netcoreapp" className="ErrorMessages.TailCall Attribute" name="Warn for rec call in Sequential in use scope" />
    </UnitTest>
    <UnitTest name="ErrorMessages.TailCall Attribute.Warn successfully in Seq-mapped recursive call" storage="/home/runner/work/fsharp/fsharp/artifacts/bin/fsharp.compiler.componenttests/release/net10.0/fsharp.compiler.componenttests.dll" id="35032a10-18e8-39e8-8d7c-c0c038f43667">
      <Execution id="d975a65a-fb62-4a53-bfc7-1a6728479b59" />
      <TestMethod codeBase="/home/runner/work/fsharp/fsharp/artifacts/bin/FSharp.Compiler.ComponentTests/Release/net10.0/FSharp.Compiler.ComponentTests.dll" adapterTypeName="executor://xunit/VsTestRunner2/netcoreapp" className="ErrorMessages.TailCall Attribute" name="Warn successfully in Seq-mapped recursive call" />
    </UnitTest>
    <UnitTest name="EmittedIL.SeqExpressionTailCalls.SeqExpressionTailCalls02_fs(compilation: File: SeqExpressionTailCalls02.fs)" storage="/home/runner/work/fsharp/fsharp/artifacts/bin/fsharp.compiler.componenttests/release/net10.0/fsharp.compiler.componenttests.dll" id="78b9ea4d-0937-bee7-2f47-d031f38515a9">
      <Execution id="590bd7fc-5011-44a8-b805-4cc992ab89ec" />
      <TestMethod codeBase="/home/runner/work/fsharp/fsharp/artifacts/bin/FSharp.Compiler.ComponentTests/Release/net10.0/FSharp.Compiler.ComponentTests.dll" adapterTypeName="executor://xunit/VsTestRunner2/netcoreapp" className="EmittedIL.SeqExpressionTailCalls" name="SeqExpressionTailCalls02_fs" />
    </UnitTest>
    <UnitTest name="ErrorMessages.TailCall Attribute.Warn for rec call inside of match lambda with closure over local function" storage="/home/runner/work/fsharp/fsharp/artifacts/bin/fsharp.compiler.componenttests/release/net10.0/fsharp.compiler.componenttests.dll" id="87cab25a-feea-c1f9-6da4-c355df8b11b3">
      <Execution id="3f40a7bc-7263-45e8-9d83-236ff519c5dc" />
      <TestMethod codeBase="/home/runner/work/fsharp/fsharp/artifacts/bin/FSharp.Compiler.ComponentTests/Release/net10.0/FSharp.Compiler.ComponentTests.dll" adapterTypeName="executor://xunit/VsTestRunner2/netcoreapp" className="ErrorMessages.TailCall Attribute" name="Warn for rec call inside of match lambda with closure over local function" />
    </UnitTest>
    <UnitTest name="ErrorMessages.TailCall Attribute.Warn for ColonColon with rec call" storage="/home/runner/work/fsharp/fsharp/artifacts/bin/fsharp.compiler.componenttests/release/net10.0/fsharp.compiler.componenttests.dll" id="c01a7ee7-e787-0487-2f1b-714865246f8c">
      <Execution id="23b46ec9-a65a-4735-8b8d-3b58b738bc9a" />
      <TestMethod codeBase="/home/runner/work/fsharp/fsharp/artifacts/bin/FSharp.Compiler.ComponentTests/Release/net10.0/FSharp.Compiler.ComponentTests.dll" adapterTypeName="executor://xunit/VsTestRunner2/netcoreapp" className="ErrorMessages.TailCall Attribute" name="Warn for ColonColon with rec call" />
    </UnitTest>
    <UnitTest name="ErrorMessages.TailCall Attribute.Don't warn for valid tailcall and bind from nested bind" storage="/home/runner/work/fsharp/fsharp/artifacts/bin/fsharp.compiler.componenttests/release/net10.0/fsharp.compiler.componenttests.dll" id="adadfb2c-3c64-4acc-8e42-f0f16ca8f944">
      <Execution id="18e88b24-1be0-456b-baf6-cad02bad7a5e" />
      <TestMethod codeBase="/home/runner/work/fsharp/fsharp/artifacts/bin/FSharp.Compiler.ComponentTests/Release/net10.0/FSharp.Compiler.ComponentTests.dll" adapterTypeName="executor://xunit/VsTestRunner2/netcoreapp" className="ErrorMessages.TailCall Attribute" name="Don't warn for valid tailcall and bind from nested bind" />
    </UnitTest>
    <UnitTest name="ErrorMessages.TailCall Attribute.Warn for non tail-rec traversal with List.collect" storage="/home/runner/work/fsharp/fsharp/artifacts/bin/fsharp.compiler.componenttests/release/net10.0/fsharp.compiler.componenttests.dll" id="46cf0cb0-ade9-d851-e055-58017491a678">
      <Execution id="204d3cab-1c6e-4de4-a55e-25e6025ddfa0" />
      <TestMethod codeBase="/home/runner/work/fsharp/fsharp/artifacts/bin/FSharp.Compiler.ComponentTests/Release/net10.0/FSharp.Compiler.ComponentTests.dll" adapterTypeName="executor://xunit/VsTestRunner2/netcoreapp" className="ErrorMessages.TailCall Attribute.Warn for non tail-rec traversal with List" name="collect" />
    </UnitTest>
    <UnitTest name="ErrorMessages.TailCall Attribute.Warn successfully for invalid tailcall in type method" storage="/home/runner/work/fsharp/fsharp/artifacts/bin/fsharp.compiler.componenttests/release/net10.0/fsharp.compiler.componenttests.dll" id="6873a0f0-b5c7-da2d-08e8-5ddd33d68c53">
      <Execution id="d37ba86b-2cee-4e25-a1ba-41d069a8da8b" />
      <TestMethod codeBase="/home/runner/work/fsharp/fsharp/artifacts/bin/FSharp.Compiler.ComponentTests/Release/net10.0/FSharp.Compiler.ComponentTests.dll" adapterTypeName="executor://xunit/VsTestRunner2/netcoreapp" className="ErrorMessages.TailCall Attribute" name="Warn successfully for invalid tailcall in type method" />
    </UnitTest>
    <UnitTest name="EmittedIL.Tail Calls.TailCall 06 - No tail call with pinned locals" storage="/home/runner/work/fsharp/fsharp/artifacts/bin/fsharp.compiler.componenttests/release/net10.0/fsharp.compiler.componenttests.dll" id="563d248c-94d0-7002-73a0-96fa515831a3">
      <Execution id="9916be8b-51ca-435f-a60d-c0eb2fe51f8a" />
      <TestMethod codeBase="/home/runner/work/fsharp/fsharp/artifacts/bin/FSharp.Compiler.ComponentTests/Release/net10.0/FSharp.Compiler.ComponentTests.dll" adapterTypeName="executor://xunit/VsTestRunner2/netcoreapp" className="EmittedIL.Tail Calls" name="TailCall 06 - No tail call with pinned locals" />
    </UnitTest>
    <UnitTest name="ErrorMessages.TailCall Attribute.Warn for yield! call of rec func in list comprehension" storage="/home/runner/work/fsharp/fsharp/artifacts/bin/fsharp.compiler.componenttests/release/net10.0/fsharp.compiler.componenttests.dll" id="77564a1d-c2b6-3f9e-f2da-e91f0ad63472">
      <Execution id="ac04ecec-a0e5-45aa-aa31-a3e715e5de8c" />
      <TestMethod codeBase="/home/runner/work/fsharp/fsharp/artifacts/bin/FSharp.Compiler.ComponentTests/Release/net10.0/FSharp.Compiler.ComponentTests.dll" adapterTypeName="executor://xunit/VsTestRunner2/netcoreapp" className="ErrorMessages.TailCall Attribute" name="Warn for yield! call of rec func in list comprehension" />
    </UnitTest>
    <UnitTest name="ErrorMessages.TailCall Attribute.Don't warn for rec call of async func that evaluates an async parameter in a let!" storage="/home/runner/work/fsharp/fsharp/artifacts/bin/fsharp.compiler.componenttests/release/net10.0/fsharp.compiler.componenttests.dll" id="0185c0df-c520-b94b-6c8c-b3513a2df4d5">
      <Execution id="cd2710e2-1f75-47f2-aa38-b6532dcbcc3a" />
      <TestMethod codeBase="/home/runner/work/fsharp/fsharp/artifacts/bin/FSharp.Compiler.ComponentTests/Release/net10.0/FSharp.Compiler.ComponentTests.dll" adapterTypeName="executor://xunit/VsTestRunner2/netcoreapp" className="ErrorMessages.TailCall Attribute" name="Don't warn for rec call of async func that evaluates an async parameter in a let!" />
    </UnitTest>
    <UnitTest name="ErrorMessages.TailCall Attribute.Warn for simple rec call in try-with" storage="/home/runner/work/fsharp/fsharp/artifacts/bin/fsharp.compiler.componenttests/release/net10.0/fsharp.compiler.componenttests.dll" id="8b5474b1-f126-820a-423d-0e1d55afea17">
      <Execution id="22e788b2-daf7-4f4c-9317-acbffb025f1c" />
      <TestMethod codeBase="/home/runner/work/fsharp/fsharp/artifacts/bin/FSharp.Compiler.ComponentTests/Release/net10.0/FSharp.Compiler.ComponentTests.dll" adapterTypeName="executor://xunit/VsTestRunner2/netcoreapp" className="ErrorMessages.TailCall Attribute" name="Warn for simple rec call in try-with" />
    </UnitTest>
    <UnitTest name="ErrorMessages.TailCall Attribute.Don't warn for piped arg in tailrec call" storage="/home/runner/work/fsharp/fsharp/artifacts/bin/fsharp.compiler.componenttests/release/net10.0/fsharp.compiler.componenttests.dll" id="74787e1c-a6dc-f8e0-95c0-dc04ac0ba63b">
      <Execution id="10086f92-2315-4019-a4c3-1ebf4cbad7cc" />
      <TestMethod codeBase="/home/runner/work/fsharp/fsharp/artifacts/bin/FSharp.Compiler.ComponentTests/Release/net10.0/FSharp.Compiler.ComponentTests.dll" adapterTypeName="executor://xunit/VsTestRunner2/netcoreapp" className="ErrorMessages.TailCall Attribute" name="Don't warn for piped arg in tailrec call" />
    </UnitTest>
[...]
    <TestEntry testId="96af492f-10db-9ba2-a1e1-2d4d8581da64" executionId="eff4be20-5608-4150-ba2c-72d7b0e0b77a" testListId="8c84fa94-04c1-424b-9868-57a2d4851a1d" />
    <TestEntry testId="312b4f15-fc23-4b9f-8fb4-eb93bace8504" executionId="039f52c8-e8cf-45e3-9e7f-46447ca40d8a" testListId="8c84fa94-04c1-424b-9868-57a2d4851a1d" />
    <TestEntry testId="97ba0c19-25d4-24f5-b9b9-0084d1150343" executionId="047f9f73-16d0-4c14-b12f-1a945efc05b6" testListId="8c84fa94-04c1-424b-9868-57a2d4851a1d" />
    <TestEntry testId="15c40399-a416-396c-43e3-c53da0a31089" executionId="c57c811c-bd20-4944-9916-379d0565e7e6" testListId="8c84fa94-04c1-424b-9868-57a2d4851a1d" />
    <TestEntry testId="5205c03c-3fcc-0916-9655-a49dbb17ca19" executionId="0e88274e-3c55-45d4-a943-f0119aa5052f" testListId="8c84fa94-04c1-424b-9868-57a2d4851a1d" />
    <TestEntry testId="a488c302-a557-f198-7708-f35c9fbf743a" executionId="abef7ae8-97ab-4477-a00b-d5cbec0d0c05" testListId="8c84fa94-04c1-424b-9868-57a2d4851a1d" />
    <TestEntry testId="df31f642-eca7-7748-8275-a5785161f781" executionId="6d62b0a1-18a8-4550-a9dc-1c79792589c2" testListId="8c84fa94-04c1-424b-9868-57a2d4851a1d" />
    <TestEntry testId="9dcdfaba-85f6-301e-db8b-fe3dfad76cdd" executionId="1f2b0757-38bb-4018-b8a3-c1ebd012c279" testListId="8c84fa94-04c1-424b-9868-57a2d4851a1d" />
    <TestEntry testId="63797907-9f3e-f622-0188-9330ac7cf14f" executionId="1f6a454f-f13e-4bf3-878a-06fa04eb1fb4" testListId="8c84fa94-04c1-424b-9868-57a2d4851a1d" />
    <TestEntry testId="ca884314-c7ec-f91d-ecd3-f6f004bc4c30" executionId="65fb188c-e5a7-4f6e-b413-0167d9d736e1" testListId="8c84fa94-04c1-424b-9868-57a2d4851a1d" />
    <TestEntry testId="b6083789-3c93-7617-8b00-37951134e792" executionId="8ab7cd4d-100e-43e2-b244-948deccb02d5" testListId="8c84fa94-04c1-424b-9868-57a2d4851a1d" />
    <TestEntry testId="f021c821-b4ad-3c0e-1493-f09c51083c1f" executionId="d6a52f8b-ace2-4780-8980-b749b7b918f7" testListId="8c84fa94-04c1-424b-9868-57a2d4851a1d" />
    <TestEntry testId="490839eb-f81d-260a-e018-5a4e5b86ec44" executionId="ded8e89f-dc28-466a-aca9-60dee88ab04b" testListId="8c84fa94-04c1-424b-9868-57a2d4851a1d" />
    <TestEntry testId="3c7ec6d4-5327-f710-0cf7-ad9e5d66c0b5" executionId="7cbda4f9-2706-4091-9a17-6c572ffc1766" testListId="8c84fa94-04c1-424b-9868-57a2d4851a1d" />
    <TestEntry testId="ce99c303-fcf4-2a4d-fba5-cbd3013c9e60" executionId="3f8c65a6-cd0a-4fd9-a796-21014ca754da" testListId="8c84fa94-04c1-424b-9868-57a2d4851a1d" />
    <TestEntry testId="d9744f19-2f06-c10e-bbad-17727f243253" executionId="a1a2d22f-bae1-4760-a97c-dd1d79b6a873" testListId="8c84fa94-04c1-424b-9868-57a2d4851a1d" />
    <TestEntry testId="0185c0df-c520-b94b-6c8c-b3513a2df4d5" executionId="cd2710e2-1f75-47f2-aa38-b6532dcbcc3a" testListId="8c84fa94-04c1-424b-9868-57a2d4851a1d" />
    <TestEntry testId="0e2a5abe-6aec-4037-9e3b-a9de60680a89" executionId="662a3f07-5a55-48ad-93fb-f5871b397ab0" testListId="8c84fa94-04c1-424b-9868-57a2d4851a1d" />
    <TestEntry testId="74787e1c-a6dc-f8e0-95c0-dc04ac0ba63b" executionId="10086f92-2315-4019-a4c3-1ebf4cbad7cc" testListId="8c84fa94-04c1-424b-9868-57a2d4851a1d" />
    <TestEntry testId="c01a7ee7-e787-0487-2f1b-714865246f8c" executionId="23b46ec9-a65a-4735-8b8d-3b58b738bc9a" testListId="8c84fa94-04c1-424b-9868-57a2d4851a1d" />
    <TestEntry testId="9227f6b3-8770-21c7-d697-1c364495ba39" executionId="e368aea1-f7c0-44d2-917f-399bf5c11124" testListId="8c84fa94-04c1-424b-9868-57a2d4851a1d" />
    <TestEntry testId="08521184-6ca6-32ac-9bb5-c3a868b77833" executionId="af0594e8-ed9b-4976-817a-9e71e7da1e68" testListId="8c84fa94-04c1-424b-9868-57a2d4851a1d" />
    <TestEntry testId="3ed65555-60a4-25bd-233c-bd791c859438" executionId="dbc9ce93-6f90-440a-bc92-266bd9ac4d4e" testListId="8c84fa94-04c1-424b-9868-57a2d4851a1d" />
    <TestEntry testId="6873a0f0-b5c7-da2d-08e8-5ddd33d68c53" executionId="d37ba86b-2cee-4e25-a1ba-41d069a8da8b" testListId="8c84fa94-04c1-424b-9868-57a2d4851a1d" />
    <TestEntry testId="a8c7e659-e0da-7101-783b-78f4ac1e7030" executionId="b2875af7-cebc-49a7-915e-32032271974d" testListId="8c84fa94-04c1-424b-9868-57a2d4851a1d" />
    <TestEntry testId="adadfb2c-3c64-4acc-8e42-f0f16ca8f944" executionId="18e88b24-1be0-456b-baf6-cad02bad7a5e" testListId="8c84fa94-04c1-424b-9868-57a2d4851a1d" />
    <TestEntry testId="b230f545-bbaf-92b0-b7fe-63945bd1860b" executionId="6edeb10d-5841-4731-8039-784f5a3415db" testListId="8c84fa94-04c1-424b-9868-57a2d4851a1d" />
    <TestEntry testId="14b20b06-8647-c2cb-2119-7f1cee370edd" executionId="91e765a2-0bcc-43d5-9be4-f305d900a066" testListId="8c84fa94-04c1-424b-9868-57a2d4851a1d" />
    <TestEntry testId="ba20cc8f-924c-0e38-9b24-6bc7603451d8" executionId="5087e3a2-374e-4d73-a240-adf285767dcf" testListId="8c84fa94-04c1-424b-9868-57a2d4851a1d" />
    <TestEntry testId="1c03aa5d-6495-51df-b2f0-66c0b6926ee7" executionId="77386027-80f5-40f5-981c-24c7c43b4418" testListId="8c84fa94-04c1-424b-9868-57a2d4851a1d" />
    <TestEntry testId="28b0353f-c18c-2199-83de-907e465b3f48" executionId="7004da84-5439-4f30-94e2-b1fd896978be" testListId="8c84fa94-04c1-424b-9868-57a2d4851a1d" />
    <TestEntry testId="2c09e37a-927d-d7c5-9e44-47378c58f2ad" executionId="9ea6b497-c687-4c2c-99b8-e3e7d5b91c48" testListId="8c84fa94-04c1-424b-9868-57a2d4851a1d" />
    <TestEntry testId="36ebdd16-6dc3-d33b-b8aa-0088d48cc520" executionId="c921e235-2586-4143-b2ae-84b62e541480" testListId="8c84fa94-04c1-424b-9868-57a2d4851a1d" />
    <TestEntry testId="66c529ba-6845-60f4-70e3-83d366ddea1a" executionId="f0f360ff-90cc-4a96-a814-6d04257393a2" testListId="8c84fa94-04c1-424b-9868-57a2d4851a1d" />
    <TestEntry testId="c3df20c6-2c01-2dd8-477d-f2c60f4716bc" executionId="89e20781-f736-4f3a-8681-32cd011c618c" testListId="8c84fa94-04c1-424b-9868-57a2d4851a1d" />
    <TestEntry testId="c1f22a72-1aa8-6009-aad2-325916656ed0" executionId="9dabda35-6a35-4c32-a6c4-1b922d819d47" testListId="8c84fa94-04c1-424b-9868-57a2d4851a1d" />
    <TestEntry testId="83b8c96b-3fa1-572a-7746-d3bf54dbac19" executionId="2b99f26a-c5c0-4337-b07c-5e09847333f1" testListId="8c84fa94-04c1-424b-9868-57a2d4851a1d" />
    <TestEntry testId="87cab25a-feea-c1f9-6da4-c355df8b11b3" executionId="3f40a7bc-7263-45e8-9d83-236ff519c5dc" testListId="8c84fa94-04c1-424b-9868-57a2d4851a1d" />
    <TestEntry testId="3c96ea49-d63f-4775-4f30-b4afa9135777" executionId="9c2b5273-4804-43f3-9474-c13e37bccd88" testListId="8c84fa94-04c1-424b-9868-57a2d4851a1d" />
    <TestEntry testId="bc756d22-cb17-474e-a02f-6ac9397349b9" executionId="5fc5dea6-2636-41ff-ad58-d52bf6dfcfa2" testListId="8c84fa94-04c1-424b-9868-57a2d4851a1d" />
  </TestEntries>
  <TestLists>
    <TestList name="Results Not in a List" id="8c84fa94-04c1-424b-9868-57a2d4851a1d" />
    <TestList name="All Loaded Results" id="19431567-8539-422a-85d7-44ee4e166bda" />
  </TestLists>
  <ResultSummary outcome="Failed">
    <Counters total="70" executed="70" passed="69" failed="1" error="0" timeout="0" aborted="0" inconclusive="0" passedButRunAborted="0" notRunnable="0" notExecuted="0" disconnected="0" warning="0" completed="0" inProgress="0" pending="0" />
    <Output>
      <StdOut>[xUnit.net 00:00:00.00] xUnit.net VSTest Adapter v2.8.2+699d445a1a (64-bit .NET 10.0.0-rc.1.25411.109)
Installing TestConsole redirection
---------------------------------------------------------------
Executables
CSC                      = /home/runner/.nuget/packages/microsoft.net.compilers/4.3.0-1.22220.8/tools/csc.exe
BUILD_CONFIG             = Release
csc_flags                = /nologo
FSC                      = /home/runner/work/fsharp/fsharp/tests/FSharp.Test.Utilities/../../artifacts/bin/fsc/Release/net10.0/fsc.dll
fsc_flags                = -r:System.Core.dll --nowarn:20 --define:COMPILED --preferreduilang:en-US
FSCOREDLLPATH            = /home/runner/work/fsharp/fsharp/tests/FSharp.Test.Utilities/../../artifacts/bin/FSharp.Core/Release/netstandard2.0/FSharp.Core.dll
FSI                      = /home/runner/work/fsharp/fsharp/tests/FSharp.Test.Utilities/../../artifacts/bin/fsi/Release/net10.0/fsi.dll
DotNetExe                = dotnet
DOTNET_MULTILEVEL_LOOKUP = 0
DOTNET_ROOT              = /usr/share/dotnet
FSI_FOR_SCRIPTS          = /home/runner/work/fsharp/fsharp/tests/FSharp.Test.Utilities/../../artifacts/bin/fsi/Release/net10.0/fsi.dll
fsi_flags                = -r:System.Core.dll --nowarn:20 --define:INTERACTIVE --maxerrors:1 --abortonerror --preferreduilang:en-US
ILDASM                   = /home/runner/.nuget/packages/runtime.linux-x64.microsoft.netcore.ildasm/5.0.0-preview.7.20364.11/runtimes/linux-x64/native/ildasm
PEVERIFY                 = ilverify
---------------------------------------------------------------
[xUnit.net 00:00:00.16]   Discovering: FSharp.Compiler.ComponentTests
[xUnit.net 00:00:01.14]   Discovered:  FSharp.Compiler.ComponentTests
[xUnit.net 00:00:01.15]   Starting:    FSharp.Compiler.ComponentTests
[xUnit.net 00:00:09.70]       
[xUnit.net 00:00:09.70]       ==
[xUnit.net 00:00:09.70]       Name: 'IL_0040:  ldc.i4.s   42'
[xUnit.net 00:00:09.70]       
[xUnit.net 00:00:09.70]       Expected:	 IL_0043:  call       void TailCall06::foo&lt;int32&gt;(int32,
[xUnit.net 00:00:09.70]       Actual:		 IL_0043:  tail.
[xUnit.net 00:00:09.70]       ==
[xUnit.net 00:00:09.70]       
[xUnit.net 00:00:09.70]       ==
[xUnit.net 00:00:09.70]       Name: 'IL_0040:  ldc.i4.s   42'
[xUnit.net 00:00:09.70]       
[xUnit.net 00:00:09.70]       Expected:	 !!0)
[xUnit.net 00:00:09.70]       Actual:		 IL_0045:  call       void TailCall06::foo&lt;int32&gt;(int32,
[xUnit.net 00:00:09.70]       ==
[xUnit.net 00:00:09.70]       
[xUnit.net 00:00:09.70]       ==
[xUnit.net 00:00:09.70]       Name: 'IL_0040:  ldc.i4.s   42'
[xUnit.net 00:00:09.70]       
[xUnit.net 00:00:09.70]       Expected:	 IL_0048:  nop
[xUnit.net 00:00:09.70]       Actual:		 !!0)
[xUnit.net 00:00:09.70]       ==
[xUnit.net 00:00:09.70]       
[xUnit.net 00:00:09.70]       ==
[xUnit.net 00:00:09.70]       Name: 'IL_0040:  ldc.i4.s   42'
[xUnit.net 00:00:09.70]       
[xUnit.net 00:00:09.70]       Expected:	 IL_0049:  ldc.i4.0
[xUnit.net 00:00:09.70]       Actual:		 IL_004a:  ret
[xUnit.net 00:00:09.70]       ==
[xUnit.net 00:00:09.70]       
[xUnit.net 00:00:09.70]       \Expected:
[xUnit.net 00:00:09.70]       IL_0040:  ldc.i4.s   42
[xUnit.net 00:00:09.70]           IL_0042:  ldc.i4.5
[xUnit.net 00:00:09.70]           IL_0043:  call       void TailCall06::foo&lt;int32&gt;(int32,
[xUnit.net 00:00:09.70]                                                            !!0)
[xUnit.net 00:00:09.70]           IL_0048:  nop
[xUnit.net 00:00:09.70]           IL_0049:  ldc.i4.0
[xUnit.net 00:00:09.70]       
[xUnit.net 00:00:09.70]       
[xUnit.net 00:00:09.70]       
[xUnit.net 00:00:09.70]       Actual:
[xUnit.net 00:00:09.70]       IL_0040:  ldc.i4.s   42
[xUnit.net 00:00:09.70]           IL_0042:  ldc.i4.5
[xUnit.net 00:00:09.70]           IL_0043:  tail.
[xUnit.net 00:00:09.70]           IL_0045:  call       void TailCall06::foo&lt;int32&gt;(int32,
[xUnit.net 00:00:09.70]                                                            !!0)
[xUnit.net 00:00:09.70]           IL_004a:  ret
[xUnit.net 00:00:09.70]       
[xUnit.net 00:00:09.70]       
[xUnit.net 00:00:09.70]       Entire actual:
[xUnit.net 00:00:09.70]       
[xUnit.net 00:00:09.70]       
[xUnit.net 00:00:09.70]       
[xUnit.net 00:00:09.70]       
[xUnit.net 00:00:09.70]       
[xUnit.net 00:00:09.70]       .assembly extern runtime { }
[xUnit.net 00:00:09.70]       .assembly extern FSharp.Core { }
[xUnit.net 00:00:09.70]       .assembly assembly
[xUnit.net 00:00:09.70]       {
[xUnit.net 00:00:09.70]         .custom instance void [FSharp.Core]Microsoft.FSharp.Core.FSharpInterfaceDataVersionAttribute::.ctor(int32,
[xUnit.net 00:00:09.70]                                                                                                             int32,
[xUnit.net 00:00:09.70]                                                                                                             int32) = ( 01 00 02 00 00 00 00 00 00 00 00 00 00 00 00 00 ) 
[xUnit.net 00:00:09.70]       
[xUnit.net 00:00:09.70]         
[xUnit.net 00:00:09.70]         
[xUnit.net 00:00:09.70]       
[xUnit.net 00:00:09.70]         .hash algorithm 0x00008004
[xUnit.net 00:00:09.70]         .ver 0:0:0:0
[xUnit.net 00:00:09.70]       }
[xUnit.net 00:00:09.70]       .module assembly.dll
[xUnit.net 00:00:09.70]       
[xUnit.net 00:00:09.70]       .imagebase {value}
[xUnit.net 00:00:09.70]       .file alignment 0x00000200
[xUnit.net 00:00:09.70]       .stackreserve 0x00100000
[xUnit.net 00:00:09.70]       .subsystem 0x0003       
[xUnit.net 00:00:09.70]       .corflags 0x00000001    
[xUnit.net 00:00:09.70]       
[xUnit.net 00:00:09.70]       
[xUnit.net 00:00:09.70]       
[xUnit.net 00:00:09.70]       
[xUnit.net 00:00:09.70]       
[xUnit.net 00:00:09.70]       .class public abstract auto ansi sealed TailCall06
[xUnit.net 00:00:09.70]              extends [runtime]System.Object
[xUnit.net 00:00:09.70]       {
[xUnit.net 00:00:09.70]         .custom instance void [FSharp.Core]Microsoft.FSharp.Core.CompilationMappingAttribute::.ctor(valuetype [FSharp.Core]Microsoft.FSharp.Core.SourceConstructFlags) = ( 01 00 07 00 00 00 00 00 ) 
[xUnit.net 00:00:09.70]         .method public static void  foo&lt;a&gt;(int32 x,
[xUnit.net 00:00:09.70]                                            !!a y) cil managed
[xUnit.net 00:00:09.70]         {
[xUnit.net 00:00:09.70]           
[xUnit.net 00:00:09.70]           .maxstack  8
[xUnit.net 00:00:09.70]           IL_0000:  ldstr      "%d"
[xUnit.net 00:00:09.70]           IL_0005:  newobj     instance void class [FSharp.Core]Microsoft.FSharp.Core.PrintfFormat`5&lt;class [FSharp.Core]Microsoft.FSharp.Core.FSharpFunc`2&lt;int32,class [FSharp.Core]Microsoft.FSharp.Core.Unit&gt;,class [runtime]System.IO.TextWriter,class [FSharp.Core]Microsoft.FSharp.Core.Unit,class [FSharp.Core]Microsoft.FSharp.Core.Unit,int32&gt;::.ctor(string)
[xUnit.net 00:00:09.70]           IL_000a:  call       !!0 [FSharp.Core]Microsoft.FSharp.Core.ExtraTopLevelOperators::PrintFormatLine&lt;class [FSharp.Core]Microsoft.FSharp.Core.FSharpFunc`2&lt;int32,class [FSharp.Core]Microsoft.FSharp.Core.Unit&gt;&gt;(class [FSharp.Core]Microsoft.FSharp.Core.PrintfFormat`4&lt;!!0,class [runtime]System.IO.TextWriter,class [FSharp.Core]Microsoft.FSharp.Core.Unit,class [FSharp.Core]Microsoft.FSharp.Core.Unit&gt;)
[xUnit.net 00:00:09.70]           IL_000f:  ldarg.0
[xUnit.net 00:00:09.70]           IL_0010:  callvirt   instance !1 class [FSharp.Core]Microsoft.FSharp.Core.FSharpFunc`2&lt;int32,class [FSharp.Core]Microsoft.FSharp.Core.Unit&gt;::Invoke(!0)
[xUnit.net 00:00:09.70]           IL_0015:  pop
[xUnit.net 00:00:09.70]           IL_0016:  ret
[xUnit.net 00:00:09.70]         } 
[xUnit.net 00:00:09.70]       
[xUnit.net 00:00:09.70]         .method public static void  run() cil managed
[xUnit.net 00:00:09.70]         {
[xUnit.net 00:00:09.70]           
[xUnit.net 00:00:09.70]           .maxstack  6
[xUnit.net 00:00:09.70]           .locals init (native int V_0,
[xUnit.net 00:00:09.70]                    int32[] V_1,
[xUnit.net 00:00:09.71]                    int32&amp; pinned V_2)
[xUnit.net 00:00:09.71]           IL_0000:  ldc.i4.3
[xUnit.net 00:00:09.71]           IL_0001:  newarr     [runtime]System.Int32
[xUnit.net 00:00:09.71]           IL_0006:  dup
[xUnit.net 00:00:09.71]           IL_0007:  ldc.i4.0
[xUnit.net 00:00:09.71]           IL_0008:  ldc.i4.1
[xUnit.net 00:00:09.71]           IL_0009:  stelem     [runtime]System.Int32
[xUnit.net 00:00:09.71]           IL_000e:  dup
[xUnit.net 00:00:09.71]           IL_000f:  ldc.i4.1
[xUnit.net 00:00:09.71]           IL_0010:  ldc.i4.2
[xUnit.net 00:00:09.71]           IL_0011:  stelem     [runtime]System.Int32
[xUnit.net 00:00:09.71]           IL_0016:  dup
[xUnit.net 00:00:09.71]           IL_0017:  ldc.i4.2
[xUnit.net 00:00:09.71]           IL_0018:  ldc.i4.3
[xUnit.net 00:00:09.71]           IL_0019:  stelem     [runtime]System.Int32
[xUnit.net 00:00:09.71]           IL_001e:  stloc.1
[xUnit.net 00:00:09.71]           IL_001f:  ldloc.1
[xUnit.net 00:00:09.71]           IL_0020:  brfalse.s  IL_003c
[xUnit.net 00:00:09.71]       
[xUnit.net 00:00:09.71]           IL_0022:  ldloc.1
[xUnit.net 00:00:09.71]           IL_0023:  call       int32 [FSharp.Core]Microsoft.FSharp.Collections.ArrayModule::Length&lt;int32&gt;(!!0[])
[xUnit.net 00:00:09.71]           IL_0028:  brfalse.s  IL_0037
[xUnit.net 00:00:09.71]       
[xUnit.net 00:00:09.71]           IL_002a:  ldloc.1
[xUnit.net 00:00:09.71]           IL_002b:  ldc.i4.0
[xUnit.net 00:00:09.71]           IL_002c:  ldelema    [runtime]System.Int32
[xUnit.net 00:00:09.71]           IL_0031:  stloc.2
[xUnit.net 00:00:09.71]           IL_0032:  ldloc.2
[xUnit.net 00:00:09.71]           IL_0033:  conv.i
[xUnit.net 00:00:09.71]           IL_0034:  nop
[xUnit.net 00:00:09.71]           IL_0035:  br.s       IL_003f
[xUnit.net 00:00:09.71]       
[xUnit.net 00:00:09.71]           IL_0037:  ldc.i4.0
[xUnit.net 00:00:09.71]           IL_0038:  conv.i
[xUnit.net 00:00:09.71]           IL_0039:  nop
[xUnit.net 00:00:09.71]           IL_003a:  br.s       IL_003f
[xUnit.net 00:00:09.71]       
[xUnit.net 00:00:09.71]           IL_003c:  ldc.i4.0
[xUnit.net 00:00:09.71]           IL_003d:  conv.i
[xUnit.net 00:00:09.71]           IL_003e:  nop
[xUnit.net 00:00:09.71]           IL_003f:  stloc.0
[xUnit.net 00:00:09.71]           IL_0040:  ldc.i4.s   42
[xUnit.net 00:00:09.71]           IL_0042:  ldc.i4.5
[xUnit.net 00:00:09.71]           IL_0043:  tail.
[xUnit.net 00:00:09.71]           IL_0045:  call       void TailCall06::foo&lt;int32&gt;(int32,
[xUnit.net 00:00:09.71]                                                            !!0)
[xUnit.net 00:00:09.71]           IL_004a:  ret
[xUnit.net 00:00:09.71]         } 
[xUnit.net 00:00:09.71]       
[xUnit.net 00:00:09.71]       } 
[xUnit.net 00:00:09.71]       
[xUnit.net 00:00:09.71]       .class private abstract auto ansi sealed '&lt;StartupCode$assembly&gt;'.$TailCall06
[xUnit.net 00:00:09.71]              extends [runtime]System.Object
[xUnit.net 00:00:09.71]       {
[xUnit.net 00:00:09.71]       } 
[xUnit.net 00:00:09.71]       
[xUnit.net 00:00:09.71]       
[xUnit.net 00:00:09.71]       
[xUnit.net 00:00:09.71]       
[xUnit.net 00:00:09.71]       
[xUnit.net 00:00:09.71]       
[xUnit.net 00:00:09.71]       Stack Trace:
[xUnit.net 00:00:09.72]         /home/runner/work/fsharp/fsharp/tests/FSharp.Test.Utilities/ILChecker.fs(184,0): at FSharp.Test.ILChecker.checkILAux(IEnumerable`1 ildasmArgs, String dllFilePath, FSharpList`1 expectedIL)
[xUnit.net 00:00:09.72]         /home/runner/work/fsharp/fsharp/tests/FSharp.Test.Utilities/ILChecker.fs(192,0): at FSharp.Test.ILChecker.checkIL(String dllFilePath, FSharpList`1 expectedIL)
[xUnit.net 00:00:09.72]            at FSharp.Test.Compiler.verifyIL@1374.Invoke(String dllFilePath, FSharpList`1 expectedIL)
[xUnit.net 00:00:09.72]         /home/runner/work/fsharp/fsharp/tests/FSharp.Compiler.ComponentTests/EmittedIL/TailCalls.fs(249,0): at EmittedIL.Tail Calls.TailCall 06 - No tail call with pinned locals()
[xUnit.net 00:00:09.72]            at System.Reflection.MethodBaseInvoker.InterpretedInvoke_Method(Object obj, IntPtr* args)
[xUnit.net 00:00:09.72]            at System.Reflection.RuntimeMethodInfo.Invoke(Object obj, BindingFlags invokeAttr, Binder binder, Object[] parameters, CultureInfo culture)
[xUnit.net 00:00:16.90]   Finished:    FSharp.Compiler.ComponentTests
</StdOut>
    </Output>
    <RunInfos>
      <RunInfo computerName="pkrvm7jw40e0xgp" outcome="Error" timestamp="2025-09-08T16:31:57.1710168+00:00">
        <Text>[xUnit.net 00:00:09.70]     EmittedIL.Tail Calls.TailCall 06 - No tail call with pinned locals [FAIL]</Text>
      </RunInfo>
    </RunInfos>
  </ResultSummary>
</TestRun>